D:\cocos_pristine\cocos2d-python\docgen\api\cocos.audio.SDL.darwin.txt:4: WARNING: autodoc: failed to import module u'cocos.audio.SDL.darwin'; the following exception was raised:
Traceback (most recent call last):
  File "C:\Python27\lib\site-packages\sphinx-1.3.1-py2.7.egg\sphinx\ext\autodoc.py", line 385, in import_object
    __import__(self.modname)
  File "D:\cocos_pristine\cocos2d-python\cocos\audio\SDL\darwin.py", line 18, in <module>
    from Foundation import *
ImportError: No module named Foundation
D:\cocos_pristine\cocos2d-python\cocos\audio\SDL\rwops.py:docstring of cocos.audio.SDL.rwops.SDL_RWFromConstMem:3: ERROR: Unexpected indentation.
D:\cocos_pristine\cocos2d-python\cocos\audio\SDL\rwops.py:docstring of cocos.audio.SDL.rwops.SDL_RWFromConstMem:6: WARNING: Field list ends without a blank line; unexpected unindent.
D:\cocos_pristine\cocos2d-python\cocos\audio\SDL\rwops.py:docstring of cocos.audio.SDL.rwops.SDL_RWFromConstMem:17: WARNING: Field list ends without a blank line; unexpected unindent.
D:\cocos_pristine\cocos2d-python\docgen\api\cocos.audio.SDL.sound.txt:4: WARNING: autodoc: failed to import module u'cocos.audio.SDL.sound'; the following exception was raised:
Traceback (most recent call last):
  File "C:\Python27\lib\site-packages\sphinx-1.3.1-py2.7.egg\sphinx\ext\autodoc.py", line 385, in import_object
    __import__(self.modname)
  File "D:\cocos_pristine\cocos2d-python\cocos\audio\SDL\sound.py", line 47, in <module>
    _dll = SDL.dll.SDL_DLL('SDL_sound', None, '1.2')
  File "D:\cocos_pristine\cocos2d-python\cocos\audio\SDL\dll.py", line 63, in __init__
    library_name))
ImportError: Dynamic library "SDL_sound" was not found
D:\cocos_pristine\cocos2d-python\docgen\api\modules.txt:: WARNING: document isn't included in any toctree
WARNING: html_static_path entry u'D:\\cocos_pristine\\cocos2d-python\\docgen\\_static' does not exist
