> openssl req -nodes -new -batch -subj /O=Flumotion Services S.A./O=http:\/\/www.flumotion.net\/feat/OU=Feat Core Team/CN=Feat Development Root CA/emailAddress=coreteam@flumotion.com/L=Barcelona/ST=Spain/C=ES -keyout /home/projects/messy/tools/PKI/root_ca/private/root_ca_private_key.pem -out /home/projects/messy/tools/PKI/root_ca/root_ca_public_key_req.pem
Generating a 2048 bit RSA private key
...........................................+++
..........................................+++
writing new private key to '/home/projects/messy/tools/PKI/root_ca/private/root_ca_private_key.pem'
-----
> openssl ca -create_serial -batch -selfsign -out /home/projects/messy/tools/PKI/root_ca/root_ca_public_cert.pem -days 5840 -keyfile /home/projects/messy/tools/PKI/root_ca/private/root_ca_private_key.pem -extensions v3_ca -infiles /home/projects/messy/tools/PKI/root_ca/root_ca_public_key_req.pem
Using configuration from /home/projects/messy/tools/PKI/config/root_ca.cnf
Check that the request matches the signature
Signature ok
Certificate Details:
        Serial Number:
            ed:ba:71:7d:c2:1f:61:03
        Validity
            Not Before: Mar 14 11:21:24 2012 GMT
            Not After : Mar 10 11:21:24 2028 GMT
        Subject:
            organizationName          = Flumotion Services S.A.
            organizationName          = http://www.flumotion.net/feat
            organizationalUnitName    = Feat Core Team
            commonName                = Feat Development Root CA
            emailAddress              = coreteam@flumotion.com
            localityName              = Barcelona
            stateOrProvinceName       = Spain
            countryName               = ES
        X509v3 extensions:
            X509v3 Basic Constraints: 
                CA:TRUE
            X509v3 Key Usage: critical
                Certificate Sign, CRL Sign
            X509v3 Subject Key Identifier: 
                3B:B4:71:68:47:C3:96:46:81:BB:35:B7:BD:A5:26:AB:CF:51:87:68
            X509v3 Authority Key Identifier: 
                keyid:3B:B4:71:68:47:C3:96:46:81:BB:35:B7:BD:A5:26:AB:CF:51:87:68
                DirName:/O=Flumotion Services S.A./O=http://www.flumotion.net/feat/OU=Feat Core Team/CN=Feat Development Root CA/emailAddress=coreteam@flumotion.com/L=Barcelona/ST=Spain/C=ES
                serial:ED:BA:71:7D:C2:1F:61:03

            Authority Information Access: 
                CA Issuers - URI:http://www.flumotion.net/feat/dev_ca/cainfo.html

            X509v3 CRL Distribution Points: 
                URI:http://www.flumotion.net/feat/dev_crl/root_ca.crl

            X509v3 Certificate Policies: 
                Policy: Feat-CPS
                  CPS: http://www.flumotion.net/feat/dev_ca/feat_cps.html
                  User Notice:
                    Explicit Text: Flumotion Services S.A. Development Certification Practice Statement

Certificate is to be certified until Mar 10 11:21:24 2028 GMT (5840 days)

Write out database with 1 new entries
Data Base Updated
> openssl x509 -in /home/projects/messy/tools/PKI/root_ca/root_ca_public_cert.pem -out /home/projects/messy/tools/PKI/root_ca/root_ca_public_cert.der -outform DER
> openssl req -nodes -new -batch -subj /O=Flumotion Services S.A./O=http:\/\/www.flumotion.net\/feat/OU=Feat Core Team/CN=Feat Development Root CA/emailAddress=coreteam@flumotion.com/L=Barcelona/ST=Spain/C=ES -keyout /home/projects/messy/tools/PKI/root_ca/private/root_ca_private_key.pem -out /home/projects/messy/tools/PKI/root_ca/root_ca_public_key_req.pem
Generating a 2048 bit RSA private key
....................................................................................................................................+++
............+++
writing new private key to '/home/projects/messy/tools/PKI/root_ca/private/root_ca_private_key.pem'
-----
> openssl ca -create_serial -batch -selfsign -out /home/projects/messy/tools/PKI/root_ca/root_ca_public_cert.pem -days 5840 -keyfile /home/projects/messy/tools/PKI/root_ca/private/root_ca_private_key.pem -extensions v3_ca -infiles /home/projects/messy/tools/PKI/root_ca/root_ca_public_key_req.pem
Using configuration from /home/projects/messy/tools/PKI/config/root_ca.cnf
Check that the request matches the signature
Signature ok
Certificate Details:
        Serial Number:
            83:20:1d:45:45:5a:da:e8
        Validity
            Not Before: Mar 14 11:22:27 2012 GMT
            Not After : Mar 10 11:22:27 2028 GMT
        Subject:
            organizationName          = Flumotion Services S.A.
            organizationName          = http://www.flumotion.net/feat
            organizationalUnitName    = Feat Core Team
            commonName                = Feat Development Root CA
            emailAddress              = coreteam@flumotion.com
            localityName              = Barcelona
            stateOrProvinceName       = Spain
            countryName               = ES
        X509v3 extensions:
            X509v3 Basic Constraints: 
                CA:TRUE
            X509v3 Key Usage: critical
                Certificate Sign, CRL Sign
            X509v3 Subject Key Identifier: 
                7C:19:05:B5:44:3E:9E:D2:B6:7C:27:4C:4F:D5:F2:CE:38:B5:D9:DA
            X509v3 Authority Key Identifier: 
                keyid:7C:19:05:B5:44:3E:9E:D2:B6:7C:27:4C:4F:D5:F2:CE:38:B5:D9:DA
                DirName:/O=Flumotion Services S.A./O=http://www.flumotion.net/feat/OU=Feat Core Team/CN=Feat Development Root CA/emailAddress=coreteam@flumotion.com/L=Barcelona/ST=Spain/C=ES
                serial:83:20:1D:45:45:5A:DA:E8

            Authority Information Access: 
                CA Issuers - URI:http://www.flumotion.net/feat/dev_ca/cainfo.html

            X509v3 CRL Distribution Points: 
                URI:http://www.flumotion.net/feat/dev_crl/root_ca.crl

            X509v3 Certificate Policies: 
                Policy: Feat-CPS
                  CPS: http://www.flumotion.net/feat/dev_ca/feat_cps.html
                  User Notice:
                    Explicit Text: Flumotion Services S.A. Development Certification Practice Statement

Certificate is to be certified until Mar 10 11:22:27 2028 GMT (5840 days)

Write out database with 1 new entries
Data Base Updated
> openssl x509 -in /home/projects/messy/tools/PKI/root_ca/root_ca_public_cert.pem -out /home/projects/messy/tools/PKI/root_ca/root_ca_public_cert.der -outform DER
> openssl req -nodes -new -batch -subj /O=/O=/OU=/CN=/emailAddress=/L=/ST=/C= -keyout /home/projects/messy/tools/PKI/root_ca/private/root_ca_private_key.pem -out /home/projects/messy/tools/PKI/root_ca/root_ca_public_key_req.pem
Unable to load config info from /home/projects/messy/tools/PKI/config/default_ca.cnf
> openssl req -nodes -new -batch -subj /O=Flumotion Services S.A./O=https:\/\/github.com\/f3at\/feat/OU=Feat Core Team/CN=Feat Development Root CA/emailAddress=kowalski0123@gmail.com/L=Barcelona/ST=Spain/C=ES -keyout /home/projects/messy/tools/PKI/root_ca/private/root_ca_private_key.pem -out /home/projects/messy/tools/PKI/root_ca/root_ca_public_key_req.pem
Generating a 2048 bit RSA private key
....................................+++
.............................................................+++
writing new private key to '/home/projects/messy/tools/PKI/root_ca/private/root_ca_private_key.pem'
-----
> openssl ca -create_serial -batch -selfsign -out /home/projects/messy/tools/PKI/root_ca/root_ca_public_cert.pem -days 5840 -keyfile /home/projects/messy/tools/PKI/root_ca/private/root_ca_private_key.pem -extensions v3_ca -infiles /home/projects/messy/tools/PKI/root_ca/root_ca_public_key_req.pem
Using configuration from /home/projects/messy/tools/PKI/config/root_ca.cnf
Check that the request matches the signature
Signature ok
Certificate Details:
        Serial Number:
            c7:cb:ad:e7:38:7d:ea:1a
        Validity
            Not Before: Mar 14 11:27:38 2012 GMT
            Not After : Mar 10 11:27:38 2028 GMT
        Subject:
            organizationName          = Flumotion Services S.A.
            organizationName          = https://github.com/f3at/feat
            organizationalUnitName    = Feat Core Team
            commonName                = Feat Development Root CA
            emailAddress              = kowalski0123@gmail.com
            localityName              = Barcelona
            stateOrProvinceName       = Spain
            countryName               = ES
        X509v3 extensions:
            X509v3 Basic Constraints: 
                CA:TRUE
            X509v3 Key Usage: critical
                Certificate Sign, CRL Sign
            X509v3 Subject Key Identifier: 
                20:86:90:FC:C8:6D:2A:D5:4F:93:06:9B:31:40:29:30:27:4A:02:08
            X509v3 Authority Key Identifier: 
                keyid:20:86:90:FC:C8:6D:2A:D5:4F:93:06:9B:31:40:29:30:27:4A:02:08
                DirName:/O=Flumotion Services S.A./O=https://github.com/f3at/feat/OU=Feat Core Team/CN=Feat Development Root CA/emailAddress=kowalski0123@gmail.com/L=Barcelona/ST=Spain/C=ES
                serial:C7:CB:AD:E7:38:7D:EA:1A

            Authority Information Access: 
                CA Issuers - URI:https://github.com/f3at/feat/dev_ca/cainfo.html

            X509v3 CRL Distribution Points: 
                URI:https://github.com/f3at/feat/dev_crl/root_ca.crl

            X509v3 Certificate Policies: 
                Policy: Feat-CPS
                  CPS: https://github.com/f3at/feat/dev_ca/feat_cps.html
                  User Notice:
                    Explicit Text: Flumotion Services S.A. Development Certification Practice Statement

Certificate is to be certified until Mar 10 11:27:38 2028 GMT (5840 days)

Write out database with 1 new entries
Data Base Updated
> openssl x509 -in /home/projects/messy/tools/PKI/root_ca/root_ca_public_cert.pem -out /home/projects/messy/tools/PKI/root_ca/root_ca_public_cert.der -outform DER
> openssl req -new -nodes -batch -subj /O=Flumotion Services S.A./O=https:\/\/github.com\/f3at\/feat/OU=Feat Core Team/CN=Feat Development Tunneling CA/emailAddress=kowalski0123@gmail.com/L=Barcelona/ST=Spain/C=ES -keyout /home/projects/messy/tools/PKI/root_ca/private/tunneling_ca_private_key.pem -out /home/projects/messy/tools/PKI/root_ca/request/tunneling_ca_public_key_req.pem
Generating a 2048 bit RSA private key
..+++
.+++
writing new private key to '/home/projects/messy/tools/PKI/root_ca/private/tunneling_ca_private_key.pem'
-----
> openssl ca -batch -policy policy_anything -out /home/projects/messy/tools/PKI/root_ca/certs/tunneling_ca_public_cert.pem -infiles /home/projects/messy/tools/PKI/root_ca/request/tunneling_ca_public_key_req.pem
Using configuration from /home/projects/messy/tools/PKI/config/root_ca.cnf
Check that the request matches the signature
Signature ok
Certificate Details:
        Serial Number:
            c7:cb:ad:e7:38:7d:ea:1b
        Validity
            Not Before: Mar 14 11:27:43 2012 GMT
            Not After : Mar 12 11:27:43 2020 GMT
        Subject:
            organizationName          = Flumotion Services S.A.
            organizationName          = https://github.com/f3at/feat
            organizationalUnitName    = Feat Core Team
            commonName                = Feat Development Tunneling CA
            emailAddress              = kowalski0123@gmail.com
            localityName              = Barcelona
            stateOrProvinceName       = Spain
            countryName               = ES
        X509v3 extensions:
            X509v3 Basic Constraints: 
                CA:TRUE
            X509v3 Key Usage: critical
                Certificate Sign, CRL Sign
            X509v3 Subject Key Identifier: 
                28:39:60:5C:AB:84:C7:C3:A3:BF:3D:2F:5C:2D:78:8D:29:FA:B2:7C
            X509v3 Authority Key Identifier: 
                keyid:20:86:90:FC:C8:6D:2A:D5:4F:93:06:9B:31:40:29:30:27:4A:02:08

            Authority Information Access: 
                CA Issuers - URI:https://github.com/f3at/feat/dev_ca/cainfo.html

            X509v3 CRL Distribution Points: 
                URI:https://github.com/f3at/feat/dev_crl/root_ca.crl

            X509v3 Certificate Policies: 
                Policy: Feat-CPS
                  CPS: https://github.com/f3at/feat/dev_ca/feat_cps.html
                  User Notice:
                    Explicit Text: Flumotion Services S.A. Development Certification Practice Statement
                Policy: Feat-CA-Cert
                  User Notice:
                    Explicit Text: Flumotion Services S.A. Development CA Certificate Policy

Certificate is to be certified until Mar 12 11:27:43 2020 GMT (2920 days)

Write out database with 1 new entries
Data Base Updated
> openssl x509 -in /home/projects/messy/tools/PKI/root_ca/certs/tunneling_ca_public_cert.pem -out /home/projects/messy/tools/PKI/root_ca/certs/tunneling_ca_public_cert.der -outform DER
> openssl req -config /home/projects/messy/tools/PKI/config/ssl_server_req.cnf -new -nodes -batch -subj /O=Flumotion Services S.A./O=https:\/\/github.com\/f3at\/feat/OU=Feat Core Team/CN=*.feat.lan/emailAddress=kowalski0123@gmail.com/L=Barcelona/ST=Spain/C=ES -keyout /home/projects/messy/tools/PKI/tunneling_ca/private/tunneling_private_key.pem -out /home/projects/messy/tools/PKI/tunneling_ca/request/tunneling_public_key_req.pem
Generating a 1024 bit RSA private key
.................++++++
.................................................................................++++++
writing new private key to '/home/projects/messy/tools/PKI/tunneling_ca/private/tunneling_private_key.pem'
-----
> openssl ca -policy policy_anything -batch -out /home/projects/messy/tools/PKI/tunneling_ca/certs/tunneling_public_cert.pem -extfile /home/projects/messy/tools/PKI/config/ssl_server_cert.ext -infiles /home/projects/messy/tools/PKI/tunneling_ca/request/tunneling_public_key_req.pem
Using configuration from /home/projects/messy/tools/PKI/config/default_ca.cnf
Check that the request matches the signature
Signature ok
Certificate Details:
        Serial Number:
            81:e2:2c:99:3e:f6:ab:19
        Validity
            Not Before: Mar 14 11:28:06 2012 GMT
            Not After : Mar 12 11:28:06 2020 GMT
        Subject:
            organizationName          = Flumotion Services S.A.
            organizationName          = https://github.com/f3at/feat
            organizationalUnitName    = Feat Core Team
            commonName                = *.feat.lan
            emailAddress              = kowalski0123@gmail.com
            localityName              = Barcelona
            stateOrProvinceName       = Spain
            countryName               = ES
        X509v3 extensions:
            X509v3 Basic Constraints: 
                CA:FALSE
            Netscape Comment: 
                SSL Server Certificate
            X509v3 Key Usage: critical
                Digital Signature, Key Encipherment
            X509v3 Extended Key Usage: 
                TLS Web Server Authentication, TLS Web Client Authentication, Microsoft Server Gated Crypto, Netscape Server Gated Crypto
            Netscape Cert Type: 
                SSL Client, SSL Server
            X509v3 Subject Key Identifier: 
                D3:1C:91:A4:CA:81:96:1D:91:D3:98:56:34:2B:75:A4:AF:CC:5B:BC
            X509v3 Authority Key Identifier: 
                keyid:28:39:60:5C:AB:84:C7:C3:A3:BF:3D:2F:5C:2D:78:8D:29:FA:B2:7C
                DirName:/O=Flumotion Services S.A./O=https://github.com/f3at/feat/OU=Feat Core Team/CN=Feat Development Root CA/emailAddress=kowalski0123@gmail.com/L=Barcelona/ST=Spain/C=ES
                serial:C7:CB:AD:E7:38:7D:EA:1B

            Authority Information Access: 
                CA Issuers - URI:https://github.com/f3at/feat/dev_ca/cainfo.html

            X509v3 CRL Distribution Points: 
                URI:https://github.com/f3at/feat/dev_crl/issuing_ca.crl

            X509v3 Certificate Policies: 
                Policy: Feat-CPS
                  CPS: https://github.com/f3at/feat/dev_ca/feat_cps.html
                  User Notice:
                    Explicit Text: Flumotion Services S.A. Certification Practice Statement
                Policy: Feat-TLS-WEB-Cert
                  User Notice:
                    Explicit Text: Flumotion Services S.A. Secure Communications Web Server Certificate Policy

Certificate is to be certified until Mar 12 11:28:06 2020 GMT (2920 days)

Write out database with 1 new entries
Data Base Updated
> openssl pkcs12 -export -passout pass: -in /home/projects/messy/tools/PKI/tunneling_ca/certs/tunneling_public_cert.pem -inkey /home/projects/messy/tools/PKI/tunneling_ca/private/tunneling_private_key.pem -certfile /home/projects/messy/tools/PKI/tunneling_ca/global_ca_public_cert.pem -name tunneling -out /home/projects/messy/tools/PKI/tunneling_ca/certs/tunneling.p12
> openssl req -new -nodes -batch -subj /O=Flumotion Services S.A./O=https:\/\/github.com\/f3at\/feat/OU=Feat Core Team/CN=Feat Development Gateway CA/emailAddress=kowalski0123@gmail.com/L=Barcelona/ST=Spain/C=ES -keyout /home/projects/messy/tools/PKI/root_ca/private/gateway_ca_private_key.pem -out /home/projects/messy/tools/PKI/root_ca/request/gateway_ca_public_key_req.pem
Generating a 2048 bit RSA private key
.......................+++
........................................................+++
writing new private key to '/home/projects/messy/tools/PKI/root_ca/private/gateway_ca_private_key.pem'
-----
> openssl ca -batch -policy policy_anything -out /home/projects/messy/tools/PKI/root_ca/certs/gateway_ca_public_cert.pem -infiles /home/projects/messy/tools/PKI/root_ca/request/gateway_ca_public_key_req.pem
Using configuration from /home/projects/messy/tools/PKI/config/root_ca.cnf
Check that the request matches the signature
Signature ok
Certificate Details:
        Serial Number:
            c7:cb:ad:e7:38:7d:ea:1c
        Validity
            Not Before: Mar 14 11:28:12 2012 GMT
            Not After : Mar 12 11:28:12 2020 GMT
        Subject:
            organizationName          = Flumotion Services S.A.
            organizationName          = https://github.com/f3at/feat
            organizationalUnitName    = Feat Core Team
            commonName                = Feat Development Gateway CA
            emailAddress              = kowalski0123@gmail.com
            localityName              = Barcelona
            stateOrProvinceName       = Spain
            countryName               = ES
        X509v3 extensions:
            X509v3 Basic Constraints: 
                CA:TRUE
            X509v3 Key Usage: critical
                Certificate Sign, CRL Sign
            X509v3 Subject Key Identifier: 
                EB:1F:C2:B0:2F:06:41:F8:9F:C2:9C:10:96:07:39:51:E0:40:71:EA
            X509v3 Authority Key Identifier: 
                keyid:20:86:90:FC:C8:6D:2A:D5:4F:93:06:9B:31:40:29:30:27:4A:02:08

            Authority Information Access: 
                CA Issuers - URI:https://github.com/f3at/feat/dev_ca/cainfo.html

            X509v3 CRL Distribution Points: 
                URI:https://github.com/f3at/feat/dev_crl/root_ca.crl

            X509v3 Certificate Policies: 
                Policy: Feat-CPS
                  CPS: https://github.com/f3at/feat/dev_ca/feat_cps.html
                  User Notice:
                    Explicit Text: Flumotion Services S.A. Development Certification Practice Statement
                Policy: Feat-CA-Cert
                  User Notice:
                    Explicit Text: Flumotion Services S.A. Development CA Certificate Policy

Certificate is to be certified until Mar 12 11:28:12 2020 GMT (2920 days)

Write out database with 1 new entries
Data Base Updated
> openssl x509 -in /home/projects/messy/tools/PKI/root_ca/certs/gateway_ca_public_cert.pem -out /home/projects/messy/tools/PKI/root_ca/certs/gateway_ca_public_cert.der -outform DER
> openssl req -config /home/projects/messy/tools/PKI/config/ssl_server_req.cnf -new -nodes -batch -subj /O=Flumotion Services S.A./O=https:\/\/github.com\/f3at\/feat/OU=Feat Core Team/CN=*.feat.lan/emailAddress=kowalski0123@gmail.com/L=Barcelona/ST=Spain/C=ES -keyout /home/projects/messy/tools/PKI/gateway_ca/private/gateway_private_key.pem -out /home/projects/messy/tools/PKI/gateway_ca/request/gateway_public_key_req.pem
Generating a 1024 bit RSA private key
........................++++++
.............................++++++
writing new private key to '/home/projects/messy/tools/PKI/gateway_ca/private/gateway_private_key.pem'
-----
> openssl ca -policy policy_anything -batch -out /home/projects/messy/tools/PKI/gateway_ca/certs/gateway_public_cert.pem -extfile /home/projects/messy/tools/PKI/config/ssl_server_cert.ext -infiles /home/projects/messy/tools/PKI/gateway_ca/request/gateway_public_key_req.pem
Using configuration from /home/projects/messy/tools/PKI/config/default_ca.cnf
Check that the request matches the signature
Signature ok
Certificate Details:
        Serial Number:
            63:da:a7:b6:4f:61:4c:00
        Validity
            Not Before: Mar 14 11:28:16 2012 GMT
            Not After : Mar 12 11:28:16 2020 GMT
        Subject:
            organizationName          = Flumotion Services S.A.
            organizationName          = https://github.com/f3at/feat
            organizationalUnitName    = Feat Core Team
            commonName                = *.feat.lan
            emailAddress              = kowalski0123@gmail.com
            localityName              = Barcelona
            stateOrProvinceName       = Spain
            countryName               = ES
        X509v3 extensions:
            X509v3 Basic Constraints: 
                CA:FALSE
            Netscape Comment: 
                SSL Server Certificate
            X509v3 Key Usage: critical
                Digital Signature, Key Encipherment
            X509v3 Extended Key Usage: 
                TLS Web Server Authentication, TLS Web Client Authentication, Microsoft Server Gated Crypto, Netscape Server Gated Crypto
            Netscape Cert Type: 
                SSL Client, SSL Server
            X509v3 Subject Key Identifier: 
                94:D7:94:C5:B3:BF:AC:91:C4:DA:06:E1:D1:90:D2:74:27:E1:6E:5B
            X509v3 Authority Key Identifier: 
                keyid:EB:1F:C2:B0:2F:06:41:F8:9F:C2:9C:10:96:07:39:51:E0:40:71:EA
                DirName:/O=Flumotion Services S.A./O=https://github.com/f3at/feat/OU=Feat Core Team/CN=Feat Development Root CA/emailAddress=kowalski0123@gmail.com/L=Barcelona/ST=Spain/C=ES
                serial:C7:CB:AD:E7:38:7D:EA:1C

            Authority Information Access: 
                CA Issuers - URI:https://github.com/f3at/feat/dev_ca/cainfo.html

            X509v3 CRL Distribution Points: 
                URI:https://github.com/f3at/feat/dev_crl/issuing_ca.crl

            X509v3 Certificate Policies: 
                Policy: Feat-CPS
                  CPS: https://github.com/f3at/feat/dev_ca/feat_cps.html
                  User Notice:
                    Explicit Text: Flumotion Services S.A. Certification Practice Statement
                Policy: Feat-TLS-WEB-Cert
                  User Notice:
                    Explicit Text: Flumotion Services S.A. Secure Communications Web Server Certificate Policy

Certificate is to be certified until Mar 12 11:28:16 2020 GMT (2920 days)

Write out database with 1 new entries
Data Base Updated
> openssl pkcs12 -export -passout pass: -in /home/projects/messy/tools/PKI/gateway_ca/certs/gateway_public_cert.pem -inkey /home/projects/messy/tools/PKI/gateway_ca/private/gateway_private_key.pem -certfile /home/projects/messy/tools/PKI/gateway_ca/global_ca_public_cert.pem -name gateway -out /home/projects/messy/tools/PKI/gateway_ca/certs/gateway.p12
> openssl req -config /home/projects/messy/tools/PKI/config/ssl_client_req.cnf -new -nodes -batch -subj /O=Flumotion Services S.A./O=https:\/\/github.com\/f3at\/feat/OU=Feat Core Team/CN=Default,admin/emailAddress=kowalski0123@gmail.com/L=Barcelona/ST=Spain/C=ES -keyout /home/projects/messy/tools/PKI/gateway_ca/private/dummy_private_key.pem -out /home/projects/messy/tools/PKI/gateway_ca/request/dummy_public_key_req.pem
Generating a 1024 bit RSA private key
....................................................++++++
....++++++
writing new private key to '/home/projects/messy/tools/PKI/gateway_ca/private/dummy_private_key.pem'
-----
> openssl ca -policy policy_anything -batch -out /home/projects/messy/tools/PKI/gateway_ca/certs/dummy_public_cert.pem -extfile /home/projects/messy/tools/PKI/config/ssl_client_cert.ext -infiles /home/projects/messy/tools/PKI/gateway_ca/request/dummy_public_key_req.pem
Using configuration from /home/projects/messy/tools/PKI/config/default_ca.cnf
Check that the request matches the signature
Signature ok
Certificate Details:
        Serial Number:
            63:da:a7:b6:4f:61:4c:01
        Validity
            Not Before: Mar 14 11:28:22 2012 GMT
            Not After : Mar 12 11:28:22 2020 GMT
        Subject:
            organizationName          = Flumotion Services S.A.
            organizationName          = https://github.com/f3at/feat
            organizationalUnitName    = Feat Core Team
            commonName                = Default,admin
            emailAddress              = kowalski0123@gmail.com
            localityName              = Barcelona
            stateOrProvinceName       = Spain
            countryName               = ES
        X509v3 extensions:
            X509v3 Basic Constraints: 
                CA:FALSE
            Netscape Comment: 
                SSL Client Certificate
            X509v3 Key Usage: 
                Digital Signature, Key Encipherment
            X509v3 Extended Key Usage: 
                TLS Web Client Authentication
            Netscape Cert Type: 
                SSL Client
            X509v3 Subject Key Identifier: 
                6E:58:7A:EB:7E:A6:04:6F:C8:D2:89:4D:60:67:AA:34:7C:88:0D:A0
            X509v3 Authority Key Identifier: 
                keyid:EB:1F:C2:B0:2F:06:41:F8:9F:C2:9C:10:96:07:39:51:E0:40:71:EA
                DirName:/O=Flumotion Services S.A./O=https://github.com/f3at/feat/OU=Feat Core Team/CN=Feat Development Root CA/emailAddress=kowalski0123@gmail.com/L=Barcelona/ST=Spain/C=ES
                serial:C7:CB:AD:E7:38:7D:EA:1C

            Authority Information Access: 
                CA Issuers - URI:https://github.com/f3at/feat/dev_ca/cainfo.html

            X509v3 CRL Distribution Points: 
                URI:https://github.com/f3at/feat/dev_crl/issuing_ca.crl

            X509v3 Certificate Policies: 
                Policy: Feat-CPS
                  CPS: https://github.com/f3at/feat/dev_ca/feat_cps.html
                  User Notice:
                    Explicit Text: Flumotion Services S.A. Certification Practice Statement
                Policy: Feat-TLS-WEB-Cert
                  User Notice:
                    Explicit Text: Flumotion Services S.A. Secure Communications Web Server Certificate Policy

Certificate is to be certified until Mar 12 11:28:22 2020 GMT (2920 days)

Write out database with 1 new entries
Data Base Updated
> openssl pkcs12 -export -passout pass: -in /home/projects/messy/tools/PKI/gateway_ca/certs/dummy_public_cert.pem -inkey /home/projects/messy/tools/PKI/gateway_ca/private/dummy_private_key.pem -certfile /home/projects/messy/tools/PKI/gateway_ca/global_ca_public_cert.pem -name dummy -out /home/projects/messy/tools/PKI/gateway_ca/certs/dummy.p12
