tsk_id nom rtime    real-nom delay

task 1 1423767271.5 0.000139951705933
task 2 1423767271.5 0.000230073928833
task 1 1423767272.5 0.000121116638184
task 2 1423767272.5 0.000170946121216
task 1 1423767273.5 0.000119924545288
task 2 1423767273.5 0.000171899795532
task 1 1423767274.5 0.000119924545288
task 2 1423767274.5 0.000169038772583
task 0 1423767275.0 0.000128984451294
task 1 1423767275.5 0.000118017196655
task 2 1423767275.5 0.000170946121216
task 1 1423767276.5 0.000118970870972
task 2 1423767276.5 0.000169992446899
task 1 1423767277.5 0.000118970870972
task 2 1423767277.5 0.000173091888428
task 1 1423767278.5 0.000118017196655
task 2 1423767278.5 0.000169038772583
task 1 1423767279.5 0.000121116638184
task 2 1423767279.5 0.000174999237061
task 0 1423767280.0 0.000124931335449
task 1 1423767280.5 0.000119924545288
task 2 1423767280.5 0.000157117843628
task 1 1423767281.5 0.000118970870972
task 2 1423767281.5 0.000171899795532
task 1 1423767282.5 0.000119924545288
task 2 1423767282.5 0.000169992446899
...
