0 info it worked if it ends with ok
1 verbose cli [ 'node', '/usr/local/bin/npm', 'run', 'test' ]
2 info using npm@2.1.14
3 info using node@v0.10.34
4 verbose node symlink /usr/local/bin/node
5 verbose run-script [ 'pretest', 'test', 'posttest' ]
6 info pretest Sentry@0.0.0
7 verbose unsafe-perm in lifecycle true
8 info test Sentry@0.0.0
9 verbose unsafe-perm in lifecycle true
10 info Sentry@0.0.0 Failed to exec test script
11 verbose stack Error: Sentry@0.0.0 test: `node_modules/karma/bin/karma start tests/karma.conf.js --single-run`
11 verbose stack Exit status 1
11 verbose stack     at EventEmitter.<anonymous> (/usr/local/lib/node_modules/npm/lib/utils/lifecycle.js:212:16)
11 verbose stack     at EventEmitter.emit (events.js:98:17)
11 verbose stack     at ChildProcess.<anonymous> (/usr/local/lib/node_modules/npm/lib/utils/spawn.js:14:12)
11 verbose stack     at ChildProcess.emit (events.js:98:17)
11 verbose stack     at maybeClose (child_process.js:766:16)
11 verbose stack     at Process.ChildProcess._handle.onexit (child_process.js:833:5)
12 verbose pkgid Sentry@0.0.0
13 verbose cwd /Users/dcramer/Development/sentry/src/sentry/static/sentry
14 error Darwin 14.0.0
15 error argv "node" "/usr/local/bin/npm" "run" "test"
16 error node v0.10.34
17 error npm  v2.1.14
18 error code ELIFECYCLE
19 error Sentry@0.0.0 test: `node_modules/karma/bin/karma start tests/karma.conf.js --single-run`
19 error Exit status 1
20 error Failed at the Sentry@0.0.0 test script 'node_modules/karma/bin/karma start tests/karma.conf.js --single-run'.
20 error This is most likely a problem with the Sentry package,
20 error not with npm itself.
20 error Tell the author that this fails on your system:
20 error     node_modules/karma/bin/karma start tests/karma.conf.js --single-run
20 error You can get their info via:
20 error     npm owner ls Sentry
20 error There is likely additional logging output above.
21 verbose exit [ 1, true ]
