60 4 6
0.0025
0.00295691
0.00349734
0.00413653
0.00489255
0.00578674
0.00684436
0.00809528
0.00957482
0.0113248
0.0133946
0.0158426
0.0187381
0.0221628
0.0262134
0.0310043
0.0366709
0.043373
0.0513002
0.0606761
0.0717656
0.0848819
0.100395
0.118744
0.140447
0.166116
0.196476
0.232385
0.274857
0.325091
0.384507
0.454782
0.537901
0.636211
0.752488
0.890017
1.05268
1.24508
1.47263
1.74178
2.06012
2.43664
2.88197
3.4087
4.0317
4.76855
5.64008
6.6709
7.89011
9.33215
11.0378
13.0551
15.4411
18.2632
21.6011
25.549
30.2185
35.7415
42.2738
50
192.933 0 0 0 
179.405 0.677937 0.471955 -0.0206033 
161.089 -0.290332 0.249532 0.255385 
143.546 -0.396024 0.160134 0.0489567 
123.716 -0.412674 0.158341 0.0278067 
107.507 -0.409054 -0.108447 0.10628 
97.202 -0.337116 -0.176526 0.048047 
78.473 -0.481365 -0.0587119 0.0019861 
66.708 -0.34512 -0.120842 0.00668094 
58.4678 -0.269794 -0.126588 0.0272023 
46.9283 -0.237173 -0.0574509 -0.015179 
39.036 -0.191079 -0.0791048 -0.0035932 
29.8277 -0.180975 -0.0780796 -0.0013278 
26.5283 -0.1125 -0.155157 0.0102733 
21.4608 -0.0971765 -0.0900667 -0.00441154 
17.6764 -0.0792995 -0.0729947 -0.00632478 
14.1573 -0.0688816 -0.0535933 -0.00230868 
11.6627 -0.048292 -0.0508363 -0.00430525 
9.18696 -0.0337132 -0.0335282 -0.00436252 
7.38412 -0.0137341 -0.02709 -0.00320104 
5.86513 0.00104508 -0.0169823 -0.00196365 
4.6205 0.00812617 -0.0102923 -0.000731112 
3.60167 0.00985929 -0.00627959 -0.000108457 
2.7709 0.00962971 -0.00415444 0.000149236 
2.13652 0.00827735 -0.00266686 9.3612e-05 
1.58572 0.00528211 -0.00199048 0.000141566 
1.17529 0.00428883 -0.00146608 0.000115292 
0.856705 0.00305616 -0.00114335 0.000103768 
0.613911 0.00213228 -0.000909857 9.00024e-05 
0.431909 0.00145095 -0.000727085 7.90153e-05 
0.297617 0.000989396 -0.000573981 6.48751e-05 
0.201422 0.000667618 -0.000443007 5.36393e-05 
0.133316 0.000458 -0.000332333 4.05401e-05 
0.0863373 0.000325452 -0.000243415 2.95808e-05 
0.0547618 0.000253339 -0.000172848 2.0933e-05 
0.0339978 0.000198818 -0.000119379 1.44383e-05 
0.0206651 0.000140946 -7.92491e-05 9.9478e-06 
0.0123055 8.50898e-05 -5.00553e-05 6.29074e-06 
0.00719864 5.07234e-05 -3.07872e-05 3.86291e-06 
0.00412751 3.19324e-05 -1.84531e-05 2.24907e-06 
0.00233161 2.02234e-05 -1.07736e-05 1.24747e-06 
0.00129901 1.3489e-05 -6.19006e-06 6.82912e-07 
0.000714534 8.39986e-06 -3.46576e-06 3.74665e-07 
0.000388349 4.81238e-06 -1.88207e-06 1.99469e-07 
0.000208906 2.61845e-06 -9.93786e-07 1.0099e-07 
0.000111557 1.51902e-06 -5.21796e-07 4.93375e-08 
5.91956e-05 8.6965e-07 -2.72067e-07 2.63423e-08 
3.11999e-05 4.27898e-07 -1.36425e-07 1.3726e-08 
1.6324e-05 2.00552e-07 -6.69982e-08 6.99999e-09 
8.53268e-06 9.29413e-08 -3.25418e-08 3.45884e-09 
4.44327e-06 4.37624e-08 -1.56739e-08 1.65691e-09 
2.30592e-06 2.19121e-08 -7.46302e-09 7.20623e-10 
1.19844e-06 1.23405e-08 -3.58356e-09 2.90504e-10 
6.23501e-07 6.69929e-09 -1.72551e-09 1.25582e-10 
3.22192e-07 3.36777e-09 -8.11283e-10 5.61209e-11 
1.66809e-07 1.62305e-09 -3.77038e-10 2.61261e-11 
8.6278e-08 7.5771e-10 -1.73889e-10 1.23716e-11 
4.46093e-08 3.43807e-10 -8.01075e-11 6.30962e-12 
2.30603e-08 1.51147e-10 -3.71e-11 3.23466e-12 
1.19183e-08 6.56086e-11 -1.70527e-11 1.69035e-12 
-1.16682e-06 0 0 0 
-1.09578e-06 -1.20085e-08 6.93196e-09 1.48213e-08 
-8.86511e-07 -2.4107e-09 8.54238e-09 -2.36912e-08 
-6.72089e-07 3.3336e-08 -2.56422e-09 1.003e-08 
-4.51709e-07 4.98837e-10 7.61133e-09 -6.63387e-09 
-3.92363e-07 2.84202e-08 -1.29995e-09 -2.54121e-08 
-3.96443e-06 -3.22445e-06 -2.47325e-06 -1.44947e-06 
-3.30937e-07 -2.77277e-08 -1.06228e-08 -6.54161e-09 
-7.24532e-07 1.93349e-07 1.99496e-08 -1.53387e-07 
-6.00047e-07 -8.28098e-08 5.27506e-08 -7.9207e-08 
-4.87089e-08 -1.32893e-08 2.15898e-08 -7.82916e-09 
-5.23644e-08 1.22245e-09 9.09105e-09 4.11071e-09 
-1.78346e-08 -1.51714e-08 1.16008e-08 -2.09691e-09 
-7.62074e-08 -7.68101e-09 2.2874e-08 -1.39957e-09 
-2.0663e-08 -4.09492e-09 8.16457e-09 7.33357e-10 
-1.70816e-08 3.26285e-10 4.49692e-09 2.48306e-09 
-5.40892e-09 -4.75333e-10 3.21085e-09 -1.68747e-09 
-4.59607e-09 -3.00741e-09 2.79986e-09 4.69515e-10 
-3.82084e-09 -1.92805e-09 8.55049e-10 4.17957e-10 
-5.55034e-09 -1.65799e-09 1.03768e-09 -2.32126e-10 
-3.31856e-09 -8.54066e-10 1.12056e-09 2.37481e-10 
-2.51373e-09 -1.80047e-09 7.60529e-10 -1.66581e-11 
-4.82515e-09 -5.19143e-09 -3.24047e-09 -1.57526e-09 
8.42678e-10 -1.80404e-09 6.19142e-10 3.68655e-10 
-9.07592e-10 -8.63969e-10 6.26042e-10 -5.04542e-10 
-4.81599e-09 -3.26563e-11 4.1585e-10 -5.84669e-10 
1.55244e-09 1.89107e-09 1.8391e-09 2.52394e-10 
-4.95012e-10 -5.76647e-10 -1.363e-10 -2.74094e-10 
-7.91346e-10 3.39658e-10 -1.49956e-09 -6.0965e-11 
-5.2098e-10 -1.76842e-10 3.22156e-10 -8.04964e-11 
-1.14102e-09 -6.50625e-10 5.38194e-10 -7.65039e-11 
-7.89192e-10 -2.43457e-10 -9.77831e-12 6.43682e-11 
2.785e-09 -9.17407e-11 -5.87407e-11 2.53731e-11 
-1.5878e-08 7.58096e-09 -3.95117e-09 1.36967e-09 
-4.83362e-09 -1.21215e-10 1.17629e-10 -2.45299e-10 
-1.12495e-09 5.46027e-10 -7.02088e-10 -4.54275e-10 
-6.78956e-09 -2.75818e-09 -1.87313e-10 5.9015e-10 
-9.27387e-09 -1.76039e-09 2.158e-09 3.11625e-10 
-2.0909e-09 8.63432e-10 -3.20468e-09 1.05321e-09 
2.56096e-09 -2.11299e-09 1.06526e-09 -1.63363e-09 
-5.94995e-09 -1.93216e-09 1.14206e-09 1.00108e-09 
1.23722e-09 -3.67217e-09 3.43509e-11 -1.33867e-10 
-5.37808e-08 -2.91622e-08 2.2842e-09 2.2027e-08 
-4.74548e-09 -6.45082e-09 5.56174e-10 2.90619e-09 
-4.14675e-08 -7.35617e-09 2.1766e-08 -7.45e-09 
-8.45765e-09 -3.0339e-09 2.58251e-10 4.06062e-09 
-2.92034e-09 -5.52336e-09 1.18475e-09 2.62141e-09 
-3.48702e-08 -2.9969e-09 6.55319e-09 4.20991e-10 
-2.99074e-09 -1.3578e-08 4.20649e-09 6.33998e-09 
-4.52736e-08 -1.90975e-09 2.4825e-10 2.79105e-09 
-7.93246e-09 -3.3903e-09 1.98314e-09 -8.43397e-10 
3.97022e-08 3.77401e-09 -8.02248e-09 -9.54994e-10 
6.5434e-08 -1.04621e-08 2.98172e-09 4.63202e-09 
4.34571e-09 -5.43088e-09 3.81035e-09 -7.98872e-10 
5.52387e-09 5.91195e-10 -5.33173e-09 4.90947e-09 
-8.68797e-09 -6.46074e-09 2.49644e-09 2.61335e-09 
3.50482e-08 -4.88771e-09 2.58624e-09 2.89388e-09 
4.09209e-08 1.18794e-08 5.71013e-09 4.45645e-09 
4.10573e-08 -6.07974e-09 3.84758e-09 -3.58241e-09 
1.00345e-07 1.60699e-09 -6.57485e-09 -6.14191e-09 
0.216539 0 0 0 
0.224215 -0.000334367 -0.0002134 2.02843e-05 
0.232119 0.000184217 -0.000130328 -0.000152016 
0.240539 0.000246239 -9.35533e-05 -3.17652e-05 
0.25199 0.000282597 -0.000127637 -2.02458e-05 
0.262783 0.000336262 0.000111679 -9.99179e-05 
0.270483 0.000262241 0.000206663 -4.60794e-05 
0.287979 0.000583808 0.000119369 -7.73591e-07 
0.301324 0.000479687 0.000227845 -9.92087e-06 
0.311993 0.000401708 0.0002604 -5.77065e-05 
0.330932 0.000404897 0.000175134 4.46844e-05 
0.346495 0.000327893 0.000290406 1.82594e-05 
0.371259 0.000530386 0.00041175 2.73534e-05 
0.380887 0.000292916 0.000855698 -5.18321e-05 
0.400553 0.000292976 0.000636648 3.74252e-05 
0.417936 0.000250234 0.000621075 6.3073e-05 
0.438009 0.000270258 0.000570114 3.76192e-05 
0.454418 0.000100767 0.000636071 6.97416e-05 
0.474836 -2.60311e-05 0.000481847 8.05446e-05 
0.492021 -0.00039633 0.000414987 6.78157e-05 
0.509235 -0.000853711 0.000208965 4.76289e-05 
0.525817 -0.00124566 3.38341e-05 3.58469e-05 
0.541685 -0.0015482 -9.9144e-05 4.57542e-05 
0.55678 -0.00183124 -0.000187107 6.17766e-05 
0.569508 -0.00207524 -0.000284514 7.63215e-05 
0.582294 -0.00219034 -0.000339751 9.22874e-05 
0.592433 -0.00246005 -0.000420851 0.000115317 
0.600735 -0.00270073 -0.000481302 0.000141896 
0.60681 -0.00296171 -0.000534071 0.000162075 
0.610524 -0.00324882 -0.000590104 0.000188156 
0.611637 -0.00353945 -0.000642018 0.000212912 
0.610102 -0.00384458 -0.000690426 0.000238788 
0.605754 -0.00412834 -0.000736455 0.000259538 
0.598682 -0.00441544 -0.000776759 0.000286951 
0.58871 -0.00479352 -0.000799556 0.000306299 
0.57615 -0.00521617 -0.000805974 0.000324633 
0.561044 -0.00556388 -0.000797273 0.000330879 
0.543944 -0.00559867 -0.000808727 0.000338248 
0.5249 -0.00554372 -0.000815318 0.00033967 
0.504131 -0.00549256 -0.000811231 0.000338163 
0.482106 -0.0053812 -0.000801967 0.000332995 
0.459092 -0.00537131 -0.000768959 0.000323527 
0.435478 -0.00527532 -0.000723417 0.000307955 
0.411631 -0.00501197 -0.000680069 0.000289256 
0.387888 -0.00461415 -0.00064592 0.000273423 
0.364429 -0.00436123 -0.000592548 0.00025826 
0.341321 -0.00419233 -0.000511599 0.000235618 
0.319077 -0.00376102 -0.000451933 0.000214221 
0.297617 -0.00327607 -0.000402112 0.000193824 
0.277181 -0.0028013 -0.000361223 0.000173685 
0.257647 -0.00236326 -0.000329505 0.000153484 
0.239047 -0.00200633 -0.000303952 0.0001351 
0.221539 -0.00180316 -0.000272434 0.000120861 
0.205161 -0.00162476 -0.000232681 0.000106468 
0.189701 -0.00142147 -0.00019548 9.33504e-05 
0.175353 -0.00121939 -0.00016232 8.15251e-05 
0.16197 -0.00103204 -0.000132745 7.0982e-05 
0.149481 -0.000861222 -0.000107266 6.11409e-05 
0.137767 -0.000702993 -8.59329e-05 5.19534e-05 
0.126591 -0.000557719 -6.61406e-05 4.34709e-05 
0.2307 0 0 0 
0.236732 -0.000207331 -0.00015798 1.30589e-05 
0.242911 0.000162322 -9.31101e-05 -0.000107395 
0.249718 0.00023388 -6.4188e-05 -2.16961e-05 
0.259169 0.00028608 -8.19842e-05 -1.37853e-05 
0.268426 0.000335824 0.00011214 -7.76214e-05 
0.275096 0.000302003 0.000194601 -3.72469e-05 
0.290864 0.000575122 0.000118793 4.8015e-06 
0.303162 0.000481815 0.000236005 2.31815e-06 
0.313114 0.000405103 0.000290169 -4.22754e-05 
0.331152 0.000431871 0.000215333 4.90512e-05 
0.346253 0.000376797 0.000334373 2.65586e-05 
0.370405 0.000560101 0.000460234 3.19556e-05 
0.379587 0.000301808 0.00092332 -2.79636e-05 
0.398693 0.000322116 0.000741685 4.37226e-05 
0.415576 0.0002766 0.000753403 6.93278e-05 
0.435118 0.000297385 0.000722764 4.27125e-05 
0.450932 0.000127991 0.000819274 7.64593e-05 
0.470719 1.01146e-05 0.000700628 8.17143e-05 
0.487203 -0.000313899 0.000682153 6.82487e-05 
0.503682 -0.000643481 0.000548386 4.87663e-05 
0.519454 -0.000872508 0.000431492 1.90584e-05 
0.534397 -0.000994777 0.000339157 -2.63232e-06 
0.548452 -0.00108447 0.00028001 -1.75834e-05 
0.55986 -0.00110849 0.00021468 -1.57193e-05 
0.571314 -0.00099257 0.00020218 -2.25065e-05 
0.579837 -0.0010099 0.000180131 -2.25028e-05 
0.586297 -0.000966175 0.000179952 -2.48344e-05 
0.590366 -0.000928485 0.000191166 -2.78297e-05 
0.591874 -0.000888866 0.000215866 -3.35633e-05 
0.590759 -0.000861893 0.000248384 -3.96054e-05 
0.586915 -0.000827761 0.000286536 -4.86143e-05 
0.580381 -0.000820432 0.000327843 -5.48796e-05 
0.571263 -0.000839882 0.000376579 -6.04226e-05 
0.55953 -0.000975586 0.000427571 -6.73073e-05 
0.545503 -0.00119697 0.000481806 -7.53383e-05 
0.529306 -0.00137698 0.000530944 -8.69309e-05 
0.511543 -0.00133243 0.000554239 -8.99859e-05 
0.492342 -0.00128316 0.000571079 -9.25856e-05 
0.47195 -0.00132616 0.000586914 -9.24075e-05 
0.450789 -0.00138721 0.000591952 -8.95099e-05 
0.429041 -0.001587 0.000601025 -8.85187e-05 
0.407016 -0.00172498 0.000601327 -8.81104e-05 
0.385039 -0.00172769 0.000583802 -8.48749e-05 
0.363367 -0.0016332 0.000553622 -7.74053e-05 
0.342075 -0.00167669 0.000528976 -6.97212e-05 
0.32115 -0.00175721 0.000509039 -6.94104e-05 
0.301066 -0.0015711 0.000465893 -6.42404e-05 
0.28172 -0.00133772 0.000420159 -5.81063e-05 
0.263291 -0.00112009 0.000374849 -5.12308e-05 
0.245665 -0.00094607 0.000331836 -4.46982e-05 
0.228845 -0.000846436 0.000291641 -3.66825e-05 
0.212912 -0.000863357 0.000260432 -2.87723e-05 
0.1979 -0.000853255 0.000232173 -2.38835e-05 
0.183645 -0.000783521 0.000203119 -2.01954e-05 
0.170325 -0.000688453 0.000175376 -1.71283e-05 
0.157806 -0.000585724 0.000149507 -1.45804e-05 
0.146041 -0.000483679 0.00012611 -1.29073e-05 
0.134936 -0.000386219 0.00010643 -1.1257e-05 
0.124344 -0.000304985 9.09425e-05 -1.02904e-05 
0.224494 0 0 0 
0.232054 -0.000338348 -0.000251151 2.41018e-05 
0.240184 0.00026478 -0.000141998 -0.000170117 
0.248624 0.000380565 -0.000101166 -2.64437e-05 
0.259928 0.000474884 -0.000137455 -2.1069e-05 
0.270561 0.0005435 0.000128861 -0.000116578 
0.278099 0.000498639 0.000216702 -5.72502e-05 
0.29542 0.000871594 9.71668e-05 4.04924e-06 
0.308612 0.000762157 0.000232568 -3.86733e-06 
0.319204 0.000667182 0.000285663 -5.45328e-05 
0.337357 0.000756109 0.000159122 5.88659e-05 
0.352142 0.000712559 0.000271642 2.3133e-05 
0.37505 0.000914522 0.00037239 2.71636e-05 
0.384417 0.000504076 0.000864303 -4.5312e-05 
0.402924 0.000481817 0.000623356 4.89245e-05 
0.419291 0.000379436 0.000620168 6.83226e-05 
0.437995 0.000395097 0.000561875 3.11067e-05 
0.453683 0.000161444 0.000650804 5.29796e-05 
0.472696 0.000159892 0.0005137 6.00739e-05 
0.489089 -6.27632e-05 0.000517849 4.20778e-05 
0.505681 -0.000223252 0.000403342 2.254e-05 
0.521735 -0.000268951 0.000296671 -1.35359e-05 
0.537146 -0.000171535 0.000202041 -4.26113e-05 
0.551676 3.36679e-05 0.00012699 -6.33195e-05 
0.564177 0.000234721 6.17283e-05 -6.24332e-05 
0.576359 0.000676699 8.69863e-06 -7.43445e-05 
0.585899 0.000983814 -4.00929e-05 -7.97256e-05 
0.593527 0.00139665 -8.27953e-05 -8.65726e-05 
0.598902 0.00184494 -0.000114899 -9.32433e-05 
0.601797 0.00230958 -0.000141224 -0.000103703 
0.602095 0.00280794 -0.000161225 -0.000116634 
0.599702 0.00331679 -0.000171025 -0.000131307 
0.594566 0.00384706 -0.000172022 -0.000146981 
0.586724 0.00435723 -0.000160733 -0.000164984 
0.576089 0.00470747 -0.000139124 -0.000180898 
0.562968 0.00491349 -0.000111944 -0.000198648 
0.5475 0.00503189 -7.98096e-05 -0.000215607 
0.53027 0.00530699 -5.52611e-05 -0.00022554 
0.511316 0.00552486 -1.80819e-05 -0.000237032 
0.4908 0.005607 3.16413e-05 -0.000247184 
0.469224 0.00560829 8.57285e-05 -0.000253548 
0.446778 0.00536389 0.00014125 -0.000258402 
0.42389 0.00504165 0.000188885 -0.000259947 
0.400923 0.00475252 0.000228068 -0.000256021 
0.378142 0.00451756 0.000257951 -0.000246475 
0.355581 0.00410029 0.000282775 -0.000234404 
0.333357 0.00350403 0.000295501 -0.000222098 
0.312055 0.00311714 0.000286985 -0.000203717 
0.291503 0.00280916 0.000274862 -0.000186289 
0.271932 0.00254543 0.000265969 -0.000169697 
0.253221 0.00230966 0.000263696 -0.000155483 
0.235381 0.00206361 0.000263954 -0.000141195 
0.218504 0.00172543 0.000261737 -0.000126974 
0.202643 0.00139775 0.000249272 -0.000112612 
0.18762 0.00113393 0.000227372 -9.78724e-05 
0.173635 0.000920359 0.000200971 -8.41722e-05 
0.160548 0.000745683 0.000172748 -7.19569e-05 
0.148298 0.000605339 0.000144762 -6.08881e-05 
0.13679 0.000494913 0.000119105 -5.11191e-05 
0.125818 0.000391115 9.96115e-05 -4.43749e-05 
0.177547 0 0 0 
0.183529 -0.000279031 -0.000188218 1.76368e-05 
0.189913 0.000176801 -0.000108349 -0.00013156 
0.196624 0.000247808 -7.60575e-05 -2.29804e-05 
0.205638 0.000306341 -0.000107088 -1.76236e-05 
0.214098 0.000351224 9.84306e-05 -9.02568e-05 
0.220158 0.000293949 0.000173435 -4.35836e-05 
0.233882 0.000583915 8.72376e-05 2.57901e-06 
0.244368 0.000499996 0.000186869 -8.73673e-06 
0.25282 0.000415583 0.000218494 -4.51442e-05 
0.26744 0.000443018 0.000134431 4.30732e-05 
0.279367 0.00038835 0.000227774 1.63626e-05 
0.29811 0.000574782 0.000313275 2.4455e-05 
0.305626 0.00030877 0.000692625 -4.16648e-05 
0.320778 0.000300443 0.000501815 3.7185e-05 
0.33418 0.000244305 0.000491911 5.54623e-05 
0.349579 0.000273409 0.000442929 3.2381e-05 
0.362373 0.000116926 0.000501289 5.37934e-05 
0.378088 9.71319e-05 0.000371045 6.25205e-05 
0.3915 -0.000104668 0.000335523 5.03171e-05 
0.405042 -0.000306802 0.000190263 3.17715e-05 
0.418133 -0.000442513 4.74666e-05 4.87784e-06 
0.430699 -0.000488271 -7.89987e-05 -7.62786e-06 
0.442622 -0.000483004 -0.000188587 -9.72752e-06 
0.452816 -0.000478604 -0.000288104 -5.8484e-06 
0.462898 -0.000314516 -0.000382881 -3.82286e-07 
0.470899 -0.000258855 -0.000484629 5.94958e-06 
0.477409 -0.000151462 -0.000579465 1.39094e-05 
0.482154 -3.91192e-05 -0.000673805 2.04581e-05 
0.484973 8.50905e-05 -0.000772015 2.85138e-05 
0.485726 0.000220226 -0.000870883 3.46332e-05 
0.48435 0.000359729 -0.000968603 4.15734e-05 
0.480759 0.000516793 -0.00106492 4.5102e-05 
0.474983 0.000675064 -0.00115773 5.03095e-05 
0.466927 0.000721497 -0.00123514 5.40057e-05 
0.456816 0.000687338 -0.00129611 5.63053e-05 
0.444719 0.000632531 -0.0013346 5.3113e-05 
0.431091 0.000758929 -0.001373 5.18158e-05 
0.41596 0.000892159 -0.00139348 4.56758e-05 
0.399476 0.000966228 -0.00139741 3.97619e-05 
0.382036 0.00102249 -0.00138629 3.29989e-05 
0.363821 0.000925748 -0.00134991 2.54215e-05 
0.34516 0.00081163 -0.00129071 1.55014e-05 
0.32635 0.000763753 -0.00122004 5.1223e-06 
0.307638 0.000785296 -0.00114791 -2.38617e-06 
0.289116 0.000671745 -0.00106388 -6.47089e-06 
0.270856 0.000433422 -0.000955113 -1.24543e-05 
0.253304 0.000377164 -0.000854839 -1.68e-05 
0.236366 0.000378751 -0.000762099 -2.03269e-05 
0.22024 0.00040133 -0.000677053 -2.42e-05 
0.204832 0.000428165 -0.000600173 -2.92446e-05 
0.19016 0.000426576 -0.000532003 -3.32451e-05 
0.176322 0.000329961 -0.000465775 -3.36622e-05 
0.163354 0.000225807 -0.000399273 -3.25215e-05 
0.151102 0.000157471 -0.000339381 -2.94299e-05 
0.139733 0.000111948 -0.000286661 -2.59774e-05 
0.129139 8.00657e-05 -0.000240573 -2.22447e-05 
0.119283 5.92076e-05 -0.000200629 -1.85303e-05 
0.1101 4.89921e-05 -0.000165691 -1.5433e-05 
0.101438 4.01284e-05 -0.000133486 -1.39024e-05 
-1.00685 2.15544e-05 -3.25641e-06 -4.69343e-07 
-1.00642 3.08405e-05 -5.49587e-06 -1.34195e-06 
-1.00572 4.64895e-05 -5.39662e-06 -2.99309e-06 
-1.00469 6.51556e-05 -3.26344e-06 -2.77828e-06 
-1.00342 8.58248e-05 1.37755e-06 -2.99947e-06 
-1.00217 0.000108601 1.00647e-05 -4.21021e-06 
-1.00033 0.000133842 1.84226e-05 -3.56768e-06 
-0.998027 0.000161623 2.49869e-05 -2.081e-06 
-0.995254 0.0001867 3.52448e-05 -1.90401e-06 
-0.991865 0.000210719 4.68669e-05 -1.89061e-06 
-0.988097 0.000234273 5.97042e-05 8.5926e-07 
-0.982993 0.000256735 8.31288e-05 1.09542e-06 
-0.977286 0.000275021 0.000118414 -1.59727e-07 
-0.970745 0.000284006 0.000161805 -1.00263e-06 
-0.963024 0.000287551 0.000185243 4.04835e-06 
-0.954199 0.000280185 0.000203507 8.59941e-06 
-0.943743 0.000255067 0.000222015 1.07386e-05 
-0.931994 0.000198994 0.000241618 1.51732e-05 
-0.918304 0.000106153 0.000249079 1.90857e-05 
-0.902966 -2.56259e-05 0.000248722 1.96268e-05 
-0.885277 -0.000182856 0.000233908 1.63325e-05 
-0.865182 -0.000343262 0.000211917 1.00006e-05 
-0.843216 -0.000488017 0.000191015 3.36071e-06 
-0.818507 -0.000606514 0.000176322 -1.67605e-06 
-0.79107 -0.000693635 0.000168267 -4.46559e-06 
-0.760761 -0.000741721 0.000168682 -7.0546e-06 
-0.7285 -0.000773871 0.000175474 -9.19538e-06 
-0.693339 -0.000787631 0.000188023 -1.14101e-05 
-0.656086 -0.000786075 0.000204558 -1.38293e-05 
-0.616939 -0.000773955 0.000223123 -1.64384e-05 
-0.576302 -0.000756883 0.000240904 -1.89129e-05 
-0.534686 -0.000739102 0.000255627 -2.10834e-05 
-0.492592 -0.000724118 0.000265699 -2.24659e-05 
-0.450422 -0.000713884 0.000268421 -2.29597e-05 
-0.409353 -0.000706134 0.000264947 -2.27884e-05 
-0.36929 -0.000691943 0.000254027 -2.205e-05 
-0.330932 -0.000657159 0.000235477 -2.0723e-05 
-0.294857 -0.0006062 0.000211627 -1.86783e-05 
-0.260841 -0.000544598 0.000184329 -1.61056e-05 
-0.229576 -0.000484276 0.000156457 -1.33257e-05 
-0.20104 -0.000428339 0.0001299 -1.06295e-05 
-0.175256 -0.000374906 0.000105247 -8.25684e-06 
-0.152151 -0.000322939 8.36244e-05 -6.32688e-06 
-0.131625 -0.000270672 6.47444e-05 -4.73181e-06 
-0.113485 -0.000221866 4.91251e-05 -3.44104e-06 
-0.0975654 -0.000178651 3.66205e-05 -2.45776e-06 
-0.0836854 -0.000140792 2.68729e-05 -1.77179e-06 
-0.071623 -0.000107834 1.93488e-05 -1.28277e-06 
-0.0612041 -8.02495e-05 1.36653e-05 -9.16496e-07 
-0.0522013 -5.85986e-05 9.49843e-06 -6.3962e-07 
-0.0444737 -4.24015e-05 6.52594e-06 -4.31932e-07 
-0.0378367 -3.06188e-05 4.43422e-06 -2.76871e-07 
-0.0321728 -2.22325e-05 2.99955e-06 -1.69459e-07 
-0.0273362 -1.61574e-05 2.01532e-06 -1.02901e-07 
-0.023191 -1.16002e-05 1.33917e-06 -6.33621e-08 
-0.019681 -8.25831e-06 8.86459e-07 -4.03401e-08 
-0.016687 -5.79106e-06 5.79094e-07 -2.63582e-08 
-0.0141415 -3.9915e-06 3.63774e-07 -1.79328e-08 
-0.0119811 -2.74039e-06 2.23567e-07 -1.25526e-08 
-0.0101462 -1.86279e-06 1.17687e-07 -8.85399e-09 
1.0102 0.0172435 -0.00521026 -0.00112642 
1.17745 0.0248406 -0.00289217 -0.00298521 
1.33387 0.0303293 0.00215121 -0.00155804 
1.47339 0.0283326 0.00447053 0.000687738 
1.59276 0.0263471 0.00825293 -0.0011801 
1.69102 0.0245908 0.00964783 -0.000626487 
1.78698 0.0234808 0.00611414 0.00127176 
1.86298 0.0198831 0.00576147 0.000760715 
1.90562 0.0148967 0.00724817 -0.000262422 
1.94564 0.0125629 0.00598207 0.000773425 
1.97298 0.0104749 0.00750883 0.000979742 
1.97252 0.00788989 0.0110241 -0.000331679 
1.9402 0.00441196 0.0134327 -0.000546261 
1.90291 0.0015879 0.00965709 0.000502571 
1.87678 -8.70104e-05 0.00399339 0.00137267 
1.84307 -0.00277074 0.00347681 0.000566017 
1.79536 -0.00641399 0.0032801 0.000461115 
1.74679 -0.0100819 0.00203934 0.000677693 
1.68783 -0.013068 0.000357042 0.000291651 
1.62158 -0.0145147 -0.00066667 -0.00014044 
1.55023 -0.0135107 -0.001666 -0.000420411 
1.47205 -0.0108784 -0.00160064 -0.000487425 
1.39374 -0.00788921 -0.00108046 -0.000361957 
1.30771 -0.00514814 -0.000577987 -0.000191071 
1.21814 -0.00283527 -0.000166278 -0.00010393 
1.12342 -0.00140621 0.000145662 -8.75397e-05 
1.02753 -0.000718045 0.000295979 -6.29958e-05 
0.928031 -0.000136053 0.000380639 -5.93873e-05 
0.82931 0.000175686 0.000388942 -5.52418e-05 
0.732327 0.000277868 0.000341947 -4.74008e-05 
0.638491 0.000279721 0.000258896 -3.68035e-05 
0.549436 0.000217139 0.000163975 -2.40296e-05 
0.466498 0.000137718 7.78381e-05 -1.05187e-05 
0.390677 7.53677e-05 -1.86745e-06 -1.42758e-06 
0.322709 7.22131e-05 -5.83906e-05 3.82663e-06 
0.262979 0.00015012 -9.79265e-05 6.64401e-06 
0.211505 0.000248469 -0.000121936 9.53965e-06 
0.167956 0.000279933 -0.000123894 1.12955e-05 
0.131786 0.000248245 -0.000112532 1.09401e-05 
0.102255 0.000199064 -9.42638e-05 9.53541e-06 
0.0785218 0.000156878 -7.4291e-05 7.43396e-06 
0.0597371 0.000128324 -5.68056e-05 5.27645e-06 
0.0450656 0.000108446 -4.18983e-05 3.61667e-06 
0.0337512 8.90184e-05 -3.01508e-05 2.52034e-06 
0.0251077 6.83683e-05 -2.07637e-05 1.69312e-06 
0.0185677 5.0444e-05 -1.38165e-05 1.03367e-06 
0.0136646 3.74322e-05 -9.06148e-06 6.03053e-07 
0.0100134 2.72088e-05 -5.86271e-06 3.76884e-07 
0.0073102 1.85545e-05 -3.68158e-06 2.40543e-07 
0.00532037 1.20062e-05 -2.25004e-06 1.53508e-07 
0.00386095 7.45447e-06 -1.3445e-06 9.71863e-08 
0.00279608 4.51923e-06 -7.9051e-07 5.98788e-08 
0.0020208 2.74029e-06 -4.56736e-07 3.3153e-08 
0.00145797 1.70244e-06 -2.64413e-07 1.66241e-08 
0.00105059 1.07386e-06 -1.53765e-07 8.30506e-09 
0.000756085 6.69788e-07 -8.76387e-08 4.13783e-09 
0.000543578 4.12719e-07 -4.9718e-08 2.11666e-09 
0.000390468 2.49287e-07 -2.92569e-08 1.10553e-09 
0.000280285 1.48264e-07 -1.74033e-08 6.20961e-10 
0.000201053 8.59938e-08 -1.17687e-08 3.76599e-10 
404.078 6.89742 -6.25231 -2.25285 
330.828 25.6602 16.0731 -6.11003 
249.361 -3.66021 4.0563 11.4735 
189.551 -3.29314 3.07945 -3.15316 
126.235 -2.22219 6.73127 -2.50918 
91.0407 -1.89089 -3.45578 3.61698 
88.5637 -0.309519 -3.90367 0.354249 
32.7971 -5.23724 2.8822 -1.35941 
21.0898 -1.73495 -0.658575 -0.271757 
23.7564 -0.836295 -0.906184 1.46619 
0.265159 -1.18044 2.28552 -1.18499 
-3.74438 -0.8616 0.759138 -0.068319 
-19.6729 -1.45675 0.895971 -0.0692581 
-5.03918 -0.208367 -3.05712 0.708055 
-8.35033 -0.535411 -0.00614039 -0.217625 
-7.82716 -0.563691 -0.117892 -0.177401 
-8.96483 -0.67611 0.0924259 0.121667 
-7.26857 -0.417569 -0.40002 -0.0441527 
-8.0789 -0.307641 -0.0169851 -0.0631142 
-7.05467 0.00519716 -0.158763 -0.0329308 
-6.35093 0.19633 -0.00557257 -0.0154882 
-5.65311 0.225754 0.0439519 0.0100636 
-5.13505 0.176393 0.045449 0.0123557 
-4.61557 0.131149 0.0249049 0.0104156 
-3.9225 0.0894268 0.0221709 -0.000381994 
-3.56242 0.0215964 0.00794548 0.00187985 
-3.07504 0.0217646 0.00499483 5.38181e-05 
-2.60418 0.0096731 0.0017037 0.000112943 
-2.17717 0.00327786 -0.000126962 6.51109e-05 
-1.79159 -6.60304e-05 -0.000995099 0.000212928 
-1.45111 -0.00108865 -0.00121589 0.00011776 
-1.15069 -0.00142228 -0.00105365 0.000205625 
-0.896867 -0.00113963 -0.000716402 8.93455e-05 
-0.685663 -0.000594792 -0.000495835 3.82927e-05 
-0.513633 0.000284568 -0.000260992 9.36313e-06 
-0.377337 0.000667579 -0.000116938 -4.71889e-06 
-0.271998 0.000397722 1.88096e-07 8.99694e-06 
-0.192474 -0.000122743 9.87482e-05 -1.03582e-05 
-0.13375 -0.00025036 0.000111799 -1.12454e-05 
-0.0914803 -0.000183148 9.61629e-05 -1.17237e-05 
-0.0615803 -0.000122518 7.50337e-05 -1.05125e-05 
-0.0408704 -6.04307e-05 5.112e-05 -6.95876e-06 
-0.0267845 -4.46564e-05 3.44564e-05 -3.89994e-06 
-0.0173629 -4.08156e-05 2.27052e-05 -2.2899e-06 
-0.0111426 -3.35513e-05 1.45476e-05 -1.48215e-06 
-0.00708663 -2.0575e-05 8.49719e-06 -9.43161e-07 
-0.00447358 -1.25084e-05 4.72384e-06 -4.01494e-07 
-0.00280609 -9.2538e-06 2.73896e-06 -2.02516e-07 
-0.00175044 -6.1371e-06 1.53473e-06 -1.07524e-07 
-0.00108661 -3.69039e-06 8.23331e-07 -5.88417e-08 
-0.000671672 -2.06408e-06 4.28584e-07 -3.11737e-08 
-0.000413863 -1.08185e-06 2.19422e-07 -1.85405e-08 
-0.000254212 -5.26724e-07 1.08124e-07 -1.04163e-08 
-0.000155744 -2.66618e-07 5.22226e-08 -4.52012e-09 
-9.52475e-05 -1.42789e-07 2.576e-08 -1.88823e-09 
-5.81388e-05 -7.73508e-08 1.27e-08 -7.85495e-10 
-3.54343e-05 -4.15621e-08 6.14069e-09 -3.41882e-10 
-2.15693e-05 -2.18959e-08 2.80246e-09 -1.36077e-10 
-1.31155e-05 -1.14668e-08 1.22745e-09 -6.01803e-11 
-7.96722e-06 -5.84929e-09 4.4794e-10 -2.57406e-11 
