2015-03-26 12:23:46,365 INFO [App] added log_file_handler: Microdrop\microdrop.log
2015-03-26 12:23:46,365 INFO [App] logging enabled
2015-03-26 12:23:46,404 INFO [App] closing log_file_handler
2015-03-26 12:23:46,404 INFO [App] added log_file_handler: Microdrop\microdrop.log
2015-03-26 12:23:46,404 INFO [App] added log_file_handler: Microdrop\microdrop.log
2015-03-26 12:23:46,424 INFO Version has the following tags, so skipping update check: ['dev']
2015-03-26 12:23:46,424 INFO Version has the following tags, so skipping update check: ['dev']
2015-03-26 12:23:46,424 INFO Loading plugins:
2015-03-26 12:23:46,424 INFO Loading plugins:
2015-03-26 12:23:46,424 INFO [App] closing log_file_handler
2015-03-26 12:23:46,424 INFO [App] closing log_file_handler
2015-03-26 12:23:46,424 INFO [App] added log_file_handler: Microdrop\microdrop.log
2015-03-26 12:23:46,424 INFO [App] added log_file_handler: Microdrop\microdrop.log
2015-03-26 12:23:46,424 INFO [App] added log_file_handler: Microdrop\microdrop.log
2015-03-26 12:23:46,424 INFO User data directory: Microdrop
2015-03-26 12:23:46,424 INFO User data directory: Microdrop
2015-03-26 12:23:46,424 INFO User data directory: Microdrop
2015-03-26 12:23:46,424 INFO Plugins directory: Microdrop\plugins
2015-03-26 12:23:46,424 INFO Plugins directory: Microdrop\plugins
2015-03-26 12:23:46,424 INFO Plugins directory: Microdrop\plugins
2015-03-26 12:23:46,424 INFO Devices directory: Microdrop\devices
2015-03-26 12:23:46,424 INFO Devices directory: Microdrop\devices
2015-03-26 12:23:46,424 INFO Devices directory: Microdrop\devices
2015-03-26 12:23:46,424 INFO Check for updates, but ask before installing
2015-03-26 12:23:46,424 INFO Check for updates, but ask before installing
2015-03-26 12:23:46,424 INFO Check for updates, but ask before installing
2015-03-26 12:23:46,424 INFO No plugins have been updated
2015-03-26 12:23:46,424 INFO No plugins have been updated
2015-03-26 12:23:46,424 INFO No plugins have been updated
2015-03-26 12:23:46,424 ERROR 'No plugin registered with package name: dmf_control_board'
2015-03-26 12:23:46,424 ERROR 'No plugin registered with package name: dmf_control_board'
2015-03-26 12:23:46,424 ERROR 'No plugin registered with package name: dmf_control_board'
2015-03-26 12:23:50,914 INFO Registered plugins:
2015-03-26 12:23:50,914 INFO Registered plugins:
2015-03-26 12:23:50,914 INFO Registered plugins:
2015-03-26 12:23:50,914 INFO 	 <Plugin ExperimentLogController 'microdrop.gui.experiment_log_controller'>
2015-03-26 12:23:50,914 INFO 	 <Plugin ExperimentLogController 'microdrop.gui.experiment_log_controller'>
2015-03-26 12:23:50,914 INFO 	 <Plugin ExperimentLogController 'microdrop.gui.experiment_log_controller'>
2015-03-26 12:23:50,914 INFO 	 <Plugin ConfigController 'microdrop.gui.config_controller'>
2015-03-26 12:23:50,914 INFO 	 <Plugin ConfigController 'microdrop.gui.config_controller'>
2015-03-26 12:23:50,914 INFO 	 <Plugin ConfigController 'microdrop.gui.config_controller'>
2015-03-26 12:23:50,914 INFO 	 <Plugin MainWindowController 'microdrop.gui.main_window_controller'>
2015-03-26 12:23:50,914 INFO 	 <Plugin MainWindowController 'microdrop.gui.main_window_controller'>
2015-03-26 12:23:50,914 INFO 	 <Plugin MainWindowController 'microdrop.gui.main_window_controller'>
2015-03-26 12:23:50,914 INFO 	 <Plugin DmfDeviceController 'microdrop.gui.dmf_device_controller'>
2015-03-26 12:23:50,914 INFO 	 <Plugin DmfDeviceController 'microdrop.gui.dmf_device_controller'>
2015-03-26 12:23:50,914 INFO 	 <Plugin DmfDeviceController 'microdrop.gui.dmf_device_controller'>
2015-03-26 12:23:50,914 INFO 	 <Plugin ProtocolController 'microdrop.gui.protocol_controller'>
2015-03-26 12:23:50,914 INFO 	 <Plugin ProtocolController 'microdrop.gui.protocol_controller'>
2015-03-26 12:23:50,914 INFO 	 <Plugin ProtocolController 'microdrop.gui.protocol_controller'>
2015-03-26 12:23:50,914 INFO 	 <Plugin ProtocolGridController 'microdrop.gui.protocol_grid_controller'>
2015-03-26 12:23:50,914 INFO 	 <Plugin ProtocolGridController 'microdrop.gui.protocol_grid_controller'>
2015-03-26 12:23:50,914 INFO 	 <Plugin ProtocolGridController 'microdrop.gui.protocol_grid_controller'>
2015-03-26 12:23:50,914 INFO 	 <Plugin PluginManagerController 'microdrop.gui.plugin_manager_controller'>
2015-03-26 12:23:50,914 INFO 	 <Plugin PluginManagerController 'microdrop.gui.plugin_manager_controller'>
2015-03-26 12:23:50,914 INFO 	 <Plugin PluginManagerController 'microdrop.gui.plugin_manager_controller'>
2015-03-26 12:23:50,914 INFO 	 <Plugin App 'microdrop.app'>
2015-03-26 12:23:50,914 INFO 	 <Plugin App 'microdrop.app'>
2015-03-26 12:23:50,914 INFO 	 <Plugin App 'microdrop.app'>
2015-03-26 12:23:50,914 INFO Registered function generator plugins:
2015-03-26 12:23:50,914 INFO Registered function generator plugins:
2015-03-26 12:23:50,914 INFO Registered function generator plugins:
2015-03-26 12:23:50,914 INFO Registered logging plugins:
2015-03-26 12:23:50,914 INFO Registered logging plugins:
2015-03-26 12:23:50,914 INFO Registered logging plugins:
2015-03-26 12:23:50,924 INFO 	 <Plugin MainWindowController 'microdrop.gui.main_window_controller'>
2015-03-26 12:23:50,924 INFO 	 <Plugin MainWindowController 'microdrop.gui.main_window_controller'>
2015-03-26 12:23:50,924 INFO 	 <Plugin MainWindowController 'microdrop.gui.main_window_controller'>
2015-03-26 12:23:50,924 INFO Registered video plugins:
2015-03-26 12:23:50,924 INFO Registered video plugins:
2015-03-26 12:23:50,924 INFO Registered video plugins:
2015-03-26 12:23:50,924 INFO [DmfDeviceController].load_device: Microdrop\devices\DMF-90-pin-array\device
2015-03-26 12:23:50,924 INFO [DmfDeviceController].load_device: Microdrop\devices\DMF-90-pin-array\device
2015-03-26 12:23:50,924 INFO [DmfDeviceController].load_device: Microdrop\devices\DMF-90-pin-array\device
2015-03-26 12:23:50,924 INFO Loading DmfDevice from Microdrop\devices\DMF-90-pin-array\device
2015-03-26 12:23:50,924 INFO Loading DmfDevice from Microdrop\devices\DMF-90-pin-array\device
2015-03-26 12:23:50,924 INFO Loading DmfDevice from Microdrop\devices\DMF-90-pin-array\device
2015-03-26 12:23:51,043 INFO [DmfDeviceController].load_device: load existing device.
2015-03-26 12:23:51,043 INFO [DmfDeviceController].load_device: load existing device.
2015-03-26 12:23:51,043 INFO [DmfDeviceController].load_device: load existing device.
