60 4 6
0.55 0.55 1 1
0 1 1
1.667 5
0.0025
0.00295691
0.00349734
0.00413653
0.00489255
0.00578674
0.00684436
0.00809528
0.00957482
0.0113248
0.0133946
0.0158426
0.0187381
0.0221628
0.0262134
0.0310043
0.0366709
0.043373
0.0513002
0.0606761
0.0717656
0.0848819
0.100395
0.118744
0.140447
0.166116
0.196476
0.232385
0.274857
0.325091
0.384507
0.454782
0.537901
0.636211
0.752488
0.890017
1.05268
1.24508
1.47263
1.74178
2.06012
2.43664
2.88197
3.4087
4.0317
4.76855
5.64008
6.6709
7.89011
9.33215
11.0378
13.0551
15.4411
18.2632
21.6011
25.549
30.2185
35.7415
42.2738
50
324.824 0 0 0 
273.665 2.27192 3.30594 0.494156 
223.741 -0.94075 0.98836 0.275738 
186.14 -0.73645 0.0991607 0.204229 
152.402 -0.774505 0.0480664 0.208471 
127.186 -0.701665 -0.234903 0.166997 
112.77 -0.410626 -0.373835 0.0538433 
88.8868 -0.49859 -0.103253 0.0138112 
74.5716 -0.373039 -0.21676 0.0250828 
64.7177 -0.270989 -0.230798 0.0110923 
51.563 -0.261133 -0.102132 -0.0125815 
42.6037 -0.213294 -0.119561 -0.000908108 
32.4553 -0.196648 -0.0853637 0.00729944 
28.8569 -0.111032 -0.176243 0.0041456 
23.3007 -0.102893 -0.103917 -0.00483712 
19.1832 -0.0837259 -0.0875689 -0.00603502 
15.349 -0.0720474 -0.0624004 -0.00227642 
12.6423 -0.0506749 -0.0579139 -0.00424849 
9.95587 -0.0358002 -0.0383757 -0.00445099 
8.0001 -0.0140978 -0.0308146 -0.00314488 
6.35263 0.00170518 -0.0194587 -0.00184311 
5.00376 0.00928269 -0.0119611 -0.000555461 
3.89991 0.011235 -0.00744172 8.28367e-05 
2.99993 0.0109725 -0.00495408 0.000370111 
2.31338 0.00933654 -0.00314984 0.000248214 
1.71708 0.0058941 -0.00227528 0.000227119 
1.27301 0.00472987 -0.00163035 0.000168558 
0.928253 0.00341371 -0.00126271 0.000136975 
0.665416 0.0023144 -0.000991848 0.000105469 
0.468379 0.00161155 -0.000789484 9.12659e-05 
0.322896 0.00108412 -0.000623534 7.3182e-05 
0.218666 0.000729288 -0.000483182 6.27056e-05 
0.144808 0.000502741 -0.000368613 4.03202e-05 
0.0938486 0.000358314 -0.000260727 3.1929e-05 
0.0595549 0.000278559 -0.000185561 2.43594e-05 
0.0369905 0.000219256 -0.000129772 1.6076e-05 
0.0224899 0.000153905 -8.58077e-05 1.09997e-05 
0.0133965 9.30137e-05 -5.45685e-05 6.7392e-06 
0.007838 5.54543e-05 -3.33472e-05 4.06855e-06 
0.00449431 3.49098e-05 -1.9927e-05 2.36907e-06 
0.00253862 2.21423e-05 -1.16517e-05 1.33141e-06 
0.00141418 1.47361e-05 -6.70884e-06 7.56875e-07 
0.000777768 9.16442e-06 -3.74578e-06 4.05072e-07 
0.000422587 5.25806e-06 -2.026e-06 2.17774e-07 
0.000227232 2.85853e-06 -1.06792e-06 1.0852e-07 
0.000121273 1.65697e-06 -5.57737e-07 5.27851e-08 
6.43155e-05 9.48675e-07 -2.91036e-07 2.86506e-08 
3.38744e-05 4.68167e-07 -1.45451e-07 1.45865e-08 
1.77089e-05 2.20434e-07 -7.13414e-08 7.11774e-09 
9.24789e-06 1.02757e-07 -3.45993e-08 3.54451e-09 
4.80992e-06 4.85037e-08 -1.66364e-08 1.56913e-09 
2.49242e-06 2.43204e-08 -7.90025e-09 6.79867e-10 
1.29297e-06 1.36764e-08 -3.78207e-09 2.6557e-10 
6.71109e-07 7.42238e-09 -1.82034e-09 1.12517e-10 
3.45851e-07 3.73309e-09 -8.54183e-10 5.01656e-11 
1.78492e-07 1.80424e-09 -3.95037e-10 2.36442e-11 
9.19763e-08 8.44179e-10 -1.83809e-10 1.12181e-11 
4.73611e-08 3.83972e-10 -8.43876e-11 5.50843e-12 
2.43795e-08 1.69261e-10 -3.8985e-11 2.93138e-12 
1.25563e-08 7.36509e-11 -1.8038e-11 1.60603e-12 
5.9866e-08 0 0 0 
1.37004e-07 1.91622e-08 1.16308e-08 -3.02024e-09 
1.35937e-07 -4.37079e-09 -1.58105e-09 -3.45185e-09 
-2.41652e-07 5.03065e-08 -5.51837e-08 1.04155e-07 
7.62926e-08 -8.87426e-09 7.34624e-09 -5.82355e-10 
-5.50379e-09 2.87988e-08 5.71407e-10 -1.55423e-08 
6.30893e-08 2.53209e-08 1.28952e-08 8.54361e-09 
8.29379e-08 -1.78964e-08 1.67728e-08 -3.8868e-09 
-2.40138e-07 1.34442e-07 -7.65214e-08 3.32915e-08 
4.18319e-09 5.51311e-09 1.0254e-08 -3.63379e-09 
-2.89251e-08 2.51216e-08 -2.15835e-09 -1.00409e-09 
8.92721e-08 -6.26642e-08 -2.97727e-08 2.5719e-08 
3.17066e-07 -7.64403e-11 -9.54321e-08 2.55567e-08 
8.06825e-08 1.03504e-08 -3.19167e-08 1.0804e-08 
1.21227e-08 1.13142e-09 -1.00409e-10 7.73559e-10 
1.57539e-09 -9.01824e-10 3.16529e-09 8.19074e-10 
-1.44685e-07 2.73614e-08 2.76182e-09 -3.93913e-08 
4.40816e-09 7.39627e-09 -7.81413e-10 -5.0919e-09 
-5.09314e-09 1.63558e-09 -1.39691e-09 -5.99856e-10 
-1.02807e-08 1.38444e-09 -7.7947e-10 1.58987e-09 
-5.51371e-09 3.2603e-10 -3.56997e-10 2.08559e-10 
2.0138e-08 -4.09009e-09 4.67415e-10 7.94468e-09 
-1.55405e-07 -1.04799e-08 6.07941e-08 -1.8154e-08 
-8.89125e-09 2.67649e-10 8.90496e-10 -4.46169e-10 
-5.23229e-09 -4.54928e-10 -2.83293e-10 -5.11977e-10 
2.16665e-08 1.52834e-08 -3.47931e-09 -1.26199e-08 
-8.09344e-09 2.99285e-10 -9.54508e-11 6.15656e-11 
-1.24469e-08 -8.0187e-10 -2.3634e-10 2.42157e-11 
-6.74316e-09 -5.05635e-09 2.58299e-09 -2.59208e-09 
-1.18845e-08 6.85948e-10 1.76331e-10 -2.35965e-11 
-1.21308e-08 -1.62425e-09 3.97778e-10 -4.5583e-11 
-7.88862e-09 -1.85319e-10 6.23682e-10 4.90878e-10 
-1.06325e-09 1.31875e-10 9.63e-11 7.1234e-11 
4.03395e-08 -6.16313e-09 6.10209e-10 1.01768e-08 
9.8298e-09 1.48623e-09 -1.94484e-09 2.44744e-10 
2.78501e-08 -2.62664e-10 7.36561e-11 2.51385e-10 
3.99737e-08 -8.03022e-10 2.05385e-11 -2.62382e-11 
5.20975e-08 3.83807e-12 5.15243e-10 -1.30595e-09 
7.2107e-08 -1.71848e-09 -4.61915e-10 -4.09674e-10 
9.15951e-08 1.60213e-09 -2.54381e-10 -4.22958e-10 
1.03407e-07 -5.09754e-10 -1.75159e-10 -6.14112e-10 
2.61516e-07 -6.75307e-08 3.62061e-08 -2.00175e-08 
1.73043e-07 -4.18991e-09 -7.82563e-09 5.59869e-09 
1.64778e-07 -7.68534e-09 3.12213e-09 3.4802e-09 
2.23796e-07 -1.53889e-08 -2.49177e-09 1.09167e-08 
1.91085e-07 -7.55506e-09 1.4969e-09 6.99448e-10 
2.26085e-07 -3.82571e-09 -9.39763e-10 4.22228e-09 
2.35765e-07 -5.24328e-09 3.05014e-09 -2.84979e-09 
2.24875e-07 6.47664e-09 -5.45399e-09 4.70616e-09 
2.88143e-07 -1.33619e-08 -1.93157e-09 -3.55303e-09 
2.94625e-07 -1.90281e-08 -1.47027e-09 -8.78738e-09 
3.01873e-07 7.8264e-09 -9.32323e-09 7.71168e-09 
3.58259e-07 9.6099e-08 -3.60475e-08 -3.48925e-08 
3.51175e-07 3.99793e-09 -6.1402e-09 1.97298e-09 
3.22596e-07 -2.95817e-08 -1.82494e-08 2.63501e-09 
4.13593e-07 -3.98818e-09 1.45396e-08 -2.41022e-08 
4.18246e-07 -4.26073e-08 3.13918e-08 -6.28242e-09 
3.05324e-07 4.52234e-09 -5.47047e-09 -9.49745e-09 
2.33905e-07 8.25825e-09 -1.6942e-09 -1.47695e-09 
1.99266e-07 1.51417e-09 -1.69386e-09 1.97838e-09 
0.159748 0 0 0 
0.193309 -0.000662265 -0.000977384 -0.000126258 
0.208529 0.000334121 -0.000371575 -0.000112598 
0.222474 0.000318551 -2.19745e-05 -0.000110019 
0.238129 0.000426165 -1.84399e-05 -0.0001311 
0.252634 0.000499033 0.000211704 -0.000133098 
0.262253 0.000295619 0.000380474 -5.07452e-05 
0.282279 0.000497106 0.000153642 -1.68567e-05 
0.297169 0.000430324 0.000362344 -2.64207e-05 
0.309085 0.000314309 0.000451923 -8.67634e-06 
0.328899 0.000389736 0.000280973 3.74505e-05 
0.345379 0.000345939 0.00040095 1.02611e-05 
0.370502 0.000513617 0.00040036 -1.84537e-05 
0.380195 0.000200765 0.000891 -4.26017e-06 
0.400175 0.000256161 0.000679273 3.86725e-05 
0.417639 0.000213188 0.000698154 5.58546e-05 
0.437881 0.000222694 0.000614303 3.64238e-05 
0.454315 6.09922e-05 0.00067108 6.33299e-05 
0.474777 -5.02892e-05 0.000520052 7.71597e-05 
0.492023 -0.000420348 0.000449608 6.24601e-05 
0.509319 -0.000877762 0.000237705 3.76172e-05 
0.525969 -0.00128235 5.79188e-05 3.04205e-05 
0.54189 -0.00160482 -7.52409e-05 4.15459e-05 
0.557015 -0.00189086 -0.000161607 6.08712e-05 
0.569724 -0.00213116 -0.000257618 7.72857e-05 
0.582559 -0.00223245 -0.00033321 8.84455e-05 
0.592701 -0.00249957 -0.000431052 0.000120402 
0.600915 -0.00273079 -0.0004847 0.000151881 
0.60702 -0.00299901 -0.000531465 0.000166182 
0.610648 -0.00328225 -0.000580255 0.000186929 
0.611732 -0.00356872 -0.000634949 0.00021307 
0.610201 -0.00386758 -0.000695718 0.000242836 
0.605837 -0.00414414 -0.000723384 0.000259305 
0.598661 -0.00443536 -0.000783432 0.000288365 
0.588694 -0.00481903 -0.000804253 0.000309271 
0.576109 -0.00524775 -0.000796702 0.000318574 
0.561063 -0.0055773 -0.000789337 0.000328274 
0.543943 -0.00560579 -0.000797557 0.000328507 
0.524964 -0.00556048 -0.000803001 0.000333119 
0.504261 -0.00551731 -0.000790762 0.000331783 
0.482268 -0.00538056 -0.000797076 0.000330713 
0.459337 -0.00536652 -0.00077125 0.000325146 
0.435823 -0.00528748 -0.00071177 0.000300445 
0.412034 -0.00502459 -0.000668907 0.000285322 
0.388355 -0.00462404 -0.000635645 0.000266893 
0.364955 -0.00436591 -0.000584322 0.000250036 
0.341907 -0.00419377 -0.000505455 0.000228055 
0.319727 -0.00376746 -0.000447371 0.000206015 
0.298338 -0.00328622 -0.000399947 0.000188358 
0.27794 -0.00281464 -0.000361241 0.000170105 
0.258461 -0.00237719 -0.000328798 0.000149915 
0.239909 -0.00202075 -0.000303373 0.00013321 
0.222452 -0.00181965 -0.000272238 0.000118526 
0.206134 -0.00164473 -0.000233616 0.000103547 
0.190718 -0.0014408 -0.000196807 9.21097e-05 
0.176396 -0.00124092 -0.000164096 8.09843e-05 
0.163017 -0.00105384 -0.000136974 7.08493e-05 
0.150499 -0.000884296 -0.000111925 6.15553e-05 
0.138695 -0.00072453 -9.01089e-05 5.22183e-05 
0.127323 -0.000578662 -7.00679e-05 4.45138e-05 
0.158646 0 0 0 
0.192961 -0.000549602 -0.00097849 -0.000127743 
0.208301 0.000442906 -0.000377823 -0.000103672 
0.222326 0.000393096 -1.12714e-05 -9.36586e-05 
0.238129 0.000485556 -3.893e-06 -0.000122895 
0.252554 0.000524672 0.000237895 -0.000120908 
0.262003 0.000307514 0.000417823 -3.79672e-05 
0.282014 0.000508919 0.000200044 -1.21824e-05 
0.296826 0.000432006 0.000416847 -1.77422e-05 
0.308607 0.000306801 0.000529776 -5.39664e-06 
0.328411 0.000391162 0.000356363 3.73252e-05 
0.345032 0.000340289 0.000483593 1.94194e-05 
0.370171 0.000502523 0.000488528 -1.30788e-05 
0.379564 0.000167881 0.00101995 1.57176e-05 
0.39933 0.000263591 0.000826646 4.30459e-05 
0.416566 0.000232477 0.000867226 6.21025e-05 
0.436606 0.000253211 0.00080235 3.72605e-05 
0.452691 8.93529e-05 0.000884341 6.71729e-05 
0.472846 -1.04453e-05 0.000759627 7.43737e-05 
0.489685 -0.000342659 0.000737157 5.76805e-05 
0.506553 -0.000686045 0.000596437 3.63882e-05 
0.522706 -0.000931198 0.000473769 3.81172e-06 
0.538081 -0.00106321 0.000378236 -2.00763e-05 
0.552633 -0.00116453 0.000316021 -3.97465e-05 
0.564504 -0.00117057 0.000240034 -3.60654e-05 
0.576505 -0.00104988 0.000218365 -3.79575e-05 
0.585462 -0.00106916 0.000188541 -3.53828e-05 
0.592374 -0.00101802 0.00018188 -3.39361e-05 
0.596792 -0.000981451 0.000188708 -3.31093e-05 
0.598589 -0.000929917 0.000213633 -3.91144e-05 
0.597536 -0.000913478 0.000249446 -4.39495e-05 
0.593597 -0.000874006 0.000288021 -5.52042e-05 
0.586783 -0.000860601 0.000344864 -4.8029e-05 
0.577205 -0.000844897 0.000368854 -5.98903e-05 
0.564828 -0.000990057 0.000423558 -7.46532e-05 
0.550012 -0.00119103 0.000485907 -7.81367e-05 
0.532873 -0.00136282 0.000531249 -9.12981e-05 
0.514095 -0.00130717 0.000556235 -8.7825e-05 
0.493822 -0.00125871 0.00056352 -8.81547e-05 
0.472307 -0.00129677 0.00057431 -8.84769e-05 
0.450052 -0.0013623 0.000581469 -8.73823e-05 
0.427273 -0.0015551 0.000588115 -8.89117e-05 
0.404279 -0.00168271 0.00057951 -8.57586e-05 
0.381393 -0.00167982 0.000561509 -8.43255e-05 
0.358848 -0.00158398 0.000532322 -7.48323e-05 
0.336774 -0.00162928 0.000502983 -6.65085e-05 
0.31514 -0.00170431 0.000486662 -6.76842e-05 
0.294394 -0.00152256 0.000441904 -6.0525e-05 
0.274441 -0.00129558 0.000394554 -5.18956e-05 
0.255427 -0.00108234 0.000347225 -4.60676e-05 
0.237248 -0.000910006 0.000306176 -3.73274e-05 
0.219917 -0.00081101 0.000267997 -3.0649e-05 
0.203511 -0.000824664 0.000236585 -2.36854e-05 
0.188058 -0.000811925 0.000210324 -2.06748e-05 
0.173446 -0.000744128 0.000184047 -1.64612e-05 
0.159908 -0.000653335 0.000159043 -1.37968e-05 
0.14739 -0.000556747 0.000135799 -1.14399e-05 
0.13602 -0.00046288 0.00011453 -1.04987e-05 
0.125897 -0.000373082 9.62917e-05 -9.16564e-06 
0.117092 -0.000299578 8.26043e-05 -8.27979e-06 
0.164548 0 0 0 
0.198579 -0.000752567 -0.0010397 -0.000145765 
0.214387 0.000430811 -0.000387482 -0.000141498 
0.228664 0.00046682 -2.23516e-05 -0.000115011 
0.244561 0.00064729 -1.92577e-05 -0.000151776 
0.25923 0.000738711 0.000221302 -0.000152845 
0.269022 0.000504803 0.000394231 -5.80658e-05 
0.289004 0.000795228 0.000141675 -7.36579e-06 
0.30369 0.000740353 0.000373468 -4.017e-05 
0.315518 0.0006119 0.00046832 -1.41576e-05 
0.334821 0.000751722 0.000267747 4.7749e-05 
0.350615 0.000750332 0.00038436 1.6826e-05 
0.374058 0.000962267 0.000366179 -1.36062e-05 
0.383476 0.000510061 0.000897938 -5.69314e-06 
0.402277 0.000527299 0.000653176 5.14883e-05 
0.41869 0.000416159 0.000674913 6.36276e-05 
0.43758 0.000421936 0.000590395 3.39762e-05 
0.453323 0.000190802 0.000674088 4.92052e-05 
0.47239 0.000183756 0.000544691 5.70474e-05 
0.488855 -5.53439e-05 0.000551867 3.47981e-05 
0.5055 -0.000229595 0.000437371 1.16598e-05 
0.521606 -0.00027301 0.000329585 -2.62555e-05 
0.537103 -0.00016264 0.000229685 -5.85914e-05 
0.551727 5.36856e-05 0.000146608 -8.11269e-05 
0.564223 0.000240882 7.85301e-05 -8.01359e-05 
0.576404 0.000646195 1.92348e-05 -8.93166e-05 
0.585971 0.000971083 -3.44167e-05 -8.84789e-05 
0.593657 0.00140987 -8.14028e-05 -8.99413e-05 
0.598979 0.00181553 -0.000114708 -9.67962e-05 
0.601904 0.00231532 -0.000145288 -9.97642e-05 
0.602164 0.00279149 -0.000156505 -0.000117658 
0.599754 0.00329978 -0.000167204 -0.000133611 
0.594578 0.00383422 -0.000174111 -0.000145429 
0.586686 0.00434967 -0.000175643 -0.000159917 
0.576036 0.00469285 -0.000144609 -0.000181078 
0.56293 0.00487762 -0.000116789 -0.000198697 
0.547504 0.00501804 -7.83283e-05 -0.000215957 
0.530291 0.00526455 -5.83531e-05 -0.000224875 
0.5114 0.00548543 -2.04512e-05 -0.000234963 
0.490954 0.00555934 2.94936e-05 -0.000245768 
0.469439 0.00556037 8.17567e-05 -0.000250213 
0.447068 0.00532283 0.000137559 -0.000256307 
0.424252 0.00500531 0.000187057 -0.000258355 
0.401355 0.00470699 0.000228007 -0.000255602 
0.378647 0.00447388 0.000256083 -0.000243596 
0.356158 0.00405927 0.000280087 -0.000230426 
0.333994 0.00346812 0.000297857 -0.000222142 
0.312765 0.00308246 0.000291131 -0.00020239 
0.292274 0.00277305 0.000276264 -0.000186673 
0.272757 0.00251321 0.000271358 -0.000168077 
0.25409 0.00227652 0.000266187 -0.000154966 
0.236297 0.00203403 0.000268533 -0.000140275 
0.219472 0.00169733 0.000266201 -0.00012524 
0.203664 0.00137037 0.000253825 -0.000111149 
0.188683 0.00110927 0.000233155 -9.7836e-05 
0.174717 0.000899088 0.000207459 -8.40584e-05 
0.161626 0.000730603 0.000178744 -7.22273e-05 
0.14934 0.000594563 0.000149922 -6.09897e-05 
0.137729 0.000489157 0.000124262 -5.14654e-05 
0.126556 0.000389474 0.000104127 -4.45569e-05 
0.130685 0 0 0 
0.157766 -0.000602503 -0.000816507 -0.000110294 
0.170226 0.000298128 -0.000300893 -0.000109305 
0.181474 0.000311404 -1.30816e-05 -9.11702e-05 
0.194003 0.000434745 -1.33332e-05 -0.000114558 
0.205563 0.000503923 0.000176663 -0.000118179 
0.213319 0.000319742 0.000315637 -4.74339e-05 
0.229167 0.000518663 0.000117408 -9.09173e-06 
0.24085 0.000465801 0.000295452 -2.74253e-05 
0.250278 0.000351742 0.000372809 -1.0082e-05 
0.265709 0.00043144 0.000221246 3.52536e-05 
0.278405 0.000403806 0.000317264 1.0935e-05 
0.297469 0.000572219 0.000305949 -1.18094e-05 
0.305031 0.000251388 0.000719741 -4.84404e-06 
0.320416 0.000285806 0.000532934 3.86598e-05 
0.333857 0.000230649 0.000547794 5.06579e-05 
0.349398 0.000256285 0.00047306 3.23647e-05 
0.362211 0.000109739 0.00052297 5.01223e-05 
0.37795 9.75947e-05 0.000394356 6.24607e-05 
0.391407 -0.00010673 0.000357493 4.80067e-05 
0.405004 -0.000313893 0.000211028 2.56235e-05 
0.418146 -0.000449253 6.58953e-05 -2.23175e-06 
0.430768 -0.00049663 -6.58084e-05 -1.61615e-05 
0.442746 -0.00048362 -0.000182831 -1.6289e-05 
0.45292 -0.00048317 -0.000280742 -1.08497e-05 
0.463005 -0.000325996 -0.000383416 -6.31018e-06 
0.471011 -0.000262137 -0.00049299 5.7951e-06 
0.477533 -0.000150729 -0.000588718 2.07728e-05 
0.482259 -4.60525e-05 -0.000680723 2.27671e-05 
0.485066 7.1705e-05 -0.000781568 3.56992e-05 
0.485785 0.000207629 -0.000875895 3.78472e-05 
0.484415 0.000346565 -0.000975151 4.57699e-05 
0.480784 0.00053204 -0.00107476 4.83767e-05 
0.474947 0.000666614 -0.00117565 5.82409e-05 
0.46689 0.0007088 -0.00124798 6.20512e-05 
0.456764 0.000667453 -0.00130421 5.93277e-05 
0.444716 0.000627225 -0.00134048 5.56577e-05 
0.431083 0.000750229 -0.00137701 5.19331e-05 
0.415997 0.000876983 -0.00139461 4.67128e-05 
0.399567 0.000943737 -0.00139395 4.15213e-05 
0.38216 0.00101087 -0.00139083 3.9212e-05 
0.364007 0.000917462 -0.00135896 3.27006e-05 
0.345416 0.000800754 -0.00129558 1.84728e-05 
0.326658 0.000748138 -0.00121989 8.51171e-06 
0.308004 0.000770067 -0.00114857 6.87107e-08 
0.289531 0.000658403 -0.00106459 -4.28835e-06 
0.271319 0.000424164 -0.000953672 -1.3772e-05 
0.253831 0.000362223 -0.000852497 -1.87729e-05 
0.236953 0.00036351 -0.000760514 -2.29526e-05 
0.220863 0.000382873 -0.000674719 -2.58298e-05 
0.205492 0.000411453 -0.000597665 -3.22607e-05 
0.19086 0.00041092 -0.000529379 -3.51753e-05 
0.177066 0.00031385 -0.000463529 -3.50206e-05 
0.164144 0.000207942 -0.000397781 -3.42171e-05 
0.151931 0.000140966 -0.000337608 -3.11865e-05 
0.140583 9.65507e-05 -0.000285728 -2.74298e-05 
0.12999 6.74934e-05 -0.000242039 -2.37444e-05 
0.120108 4.75434e-05 -0.000202981 -1.95602e-05 
0.11085 4.01528e-05 -0.000168115 -1.66845e-05 
0.10204 3.30128e-05 -0.00013608 -1.48043e-05 
-1.09823 2.31498e-05 -1.83774e-05 -2.52866e-06 
-1.09448 3.46779e-05 -2.98223e-05 -5.55636e-06 
-1.09632 5.97803e-05 -2.27987e-05 -6.78452e-06 
-1.09485 8.54481e-05 -7.82449e-06 -7.529e-06 
-1.09306 0.000110003 6.43722e-06 -8.49274e-06 
-1.09127 0.000132713 2.20001e-05 -8.17087e-06 
-1.08885 0.00015453 3.54409e-05 -5.71349e-06 
-1.08592 0.000178988 4.39722e-05 -3.66034e-06 
-1.08252 0.000202491 5.85884e-05 -3.0034e-06 
-1.0785 0.00022608 7.35625e-05 -1.51141e-06 
-1.07393 0.000250921 8.54836e-05 5.25101e-07 
-1.0682 0.00027355 0.000107608 -1.81592e-07 
-1.06175 0.000290339 0.000141506 -1.54312e-06 
-1.05442 0.000296752 0.000188375 9.31228e-08 
-1.04583 0.000298942 0.000215602 4.94462e-06 
-1.03609 0.000290093 0.000237401 8.72609e-06 
-1.0247 0.000261295 0.000257311 1.06563e-05 
-1.01172 0.000198944 0.000277909 1.50527e-05 
-0.996745 9.80454e-05 0.00028566 1.89097e-05 
-0.980012 -4.60584e-05 0.000285285 1.89038e-05 
-0.960792 -0.000218285 0.000269395 1.47701e-05 
-0.939006 -0.000394309 0.000245813 7.31814e-06 
-0.915082 -0.000553544 0.000223099 -5.66704e-07 
-0.888279 -0.000684231 0.000206053 -6.72684e-06 
-0.858512 -0.000776612 0.000194734 -9.71382e-06 
-0.8259 -0.000826601 0.000192021 -1.17436e-05 
-0.79068 -0.000858754 0.000196468 -1.32284e-05 
-0.752568 -0.00087145 0.000207771 -1.48174e-05 
-0.712194 -0.000868655 0.000224424 -1.66406e-05 
-0.669769 -0.000852573 0.000243423 -1.90296e-05 
-0.625732 -0.000832437 0.000262388 -2.1456e-05 
-0.580615 -0.000812132 0.000278836 -2.35016e-05 
-0.534974 -0.000795278 0.000289642 -2.41407e-05 
-0.489279 -0.000784011 0.000290913 -2.49859e-05 
-0.44468 -0.000775324 0.000286504 -2.54643e-05 
-0.401205 -0.000759179 0.000275067 -2.45739e-05 
-0.35956 -0.000720152 0.000255289 -2.27938e-05 
-0.320395 -0.000663719 0.000229605 -2.01835e-05 
-0.283446 -0.000595975 0.000199796 -1.71732e-05 
-0.249481 -0.000529784 0.000169439 -1.41606e-05 
-0.218479 -0.000468462 0.000140547 -1.13776e-05 
-0.190459 -0.000409863 0.000113844 -8.9528e-06 
-0.165354 -0.000352931 9.0352e-05 -6.87286e-06 
-0.143044 -0.000295785 6.98138e-05 -5.13625e-06 
-0.123322 -0.000242413 5.28523e-05 -3.71865e-06 
-0.106018 -0.000195202 3.93013e-05 -2.64543e-06 
-0.0911264 -0.000153893 2.8783e-05 -1.90434e-06 
-0.0778225 -0.000117974 2.06846e-05 -1.36401e-06 
-0.0664973 -8.79164e-05 1.45826e-05 -9.5313e-07 
-0.056694 -6.43064e-05 1.01191e-05 -6.51935e-07 
-0.0483139 -4.66081e-05 6.94031e-06 -4.26574e-07 
-0.0411008 -3.3706e-05 4.70666e-06 -2.66176e-07 
-0.0349292 -2.45048e-05 3.17747e-06 -1.59191e-07 
-0.0296898 -1.78282e-05 2.13109e-06 -9.46866e-08 
-0.0251852 -1.28133e-05 1.41376e-06 -5.75651e-08 
-0.0213663 -9.13265e-06 9.34458e-07 -3.65033e-08 
-0.0181199 -6.41205e-06 6.10417e-07 -2.37856e-08 
-0.0153548 -4.43561e-06 3.83404e-07 -1.60811e-08 
-0.0130083 -3.04188e-06 2.35526e-07 -1.13654e-08 
-0.0110155 -2.07023e-06 1.24003e-07 -8.19762e-09 
1.70077 0.0185198 -0.0294039 -0.00606879 
1.94593 0.0367958 -0.0085238 -0.00498596 
2.10865 0.0469557 0.0235819 -0.00108078 
2.20372 0.0358669 0.0216493 -0.00134983 
2.25862 0.02879 0.0177817 -0.00076333 
2.28221 0.0224758 0.0159739 0.0015472 
2.30905 0.0200057 0.00894406 0.00236027 
2.32066 0.0180914 0.00766268 0.00090683 
2.30539 0.0143119 0.0102534 0.000461053 
2.29897 0.0127617 0.00660024 0.00113689 
2.2844 0.0109289 0.00678583 0.000429718 
2.24799 0.0077199 0.010387 -0.000628947 
2.18545 0.00363777 0.0136679 -0.000103405 
2.12369 0.000999077 0.0108344 0.000970226 
2.07901 -0.000325502 0.00481424 0.00113562 
2.03098 -0.00330098 0.00399079 0.0004715 
1.97263 -0.00715556 0.0034277 0.00045248 
1.91058 -0.0110423 0.0021398 0.000676978 
1.84133 -0.0142781 0.000375379 0.000263225 
1.76625 -0.0158955 -0.000715147 -0.000209546 
1.68625 -0.0148078 -0.0017852 -0.000503457 
1.59944 -0.0119546 -0.00172037 -0.000571881 
1.51307 -0.00867167 -0.00119968 -0.000437824 
1.41889 -0.00561565 -0.000717488 -0.00022903 
1.32101 -0.00299054 -0.000306703 -9.2122e-05 
1.21938 -0.00142308 3.88012e-05 -6.27157e-05 
1.11367 -0.000706861 0.000239749 -4.4111e-05 
1.00573 -8.30737e-05 0.000366591 -4.29222e-05 
0.898738 0.00022641 0.000399131 -4.57464e-05 
0.793678 0.000324316 0.000361655 -4.57306e-05 
0.692096 0.00032739 0.000280639 -3.68384e-05 
0.595676 0.000246027 0.000182445 -1.73623e-05 
0.505887 0.000151349 7.42644e-05 -6.07964e-06 
0.423781 8.40005e-05 -1.65353e-05 -8.48653e-06 
0.350163 8.208e-05 -6.23351e-05 1.47959e-06 
0.28544 0.000169715 -0.000102699 9.44486e-06 
0.229633 0.000277127 -0.000131114 1.24467e-05 
0.182398 0.000308486 -0.000134297 1.38682e-05 
0.14315 0.000272642 -0.000123169 1.22974e-05 
0.111093 0.000218286 -0.000102438 1.00282e-05 
0.0853217 0.000172002 -8.04539e-05 7.56676e-06 
0.0649178 0.000140714 -6.15996e-05 5.50823e-06 
0.0489801 0.000118705 -4.55789e-05 3.95582e-06 
0.0366853 9.73387e-05 -3.27803e-05 2.74975e-06 
0.0272905 7.47175e-05 -2.25255e-05 1.86093e-06 
0.020182 5.5076e-05 -1.4944e-05 1.11951e-06 
0.0148871 4.08169e-05 -9.76066e-06 6.55991e-07 
0.0108841 2.96456e-05 -6.3029e-06 4.21848e-07 
0.00794551 2.02222e-05 -3.94741e-06 2.66329e-07 
0.00578057 1.3105e-05 -2.40795e-06 1.66076e-07 
0.00419615 8.15397e-06 -1.43673e-06 1.03916e-07 
0.00303864 4.95389e-06 -8.43454e-07 6.03238e-08 
0.00219489 3.0096e-06 -4.86192e-07 3.25746e-08 
0.00158422 1.87233e-06 -2.8074e-07 1.58457e-08 
0.00114143 1.18228e-06 -1.6297e-07 7.67066e-09 
0.000821178 7.38126e-07 -9.25838e-08 3.75587e-09 
0.000590489 4.55399e-07 -5.23667e-08 1.93525e-09 
0.000424125 2.76319e-07 -3.0867e-08 9.97234e-10 
0.000304414 1.64043e-07 -1.83433e-08 5.31218e-10 
0.000218339 9.52808e-08 -1.24003e-08 3.27753e-10 
680.31 7.40792 -35.2847 -12.1376 
403.301 70.2838 124.494 17.045 
199.942 -27.082 5.12575 -0.155883 
104.06 -10.5151 -14.0056 -1.14615 
34.2794 -8.52756 0.827655 2.43886 
10.3639 -6.03229 -5.66458 2.85757 
33.8278 1.04625 -8.62241 -1.41423 
-14.8454 -3.74581 5.68779 -1.44181 
-13.005 -1.45643 -1.61775 0.576545 
0.625861 -0.190306 -2.74527 0.210297 
-17.1147 -1.4442 2.74058 -0.968914 
-16.1039 -1.13606 0.502392 -0.0251635 
-29.3401 -1.60475 1.77431 0.42268 
-10.3315 0.0465799 -3.27387 0.259027 
-12.2197 -0.597346 0.0316657 -0.179518 
-10.4812 -0.606699 -0.270017 -0.142102 
-11.1449 -0.707333 0.111295 0.122204 
-8.66633 -0.448306 -0.419066 -0.0421728 
-9.23197 -0.344515 -0.0138204 -0.0720411 
-7.95281 0.00599027 -0.169156 -0.0343147 
-7.07864 0.211942 -0.00447833 -0.0160698 
-6.24676 0.244934 0.0464978 0.0107638 
-5.63839 0.196193 0.0457704 0.0131268 
-5.04912 0.148137 0.024208 0.0140516 
-4.27609 0.0996738 0.0236946 0.000903193 
-3.89243 0.0225698 0.0100431 0.00143219 
-3.33797 0.0223132 0.00715512 -0.000175444 
-2.82335 0.0111369 0.00238853 3.36315e-05 
-2.35875 0.00207186 0.000421619 -0.000303627 
-1.93989 0.000230158 -0.000803123 0.000173542 
-1.5711 -0.001427 -0.00122493 7.4006e-05 
-1.24569 -0.00173049 -0.00116238 0.0004258 
-0.971111 -0.0012604 -0.00109965 -0.00018824 
-0.742535 -0.000629058 -0.000317323 4.20369e-05 
-0.556487 0.000317502 -0.000207996 9.69993e-05 
-0.409008 0.000756337 -0.000162657 -1.10535e-05 
-0.294973 0.000409305 4.31971e-06 1.09092e-05 
-0.208818 -0.000142294 9.21792e-05 -1.86423e-05 
-0.145165 -0.000277009 0.000124118 -1.69671e-05 
-0.0993235 -0.000201683 0.000107786 -1.4045e-05 
-0.0668812 -0.000133639 8.15355e-05 -1.11882e-05 
-0.0443991 -6.67488e-05 5.46792e-05 -6.03091e-06 
-0.0291038 -4.94225e-05 3.73756e-05 -4.4125e-06 
-0.0188693 -4.46637e-05 2.48348e-05 -2.39121e-06 
-0.0121102 -3.67428e-05 1.58156e-05 -1.66769e-06 
-0.00770263 -2.25509e-05 9.2956e-06 -1.0442e-06 
-0.00487492 -1.36971e-05 5.10003e-06 -4.06736e-07 
-0.00305031 -1.00864e-05 2.96089e-06 -2.22383e-07 
-0.00190278 -6.67417e-06 1.65123e-06 -1.29159e-07 
-0.00118074 -4.01077e-06 8.83374e-07 -6.04774e-08 
-0.000730105 -2.24904e-06 4.58885e-07 -3.77167e-08 
-0.00044985 -1.18146e-06 2.34777e-07 -1.93021e-08 
-0.000276168 -5.76819e-07 1.15639e-07 -1.05693e-08 
-0.000169271 -2.92562e-07 5.55902e-08 -4.46763e-09 
-0.00010351 -1.5695e-07 2.73836e-08 -1.79413e-09 
-6.3161e-05 -8.50448e-08 1.354e-08 -7.1144e-10 
-3.85034e-05 -4.57506e-08 6.44102e-09 -3.05772e-10 
-2.34354e-05 -2.42326e-08 2.95786e-09 -1.34578e-10 
-1.42488e-05 -1.26565e-08 1.29917e-09 -5.28048e-11 
-8.65468e-06 -6.46597e-09 4.68006e-10 -1.9647e-11 
