60 4 6
0.55 0.55 1 1
0 1 1
1.667 5.0
0.0025
0.00295691
0.00349734
0.00413653
0.00489255
0.00578674
0.00684436
0.00809528
0.00957482
0.0113248
0.0133946
0.0158426
0.0187381
0.0221628
0.0262134
0.0310043
0.0366709
0.043373
0.0513002
0.0606761
0.0717656
0.0848819
0.100395
0.118744
0.140447
0.166116
0.196476
0.232385
0.274857
0.325091
0.384507
0.454782
0.537901
0.636211
0.752488
0.890017
1.05268
1.24508
1.47263
1.74178
2.06012
2.43664
2.88197
3.4087
4.0317
4.76855
5.64008
6.6709
7.89011
9.33215
11.0378
13.0551
15.4411
18.2632
21.6011
25.549
30.2185
35.7415
42.2738
50
1076.11 0 0 0 
909.933 -2.26156 8.41815 0.18159 
760.98 -3.31705 4.37109 0.336598 
603.26 -4.17385 2.11462 0.403517 
496.235 -3.41862 0.255607 0.212159 
402.929 -2.99519 -0.436676 0.137762 
325.548 -2.56105 -0.799326 0.0652477 
262.856 -2.12899 -0.967697 0.0507998 
211.225 -1.75355 -0.959879 0.0430955 
169.419 -1.41461 -0.890854 0.0364507 
135.468 -1.14411 -0.783814 0.0274154 
107.083 -0.933388 -0.654117 0.0195787 
84.3871 -0.744488 -0.562033 0.0162891 
66.9952 -0.583316 -0.490613 0.00971464 
51.7857 -0.460961 -0.377588 0.00105084 
40.2272 -0.343236 -0.318811 -0.00248757 
31.1107 -0.245875 -0.260765 -0.00903057 
23.8552 -0.162014 -0.204799 -0.0136533 
18.1486 -0.0864137 -0.153109 -0.0138483 
13.7736 -0.0185538 -0.104521 -0.010092 
10.3481 0.0270325 -0.0628944 -0.00481311 
7.69057 0.0460851 -0.0355238 -0.00160423 
5.65034 0.0470163 -0.0191596 1.11405e-05 
4.09931 0.04014 -0.0102741 0.000357828 
2.93364 0.0306743 -0.00553362 0.000189868 
2.07495 0.0223888 -0.00281262 0.000107827 
1.44462 0.0151756 -0.00144036 5.22471e-05 
0.992629 0.0103297 -0.000835517 -6.41818e-05 
0.673568 0.00706035 -0.000530718 -8.31968e-05 
0.449108 0.00491076 -0.000354214 -6.21325e-05 
0.295984 0.00388561 -0.000269075 -6.54059e-05 
0.192165 0.00308061 -0.000261391 -2.28406e-05 
0.123342 0.00232919 -0.000210759 2.59635e-06 
0.0778176 0.00151876 -0.000128184 -2.59327e-06 
0.0483775 0.000986082 -7.73157e-05 -5.92254e-06 
0.0296833 0.000676188 -5.26758e-05 -4.73801e-06 
0.0179882 0.00046413 -3.54331e-05 -3.41736e-06 
0.0107913 0.000321444 -2.53153e-05 -1.06689e-06 
0.00638423 0.000206964 -1.58962e-05 -2.87363e-07 
0.00375075 0.000126808 -8.68839e-06 -4.1127e-07 
0.00214467 7.50016e-05 -4.74917e-06 -3.97725e-07 
0.00124404 4.64876e-05 -2.75353e-06 -2.21306e-07 
0.000708109 2.66998e-05 -1.542e-06 -9.89944e-08 
0.000397423 1.40553e-05 -6.81022e-07 -1.03038e-07 
0.000221241 7.19032e-06 -2.92211e-07 -7.87484e-08 
0.000122264 3.57306e-06 -1.20564e-07 -5.10861e-08 
6.71547e-05 1.77217e-06 -5.5878e-08 -2.95599e-08 
3.6738e-05 9.14067e-07 -2.74729e-08 -1.91926e-08 
2.00421e-05 5.16865e-07 -1.72393e-08 -1.02556e-08 
1.08864e-05 2.85637e-07 -9.92631e-09 -5.00733e-09 
5.87568e-06 1.48092e-07 -5.02426e-09 -2.4921e-09 
3.15181e-06 7.35416e-08 -2.32582e-09 -1.25052e-09 
1.6872e-06 3.54126e-08 -1.02287e-09 -6.20305e-10 
8.98781e-07 1.64949e-08 -4.13906e-10 -2.95162e-10 
4.75297e-07 7.34145e-09 -1.26664e-10 -1.48642e-10 
2.51827e-07 3.209e-09 -2.05294e-11 -7.55135e-11 
1.32875e-07 1.38719e-09 2.14119e-12 -3.5259e-11 
6.99183e-08 5.93536e-10 7.12682e-12 -1.62556e-11 
3.6732e-08 2.53972e-10 5.15496e-12 -7.23051e-12 
1.92663e-08 1.07365e-10 3.2177e-12 -2.99055e-12 
-1.46096e-08 0 0 0 
1.61345e-08 1.37082e-08 1.83252e-09 9.58828e-10 
-1.34753e-08 9.58511e-10 3.58648e-10 -1.55531e-09 
-5.38838e-09 -4.69974e-10 -8.4747e-10 -7.65238e-11 
4.23758e-09 -4.72164e-09 3.89696e-09 -3.35545e-09 
2.14772e-08 -4.53445e-09 -1.03706e-10 3.71983e-09 
-4.69246e-09 3.00098e-09 -6.92516e-10 -8.30705e-10 
-7.4432e-09 1.08323e-09 9.29425e-09 -2.00959e-09 
1.65392e-08 5.89836e-10 -9.51548e-10 1.2034e-09 
5.55751e-09 -4.12554e-10 -1.14317e-09 -1.29759e-09 
-5.8937e-08 3.62764e-08 -1.76657e-08 1.11174e-08 
1.95402e-08 -2.9472e-09 1.08293e-09 -9.1243e-11 
1.31946e-08 -2.90309e-09 1.13205e-09 -5.72256e-10 
1.60621e-08 -3.0142e-09 -1.07368e-10 2.89444e-09 
6.73784e-09 5.5671e-10 1.79296e-09 8.81444e-10 
-8.84752e-09 4.4879e-10 1.45561e-11 3.06875e-10 
1.34689e-08 -2.75598e-09 -2.78958e-10 -7.3493e-10 
1.70373e-08 -2.98391e-09 3.51207e-09 -1.36865e-09 
1.02073e-09 -6.08067e-11 -8.94501e-10 -5.37767e-11 
1.83246e-08 1.6287e-09 1.76146e-09 -1.1699e-10 
3.11775e-09 4.49409e-09 -2.52968e-09 -5.90231e-10 
7.36746e-09 -6.36213e-09 -9.98962e-10 8.31493e-11 
1.54356e-08 -1.43236e-08 2.38438e-10 2.37116e-10 
3.24697e-08 -3.31813e-10 2.14625e-09 -6.25863e-10 
4.50785e-08 7.05582e-09 1.61302e-09 9.60291e-11 
4.10295e-08 -1.43262e-08 -1.48776e-09 2.60411e-09 
8.99347e-08 2.28354e-09 -3.14905e-10 3.93712e-09 
8.3339e-08 4.20367e-10 -9.25006e-10 -1.11046e-09 
8.99859e-08 -5.31317e-09 -3.07686e-09 7.8828e-10 
9.81763e-08 1.48895e-09 1.31752e-09 6.8976e-09 
1.30366e-07 -5.78257e-09 3.86875e-09 -2.83279e-10 
1.06182e-07 6.12533e-09 2.87199e-09 -9.46886e-09 
1.54686e-07 -2.41748e-09 2.09536e-09 -3.73355e-09 
1.77775e-07 -4.84624e-09 -1.41078e-09 1.37127e-09 
1.9164e-07 -7.21514e-09 2.60558e-09 -1.18529e-09 
1.79326e-07 -1.20432e-08 1.52839e-08 -4.96919e-09 
1.44394e-07 -1.08419e-07 1.55323e-08 7.92631e-08 
1.67649e-07 -1.65532e-08 3.3094e-08 -9.22763e-09 
2.46192e-07 -1.35729e-08 8.02964e-10 3.03743e-09 
2.6593e-07 -1.28751e-08 -9.21552e-10 -2.57901e-10 
2.72197e-07 -1.19761e-08 3.07899e-09 -1.89289e-09 
3.35101e-07 -1.41941e-08 -8.30431e-09 5.09079e-09 
3.11257e-07 -1.36658e-08 -2.34321e-09 9.42284e-10 
3.61561e-07 -3.48622e-09 -1.71684e-08 4.84189e-09 
2.9727e-07 -2.88614e-08 -1.55746e-08 -1.28218e-08 
3.1013e-07 -4.75026e-09 3.75736e-10 3.26975e-09 
3.9124e-07 -1.7904e-08 6.20653e-09 -6.19118e-09 
3.4802e-07 -6.06858e-08 -7.09787e-08 -1.06539e-08 
4.46928e-07 -2.86737e-08 1.035e-08 -4.12355e-10 
3.04749e-07 -4.88305e-09 4.80996e-08 -2.43532e-09 
4.75887e-07 -1.24338e-08 -2.05473e-08 6.54639e-09 
4.54072e-07 -5.0843e-09 7.88696e-10 9.92442e-09 
4.28837e-07 -3.55353e-08 9.32213e-09 -3.00153e-09 
4.13863e-07 1.4753e-08 2.18547e-08 8.74186e-09 
5.32966e-07 1.59056e-09 -4.40896e-08 8.86114e-09 
3.54113e-07 -1.26094e-08 1.27036e-08 8.05214e-09 
3.21683e-07 2.07801e-08 -2.10207e-08 2.48533e-08 
3.26309e-07 -1.31661e-08 2.13833e-09 -8.87855e-10 
2.55584e-07 -1.21124e-08 1.34425e-09 8.31172e-09 
2.33419e-07 -4.45258e-09 2.21459e-09 -3.98776e-09 
0.332061 0 0 0 
0.397774 0.000295294 -0.00141626 -1.98166e-05 
0.419946 0.000414982 -0.000878576 -5.60906e-05 
0.44727 0.000677641 -0.000536501 -9.7227e-05 
0.468941 0.00057253 -4.6271e-05 -5.96295e-05 
0.491286 0.000571727 0.000214155 -4.51756e-05 
0.51325 0.000561515 0.000447855 -2.12826e-05 
0.534467 0.00051233 0.000668586 -1.7054e-05 
0.555449 0.000452778 0.000829957 -1.86848e-05 
0.575747 0.000355342 0.000968665 -1.89768e-05 
0.595315 0.000251709 0.0010751 -1.55228e-05 
0.615093 0.000176982 0.00114717 -9.65683e-06 
0.634065 7.76624e-05 0.00125558 -9.02168e-06 
0.650825 -7.4862e-05 0.00137587 2.17484e-06 
0.668891 -0.000171128 0.00135691 2.58627e-05 
0.684782 -0.000349312 0.00144434 4.37546e-05 
0.699305 -0.000533912 0.00148051 8.42112e-05 
0.712472 -0.000769311 0.00143687 0.000125098 
0.7238 -0.00113815 0.00129876 0.000140447 
0.732637 -0.00169666 0.00101098 0.000114632 
0.739253 -0.00233483 0.000609618 6.33789e-05 
0.743362 -0.00288154 0.00028894 6.74865e-05 
0.744902 -0.00318894 1.47577e-05 7.17768e-05 
0.743851 -0.003356 -0.000132945 9.43613e-05 
0.740107 -0.00339859 -0.000288607 8.72946e-05 
0.733433 -0.00336064 -0.000404799 0.000105085 
0.72402 -0.00328397 -0.000558926 0.000155548 
0.711892 -0.00313318 -0.000639391 0.00015959 
0.697063 -0.00301442 -0.000751188 0.000195877 
0.680051 -0.00291424 -0.000850532 0.000252654 
0.660702 -0.00320097 -0.000854589 0.000280612 
0.638919 -0.00356453 -0.000843054 0.000307672 
0.61468 -0.00397849 -0.000788882 0.000254252 
0.589677 -0.00381524 -0.000847737 0.000291948 
0.56395 -0.00359678 -0.000967896 0.000353143 
0.537772 -0.0036356 -0.000984369 0.000388107 
0.510789 -0.00366675 -0.000962002 0.000399126 
0.483368 -0.00389526 -0.000880511 0.000365882 
0.455629 -0.00392379 -0.000805383 0.000344214 
0.428609 -0.00373069 -0.000784969 0.000321761 
0.401996 -0.00346906 -0.00077758 0.000303444 
0.377054 -0.00349887 -0.000686666 0.00025978 
0.351786 -0.00339815 -0.000577825 0.000200811 
0.32804 -0.00300763 -0.000550418 0.000165316 
0.305624 -0.00256574 -0.000556837 0.000151528 
0.284415 -0.00213033 -0.000533069 0.000129155 
0.264335 -0.00170455 -0.000518242 0.000122105 
0.245335 -0.00140454 -0.0004916 0.000115521 
0.227317 -0.00136951 -0.000430697 0.000104024 
0.210293 -0.00134535 -0.000360919 8.57239e-05 
0.194469 -0.00122737 -0.000302364 7.18318e-05 
0.179752 -0.00107621 -0.000253603 6.13389e-05 
0.166149 -0.000919617 -0.000208831 5.14762e-05 
0.15349 -0.000765038 -0.000167956 4.37019e-05 
0.141659 -0.000607036 -0.000135097 3.95818e-05 
0.130788 -0.000471372 -0.000107 3.37752e-05 
0.120643 -0.000364171 -8.4709e-05 2.90861e-05 
0.111169 -0.000277744 -6.55e-05 2.48788e-05 
0.102265 -0.00020946 -4.96473e-05 2.1122e-05 
0.0937087 -0.000150092 -3.48847e-05 1.78783e-05 
0.327951 0 0 0 
0.395338 0.000723559 -0.00143113 -1.1762e-05 
0.417827 0.000748958 -0.000894931 -2.47541e-05 
0.445622 0.000889417 -0.000536963 -6.68207e-05 
0.467592 0.000651975 -1.13486e-05 -1.76653e-05 
0.490243 0.00053387 0.000288166 -7.29014e-06 
0.512523 0.000409977 0.00056347 9.76843e-06 
0.534078 0.000263129 0.000820161 9.00331e-06 
0.555396 0.000119299 0.0010172 -2.02168e-07 
0.575914 -6.43083e-05 0.00119193 -7.27781e-06 
0.595824 -0.000245042 0.00133708 -1.12473e-05 
0.616023 -0.000395726 0.0014382 -1.30631e-05 
0.635317 -0.000585258 0.00158532 -1.44254e-05 
0.652389 -0.000815426 0.00175206 -6.59833e-06 
0.67065 -0.000988831 0.0017688 4.15697e-06 
0.686623 -0.00128754 0.00189787 2.29217e-05 
0.70132 -0.00160405 0.00199267 5.55327e-05 
0.714556 -0.00199176 0.00200483 8.80599e-05 
0.725914 -0.00251167 0.00191363 9.0306e-05 
0.734629 -0.00318883 0.00169142 5.03854e-05 
0.741438 -0.00382004 0.00139658 -1.19679e-05 
0.745632 -0.00415634 0.00112064 -5.98631e-05 
0.747288 -0.00434919 0.000868287 -0.000100093 
0.746134 -0.00439721 0.000667077 -0.000118373 
0.741785 -0.0042883 0.000515082 -0.000105786 
0.734366 -0.00411213 0.000401458 -9.67245e-05 
0.723665 -0.00388421 0.000293662 -8.66207e-05 
0.709899 -0.00377234 0.00024116 -5.03793e-05 
0.693445 -0.0036299 0.000216967 -3.32132e-05 
0.674445 -0.00347937 0.000202336 -2.4915e-05 
0.653559 -0.00356012 0.000234388 -2.95594e-06 
0.630164 -0.00393154 0.000361453 -3.59633e-05 
0.604645 -0.00420656 0.000456285 -7.64466e-05 
0.57848 -0.0040294 0.000411818 -6.29189e-05 
0.551565 -0.00389686 0.00037564 -3.80319e-05 
0.52444 -0.0039563 0.000399408 -3.30475e-05 
0.496798 -0.00408524 0.000425496 -2.94926e-05 
0.468945 -0.00436888 0.00051243 -5.63829e-05 
0.44112 -0.00442353 0.000535929 -7.23997e-05 
0.4143 -0.00426345 0.000494849 -5.73416e-05 
0.388031 -0.00410061 0.000466728 -4.15924e-05 
0.36324 -0.00415583 0.000480235 -4.45698e-05 
0.338448 -0.00401717 0.000470871 -4.59797e-05 
0.315206 -0.00360153 0.000381881 -1.99839e-05 
0.293279 -0.0031736 0.000304944 2.44255e-07 
0.272463 -0.00271656 0.000239168 1.3627e-05 
0.252773 -0.00229054 0.000202257 1.65784e-05 
0.234145 -0.00199352 0.000176981 2.57547e-05 
0.216447 -0.00193926 0.000182047 2.11086e-05 
0.199729 -0.00186776 0.000180263 1.41878e-05 
0.184156 -0.00169353 0.00016511 1.19152e-05 
0.169609 -0.00147993 0.00014509 9.42072e-06 
0.156104 -0.0012589 0.000122585 8.61615e-06 
0.143516 -0.0010423 0.000101624 7.26551e-06 
0.131782 -0.000831145 8.13319e-05 7.83218e-06 
0.121056 -0.000650843 6.42385e-05 7.82247e-06 
0.111219 -0.000505924 5.04225e-05 7.29104e-06 
0.102351 -0.000392379 4.02674e-05 5.34997e-06 
0.0945257 -0.000303548 3.2058e-05 3.81632e-06 
0.0877622 -0.000235896 2.61397e-05 2.7536e-06 
0.348966 0 0 0 
0.417718 0.000385318 -0.00159861 -1.32706e-05 
0.441603 0.000709963 -0.00100015 -7.00809e-05 
0.470654 0.0012562 -0.000637811 -0.000119038 
0.493514 0.00127359 -8.86113e-05 -7.30393e-05 
0.516923 0.00140908 0.000202814 -5.40553e-05 
0.539643 0.00153262 0.000460586 -1.84045e-05 
0.561353 0.00160128 0.000697093 -1.26011e-05 
0.582534 0.0016446 0.000860631 -8.72608e-06 
0.602552 0.0016077 0.00100489 -8.49994e-06 
0.621453 0.00155901 0.0010948 -2.17216e-06 
0.639803 0.00142693 0.00113584 4.42837e-06 
0.65657 0.00121105 0.00122823 6.59755e-06 
0.670565 0.000840539 0.00132152 1.20956e-05 
0.68494 0.000622867 0.00129408 3.51138e-05 
0.697384 0.000302543 0.00136431 4.00551e-05 
0.708887 -0.000135162 0.00138306 6.67346e-05 
0.718827 -0.000643917 0.00135987 8.53129e-05 
0.727119 -0.00116428 0.00129166 7.82833e-05 
0.733786 -0.00180164 0.00114796 2.57554e-05 
0.739157 -0.00230368 0.00095662 -5.3217e-05 
0.742518 -0.00263223 0.000821017 -0.000143096 
0.743941 -0.00290098 0.000681353 -0.000239579 
0.742608 -0.00283956 0.000585017 -0.000283137 
0.738774 -0.00280626 0.000492318 -0.000310025 
0.732018 -0.00259329 0.000438491 -0.000301441 
0.722463 -0.00235417 0.000439113 -0.000289337 
0.709872 -0.00184301 0.000350876 -0.000297538 
0.694826 -0.00141026 0.000369095 -0.000296156 
0.676815 -0.000764401 0.000349618 -0.000316527 
0.656917 -0.000536036 0.000409362 -0.000328542 
0.634168 -0.000291676 0.00047711 -0.000366893 
0.609864 -0.000369331 0.00058603 -0.000400884 
0.585034 6.35814e-05 0.000568538 -0.00039705 
0.559359 0.000554568 0.000587404 -0.000393005 
0.532968 0.000905345 0.000624399 -0.000412911 
0.505805 0.00125348 0.00064931 -0.000422254 
0.478218 0.00129687 0.000717399 -0.000443317 
0.450841 0.00130253 0.000762193 -0.00044914 
0.424583 0.0013457 0.000801051 -0.000432985 
0.398461 0.00147654 0.00078402 -0.000405007 
0.373929 0.0012946 0.000802179 -0.000377028 
0.349413 0.000955532 0.000814434 -0.000349182 
0.326597 0.000815216 0.000773414 -0.000300766 
0.304905 0.000770646 0.000720477 -0.000262219 
0.28418 0.000823716 0.000667074 -0.00022492 
0.264409 0.00089766 0.000615651 -0.000197413 
0.245597 0.000940202 0.000574922 -0.000179456 
0.227626 0.00076117 0.000555621 -0.000170318 
0.210666 0.0005216 0.000524273 -0.000156504 
0.194917 0.00035626 0.000479076 -0.000135115 
0.180251 0.000232253 0.000424633 -0.000113368 
0.166666 0.000136518 0.000368618 -9.37375e-05 
0.153992 6.6958e-05 0.000313475 -7.62343e-05 
0.14213 2.83664e-05 0.000259836 -6.12112e-05 
0.131212 9.42406e-06 0.000212895 -4.77904e-05 
0.121015 -1.81655e-06 0.000172377 -3.85784e-05 
0.111487 -1.05844e-05 0.000139758 -3.15146e-05 
0.102534 -1.72124e-05 0.000113123 -2.61116e-05 
0.0939565 -3.11072e-05 9.33855e-05 -2.25999e-05 
0.275614 0 0 0 
0.33 0.000251317 -0.00123122 -1.24674e-05 
0.348592 0.000435879 -0.000764551 -5.16831e-05 
0.371126 0.000774177 -0.000479012 -8.82543e-05 
0.38883 0.000736168 -5.45521e-05 -5.42829e-05 
0.406919 0.000786653 0.000168792 -4.04403e-05 
0.42446 0.000826095 0.000366725 -1.64672e-05 
0.441201 0.000822951 0.000552184 -1.24566e-05 
0.457563 0.000803003 0.000683071 -1.15555e-05 
0.473137 0.000726988 0.000796395 -1.14962e-05 
0.487917 0.000637883 0.000878079 -7.49411e-06 
0.502566 0.000547297 0.000927611 -1.18196e-06 
0.516333 0.000427008 0.00100807 -1.51272e-06 
0.528287 0.000225759 0.00110111 8.06162e-06 
0.540909 0.00010395 0.00106763 2.96023e-05 
0.55191 -0.000112626 0.00112797 4.29795e-05 
0.56201 -0.000341111 0.00114375 7.47065e-05 
0.571013 -0.000583925 0.00110258 0.000103962 
0.578666 -0.000876394 0.000993313 0.000110012 
0.584776 -0.00125363 0.000792996 8.18434e-05 
0.589542 -0.00157831 0.000522818 2.86138e-05 
0.592508 -0.00183908 0.000275119 -2.65976e-05 
0.593573 -0.0019813 4.31222e-05 -7.05188e-05 
0.592663 -0.00197232 -0.000102193 -8.36985e-05 
0.589638 -0.00190259 -0.000244075 -9.91003e-05 
0.584283 -0.00179441 -0.000354224 -8.67585e-05 
0.576733 -0.001649 -0.000417572 -6.27408e-05 
0.566899 -0.00128836 -0.000575217 -8.47468e-05 
0.55501 -0.00103292 -0.000658655 -6.64663e-05 
0.541109 -0.000660438 -0.00077573 -4.45802e-05 
0.52552 -0.00064492 -0.000796168 -4.78221e-05 
0.507846 -0.000617973 -0.000852582 -3.83094e-05 
0.488618 -0.000805415 -0.000817737 -7.40793e-05 
0.468778 -0.000495543 -0.000912572 -6.06767e-05 
0.448323 -0.000168088 -0.000990114 -3.67208e-05 
0.427402 1.7197e-05 -0.00103503 -3.64026e-05 
0.405857 0.000180812 -0.00106955 -3.08915e-05 
0.384002 0.000109179 -0.00104405 -4.01648e-05 
0.362053 8.14672e-05 -0.000997235 -5.14345e-05 
0.340856 0.000109017 -0.000938848 -6.74222e-05 
0.319836 0.000222612 -0.000927518 -6.531e-05 
0.300152 6.25221e-05 -0.00084424 -7.59498e-05 
0.280299 -0.000148776 -0.000711544 -9.97581e-05 
0.261704 -0.000161306 -0.000630517 -0.00011031 
0.244081 -9.37881e-05 -0.000576468 -0.000114918 
0.227304 2.60541e-05 -0.00052791 -0.000115075 
0.21135 0.000176813 -0.000492726 -0.000103489 
0.196223 0.000276767 -0.000460742 -9.72164e-05 
0.181827 0.000181073 -0.000407416 -9.33409e-05 
0.168229 4.39596e-05 -0.000343103 -9.07383e-05 
0.155592 -2.93179e-05 -0.000285203 -8.39743e-05 
0.143832 -7.12852e-05 -0.000236743 -7.48451e-05 
0.132952 -9.58794e-05 -0.000192528 -6.65244e-05 
0.122815 -0.000104227 -0.000154944 -5.73307e-05 
0.113343 -9.18356e-05 -0.000125583 -4.70026e-05 
0.104646 -7.39499e-05 -0.000101631 -3.85385e-05 
0.0965434 -5.83897e-05 -8.33532e-05 -3.1493e-05 
0.0890095 -4.60829e-05 -6.66497e-05 -2.55812e-05 
0.0819809 -3.65657e-05 -5.2407e-05 -2.10247e-05 
0.0753153 -3.08524e-05 -3.89185e-05 -1.76027e-05 
-1.46372 0.000187747 -5.71741e-05 -1.7337e-06 
-1.46077 0.0002604 -9.62488e-05 -4.24444e-06 
-1.45683 0.000346719 -9.29809e-05 -7.61052e-06 
-1.45278 0.000440926 -5.56103e-05 -1.0105e-05 
-1.44713 0.000533836 1.3523e-06 -9.80938e-06 
-1.44058 0.000627911 6.42516e-05 -8.65709e-06 
-1.43264 0.000722504 0.000130974 -7.42618e-06 
-1.42388 0.000817547 0.000201468 -7.29285e-06 
-1.41219 0.000910415 0.000274321 -7.9731e-06 
-1.40076 0.000998808 0.000349565 -8.81144e-06 
-1.38709 0.00108032 0.0004273 -9.27772e-06 
-1.37126 0.00114746 0.000509157 -9.27777e-06 
-1.35343 0.00119105 0.000598973 -8.52385e-06 
-1.33374 0.00119829 0.000693669 -5.24793e-06 
-1.31152 0.00115369 0.0007846 1.65609e-06 
-1.28699 0.00103624 0.000878856 1.20272e-05 
-1.25969 0.000826254 0.000963171 2.78954e-05 
-1.22997 0.000504784 0.00101799 4.61048e-05 
-1.19714 6.23707e-05 0.00102349 5.87323e-05 
-1.1619 -0.000486612 0.000965771 5.81844e-05 
-1.12359 -0.001086 0.000849873 4.37863e-05 
-1.08237 -0.00165892 0.000705209 2.413e-05 
-1.03842 -0.00214072 0.000561177 6.88275e-06 
-0.991939 -0.0025051 0.000434608 -2.82055e-06 
-0.94302 -0.00274226 0.00033122 -5.08489e-06 
-0.892144 -0.00287314 0.000249808 -3.88908e-06 
-0.839697 -0.00292489 0.000191094 -4.59572e-07 
-0.786119 -0.00293739 0.00015427 5.35535e-06 
-0.732046 -0.00294344 0.0001346 1.0052e-05 
-0.677777 -0.00296363 0.000127746 1.23891e-05 
-0.624073 -0.00300429 0.000131712 1.28478e-05 
-0.571398 -0.00303433 0.000142336 8.74415e-06 
-0.520254 -0.00301021 0.000147606 4.03562e-06 
-0.471113 -0.00291079 0.000140339 3.69412e-06 
-0.4243 -0.00277055 0.000128898 5.3759e-06 
-0.380152 -0.00261544 0.000119323 6.25209e-06 
-0.338897 -0.00244055 0.000110498 5.75136e-06 
-0.300669 -0.00225517 0.000101928 3.9507e-06 
-0.265636 -0.00203034 8.93951e-05 2.63757e-06 
-0.233023 -0.00178469 7.41025e-05 2.55281e-06 
-0.203976 -0.00153946 5.94024e-05 2.73779e-06 
-0.178566 -0.00129523 4.65986e-05 2.50002e-06 
-0.155314 -0.00106456 3.53691e-05 2.18124e-06 
-0.134655 -0.000849386 2.49763e-05 2.24422e-06 
-0.116398 -0.000660385 1.66894e-05 2.29903e-06 
-0.100382 -0.000503279 1.08187e-05 2.15137e-06 
-0.0863351 -0.000379064 7.07773e-06 1.87031e-06 
-0.0741316 -0.000284283 4.81706e-06 1.58263e-06 
-0.0635353 -0.000213512 3.48547e-06 1.24626e-06 
-0.0543355 -0.000159652 2.57901e-06 9.13967e-07 
-0.0464226 -0.000118244 1.86085e-06 6.49982e-07 
-0.0395805 -8.61603e-05 1.27952e-06 4.56705e-07 
-0.0337506 -6.18558e-05 8.35034e-07 3.18029e-07 
-0.0287303 -4.36756e-05 5.09781e-07 2.18789e-07 
-0.0244102 -3.01662e-05 2.80147e-07 1.50663e-07 
-0.0207502 -2.06569e-05 1.3415e-07 1.04491e-07 
-0.0176195 -1.39174e-05 5.15503e-08 7.03452e-08 
-0.01495 -9.27149e-06 9.85661e-09 4.49058e-08 
-0.0126795 -6.14153e-06 -7.96722e-09 2.70761e-08 
-0.0107475 -4.05117e-06 -1.33004e-08 1.24862e-08 
5.63452 0.150198 -0.0914786 -0.00416087 
6.45094 0.16285 -0.0491794 -0.00630164 
7.02334 0.156063 0.0412111 -0.00563823 
7.33577 0.135557 0.0711709 -0.00166997 
7.46419 0.113033 0.0748545 0.0012907 
7.47745 0.0973727 0.0666089 0.00134341 
7.39917 0.0829234 0.0598489 0.000714987 
7.24512 0.0692882 0.0528591 -0.000283254 
7.04767 0.056771 0.0459913 -0.000538447 
6.81629 0.045038 0.0402327 -0.000375777 
6.54953 0.0337573 0.0352519 -0.000102379 
6.2681 0.0216448 0.0321569 8.23099e-05 
5.9499 0.00875868 0.0298405 0.000537017 
5.64005 -0.00412411 0.0250144 0.00135865 
5.3121 -0.0175317 0.0209394 0.00193146 
4.97241 -0.0308357 0.0178663 0.00249243 
4.62679 -0.0426967 0.0118729 0.00292797 
4.2908 -0.0523791 0.00455616 0.00231993 
3.94982 -0.0581893 -0.00284963 0.000807004 
3.62205 -0.0575552 -0.00879534 -0.000797516 
3.30145 -0.0497698 -0.0112552 -0.0015451 
2.98881 -0.0376581 -0.0104053 -0.00137279 
2.68643 -0.0252115 -0.00816986 -0.000834125 
2.39602 -0.014945 -0.00578317 -0.00028139 
2.11804 -0.00764371 -0.00391817 8.83647e-07 
1.85545 -0.0030909 -0.00252446 8.12921e-05 
1.61001 -0.000801957 -0.00143844 0.000146627 
1.38303 -0.000135161 -0.000703076 0.000149668 
1.17664 -0.000213967 -0.000277701 7.54119e-05 
0.990427 -0.000592892 -2.21013e-05 2.91152e-05 
0.825343 -0.00065602 0.000133711 -2.59384e-05 
0.680848 -0.000115309 0.000128255 -7.09516e-05 
0.556151 0.000680162 -8.95588e-06 -3.19256e-05 
0.449904 0.00118057 -0.000100928 1.2222e-05 
0.360441 0.00119613 -8.74133e-05 1.2509e-05 
0.286047 0.00108502 -5.90524e-05 1.47579e-06 
0.224981 0.00101823 -4.8086e-05 -7.20168e-06 
0.175461 0.000977567 -4.87042e-05 -8.88245e-06 
0.135755 0.000948433 -5.74077e-05 -2.74347e-06 
0.103949 0.000854435 -5.32692e-05 8.09801e-07 
0.0791871 0.000710423 -3.99169e-05 2.62915e-08 
0.0601884 0.00057829 -2.90359e-05 -9.25846e-07 
0.0453197 0.000465154 -2.24206e-05 -3.04527e-07 
0.0339326 0.000356119 -1.66261e-05 2.38373e-07 
0.0252698 0.000256404 -1.04624e-05 -6.40921e-08 
0.0187334 0.000175493 -5.91165e-06 -2.91934e-07 
0.013825 0.00011491 -3.06816e-06 -3.09305e-07 
0.0101649 7.30162e-05 -1.53061e-06 -2.74055e-07 
0.00744983 4.62675e-05 -7.9505e-07 -2.63407e-07 
0.00544186 3.00188e-05 -5.06977e-07 -1.94911e-07 
0.00396564 1.96403e-05 -3.50494e-07 -1.22537e-07 
0.00288252 1.2755e-05 -2.34547e-07 -7.4773e-08 
0.0020913 8.13644e-06 -1.4752e-07 -4.54793e-08 
0.00151412 5.09189e-06 -8.94099e-08 -2.68562e-08 
0.00109443 3.13255e-06 -5.13233e-08 -1.54178e-08 
0.000789852 1.87098e-06 -2.59495e-08 -9.24262e-09 
0.000569371 1.09815e-06 -1.15637e-08 -5.76176e-09 
0.000409961 6.33725e-07 -4.60678e-09 -3.60572e-09 
0.00029489 3.5946e-07 -1.42816e-09 -2.28747e-09 
0.000211925 2.00893e-07 -1.85929e-10 -1.74807e-09 
2253.81 60.079 -109.774 -8.32174 
1353.98 -2.50162 289.134 -1.29397 
764.987 -23.3748 71.5756 4.58516 
243.574 -42.0544 20.1681 8.96365 
66.6907 -19.7951 -15.0153 -0.409723 
-52.6626 -15.2431 -9.33988 -0.0697686 
-116.644 -12.1497 -6.77155 -1.53748 
-138.391 -9.15092 -6.29559 -0.454563 
-144.958 -7.3638 -4.04168 -0.0201443 
-139.292 -5.66759 -2.96902 0.158099 
-126.769 -4.8557 -1.95438 0.0827459 
-118.476 -4.62505 -0.476812 0.0362956 
-104.839 -3.97056 -0.849078 0.253592 
-88.0226 -3.31581 -1.75642 0.222165 
-79.9172 -3.07015 -0.113126 0.0396944 
-68.0012 -2.32602 -0.895474 0.161526 
-56.8674 -1.70918 -1.06857 -0.0260755 
-47.9692 -1.06457 -0.968561 -0.192863 
-39.9575 -0.303986 -0.768857 -0.225287 
-32.8476 0.521197 -0.374097 -0.134268 
-26.9872 0.971091 0.0573619 0.00698945 
-22.1015 0.953629 0.19392 0.041972 
-18.0149 0.704966 0.192836 0.0462071 
-14.5992 0.44677 0.132872 0.0255658 
-11.7289 0.238374 0.0787102 0.00466911 
-9.30202 0.115856 0.0524013 0.00190933 
-7.31205 0.030306 0.0321973 0.00227504 
-5.66609 -0.000678257 0.0159377 -0.0023655 
-4.32968 -0.0104078 0.00764311 -0.00175597 
-3.27139 -0.0103299 0.00428064 -0.000330653 
-2.43327 0.00355982 0.00190622 -0.00155774 
-1.78677 0.00926217 -0.00158161 0.000222034 
-1.29288 0.00822164 -0.00168177 0.000916586 
-0.925382 0.000854224 3.04197e-06 0.000133075 
-0.654032 -0.00155782 0.000413001 -0.000118258 
-0.456284 -0.00100578 0.000166656 -5.88279e-05 
-0.314421 -0.000567742 8.19581e-05 -4.74674e-05 
-0.214045 -0.00020029 -3.82947e-05 3.41592e-05 
-0.144256 -0.000403435 3.48492e-06 3.13352e-05 
-0.0957928 -0.00052691 5.8362e-05 8.18125e-07 
-0.0634008 -0.000509832 5.01223e-05 -5.41881e-06 
-0.0415863 -0.000323135 2.50954e-05 3.68525e-07 
-0.0270013 -0.00025303 1.35287e-05 3.15527e-06 
-0.0174123 -0.000205997 1.42355e-05 -4.44013e-07 
-0.0111455 -0.000145069 9.20092e-06 -4.60058e-07 
-0.00708886 -9.41499e-05 5.17718e-06 -7.66746e-08 
-0.00448047 -5.65711e-05 2.37809e-06 1.64594e-07 
-0.00281671 -3.15043e-05 1.07026e-06 8.17267e-09 
-0.00176247 -1.60684e-05 3.46431e-07 6.9872e-08 
-0.00109786 -8.45908e-06 1.39602e-07 7.35399e-08 
-0.000681642 -4.7296e-06 8.4871e-08 4.27179e-08 
-0.00042179 -2.67684e-06 5.45566e-08 2.1856e-08 
-0.000260273 -1.49794e-06 3.13106e-08 1.12455e-08 
-0.000160164 -8.25071e-07 1.69529e-08 6.38174e-09 
-9.83448e-05 -4.47297e-07 9.59701e-09 2.84752e-09 
-6.02479e-05 -2.35523e-07 4.9807e-09 1.27873e-09 
-3.68487e-05 -1.20547e-07 2.01547e-09 7.36794e-10 
-2.25011e-05 -6.03619e-08 8.15112e-10 3.50397e-10 
-1.37206e-05 -2.96474e-08 2.69908e-10 1.5397e-10 
-8.35596e-06 -1.43855e-08 8.29906e-11 3.54186e-11 
