60 4 6
1 2 1 2
1 1 1
0 6.90699e-310
0.0025
0.00295691
0.00349734
0.00413653
0.00489255
0.00578674
0.00684436
0.00809528
0.00957482
0.0113248
0.0133946
0.0158426
0.0187381
0.0221628
0.0262134
0.0310043
0.0366709
0.043373
0.0513002
0.0606761
0.0717656
0.0848819
0.100395
0.118744
0.140447
0.166116
0.196476
0.232385
0.274857
0.325091
0.384507
0.454782
0.537901
0.636211
0.752488
0.890017
1.05268
1.24508
1.47263
1.74178
2.06012
2.43664
2.88197
3.4087
4.0317
4.76855
5.64008
6.6709
7.89011
9.33215
11.0378
13.0551
15.4411
18.2632
21.6011
25.549
30.2185
35.7415
42.2738
50
20.0621 0 0 0 
14.038 -0.602658 0.472839 -0.0745963 
9.59038 -0.768691 0.224231 -0.0496203 
10.1562 -0.842419 0.092236 -0.0101492 
6.13251 -0.498575 0.0775933 0.0207375 
5.44203 -0.40581 0.0873392 0.0014303 
4.77757 -0.370795 0.0382631 -0.0209866 
3.79977 -0.299979 0.0485136 -0.0122264 
2.94737 -0.222104 0.0193516 -0.00150753 
2.46002 -0.208 0.0123018 0.000477733 
1.95885 -0.180155 0.0111263 0.0113603 
1.60716 -0.153437 0.0173945 0.00428047 
1.2307 -0.117501 0.0129298 0.00117293 
0.978596 -0.0951152 0.014046 -0.00191864 
0.800319 -0.0794332 0.0107784 -6.96471e-05 
0.642375 -0.0628791 0.00663829 0.00124711 
0.500254 -0.0500081 0.00718296 -0.000131291 
0.398276 -0.0413177 0.00573665 0.000470063 
0.323728 -0.0341803 0.0048329 -0.000138276 
0.24652 -0.0268042 0.00443188 -0.000355841 
0.192986 -0.0211567 0.00335523 -0.000418893 
0.149293 -0.0166821 0.0025402 -0.000199156 
0.115591 -0.0130298 0.00183497 -0.000127641 
0.0887969 -0.0102508 0.00142338 -3.92094e-05 
0.0685973 -0.00809477 0.00117044 -0.000122906 
0.0518394 -0.00629472 0.00093379 -0.00012246 
0.0392615 -0.00494989 0.000729357 -7.86166e-05 
0.0294711 -0.00381394 0.000550906 -6.30059e-05 
0.0217771 -0.00288322 0.000414969 -5.80087e-05 
0.0161167 -0.00219511 0.000304267 -3.37074e-05 
0.0116797 -0.00163422 0.000221628 -2.44859e-05 
0.00857513 -0.00122995 0.000153864 -7.99435e-06 
0.00618161 -0.000913579 0.000111679 -4.78081e-06 
0.00441598 -0.000671254 8.19567e-05 -5.79808e-06 
0.00312984 -0.000489852 5.83989e-05 -3.83013e-06 
0.00219558 -0.000350155 3.8e-05 -1.0241e-06 
0.00152672 -0.000247773 2.41934e-05 4.93848e-07 
0.00105307 -0.000172413 1.40169e-05 1.74446e-06 
0.000721007 -0.000117803 7.36719e-06 1.96396e-06 
0.00048446 -7.87399e-05 4.01124e-06 1.48145e-06 
0.00032507 -5.19402e-05 1.76894e-06 1.32533e-06 
0.000214872 -3.34041e-05 5.13916e-07 1.05513e-06 
0.000140659 -2.12574e-05 -1.29506e-07 8.95239e-07 
8.96463e-05 -1.31959e-05 -3.39313e-07 6.96194e-07 
5.6857e-05 -8.09003e-06 -3.88041e-07 4.94176e-07 
3.54072e-05 -4.89026e-06 -3.28758e-07 3.33608e-07 
2.17428e-05 -2.91556e-06 -2.45658e-07 2.1327e-07 
1.3147e-05 -1.71541e-06 -1.69914e-07 1.32173e-07 
7.85818e-06 -9.99832e-07 -1.11962e-07 7.99734e-08 
4.66954e-06 -5.81086e-07 -7.1376e-08 4.76209e-08 
2.73359e-06 -3.34392e-07 -4.37026e-08 2.77014e-08 
1.57405e-06 -1.89464e-07 -2.59725e-08 1.57557e-08 
9.02595e-07 -1.07146e-07 -1.52166e-08 8.90948e-09 
5.15e-07 -6.04932e-08 -8.79165e-09 5.00392e-09 
2.86922e-07 -3.29594e-08 -5.02815e-09 2.72393e-09 
1.61032e-07 -1.82977e-08 -2.84415e-09 1.50309e-09 
8.92007e-08 -1.00126e-08 -1.59024e-09 8.18068e-10 
4.92082e-08 -5.36218e-09 -9.02216e-10 4.38912e-10 
2.69819e-08 -2.87037e-09 -5.03953e-10 2.34491e-10 
1.4774e-08 -1.50785e-09 -2.82637e-10 1.23022e-10 
3.69712e-06 0 0 0 
5.58176e-06 -4.4595e-07 -2.1501e-07 6.04882e-09 
7.9247e-06 -5.16513e-07 -3.20238e-07 -2.26435e-08 
8.65543e-06 -5.28282e-07 -2.45111e-07 -6.19257e-08 
1.37477e-05 -9.54014e-07 -4.44699e-07 -1.08382e-07 
1.66629e-05 -1.51913e-06 -5.33103e-07 9.09641e-08 
2.10609e-05 -1.62389e-06 -5.86388e-07 -6.58055e-08 
2.77693e-05 -2.0695e-06 -8.53004e-07 -1.20273e-07 
3.68724e-05 -2.90903e-06 -1.00134e-06 -2.43716e-07 
4.60438e-05 -3.59221e-06 -1.00352e-06 -3.6026e-07 
5.99724e-05 -4.31134e-06 -1.62586e-06 -6.85777e-07 
7.62109e-05 -5.47327e-06 -2.21108e-06 -6.47571e-07 
9.89381e-05 -7.22086e-06 -2.872e-06 -7.28017e-07 
0.000126671 -9.20084e-06 -3.98193e-06 -6.89127e-07 
0.000158395 -1.14711e-05 -4.83128e-06 -1.11687e-06 
0.000198501 -1.50608e-05 -5.57518e-06 -1.67938e-06 
0.000252822 -1.90722e-05 -7.73304e-06 -1.6296e-06 
0.000314757 -2.35193e-05 -9.48932e-06 -2.36745e-06 
0.000388007 -2.93359e-05 -1.16691e-05 -2.40644e-06 
0.000485148 -3.68786e-05 -1.52694e-05 -2.79845e-06 
0.000597432 -4.67559e-05 -1.80923e-05 -2.99175e-06 
0.000732208 -5.8269e-05 -2.14087e-05 -4.31059e-06 
0.000890473 -7.24557e-05 -2.48727e-05 -5.36797e-06 
0.00107765 -8.88221e-05 -2.97218e-05 -6.9146e-06 
0.00129706 -0.000108809 -3.58257e-05 -6.88619e-06 
0.00155314 -0.000132521 -4.24167e-05 -7.82765e-06 
0.00183975 -0.000157829 -4.93901e-05 -1.03347e-05 
0.00217487 -0.000190741 -5.66451e-05 -1.16632e-05 
0.00256344 -0.000231325 -6.44804e-05 -1.30432e-05 
0.00298596 -0.000273898 -7.20887e-05 -1.67903e-05 
0.00346453 -0.000324321 -8.09062e-05 -1.9026e-05 
0.00398568 -0.000379367 -8.82113e-05 -2.49079e-05 
0.0045609 -0.000441435 -9.76768e-05 -2.79308e-05 
0.00519127 -0.000510084 -0.000109055 -3.00397e-05 
0.00586674 -0.000587147 -0.000117184 -3.49802e-05 
0.00659548 -0.00067695 -0.000121477 -4.20718e-05 
0.00735761 -0.000770451 -0.000126683 -4.84873e-05 
0.00815881 -0.000876551 -0.000128264 -5.72265e-05 
0.008984 -0.000995646 -0.000125538 -6.72912e-05 
0.00984635 -0.00112827 -0.000127272 -7.16131e-05 
0.0106936 -0.00127011 -0.000125498 -7.78172e-05 
0.0115546 -0.00142598 -0.000118363 -8.44019e-05 
0.0124302 -0.00158742 -0.000106981 -9.68807e-05 
0.0132965 -0.00174994 -9.59685e-05 -0.000108122 
0.014139 -0.00191387 -8.35854e-05 -0.000117213 
0.0149515 -0.00207113 -7.26475e-05 -0.000125464 
0.0157183 -0.00222067 -6.40461e-05 -0.00013059 
0.016416 -0.00235573 -5.70193e-05 -0.000135324 
0.0170465 -0.0024757 -5.25177e-05 -0.000138706 
0.0176146 -0.00258017 -5.03051e-05 -0.000141049 
0.0180839 -0.00265975 -5.24894e-05 -0.000141634 
0.0184206 -0.00271023 -5.84198e-05 -0.000140993 
0.0186683 -0.00273965 -6.67017e-05 -0.000139953 
0.018829 -0.00274681 -7.76994e-05 -0.00013832 
0.0188127 -0.0027258 -8.82658e-05 -0.000135803 
0.0187676 -0.00269082 -0.000100612 -0.00013394 
0.0186124 -0.0026359 -0.000111912 -0.000132141 
0.0184128 -0.00258492 -0.000118676 -0.000130092 
0.0181661 -0.00252692 -0.000122517 -0.000128996 
0.0179048 -0.00248602 -0.000119582 -0.000127626 
0.0574817 0 0 0 
0.071577 0.000861791 -0.000887747 0.000128065 
0.0788035 0.00225267 -0.000567703 0.000118422 
0.0772446 0.00241244 -0.000102425 -9.55886e-05 
0.0885113 0.00232737 -0.000285357 -0.000171025 
0.0909891 0.00204488 -0.000393238 -4.28215e-05 
0.0939377 0.00223937 -1.26294e-05 0.000185728 
0.0993102 0.00228489 -0.000226276 4.79551e-05 
0.10508 0.00229723 -7.68318e-05 -6.68629e-05 
0.108979 0.00261601 6.75076e-05 -4.49072e-06 
0.113909 0.00298689 2.26667e-05 -0.000274623 
0.11818 0.00300895 -0.000129803 -0.000138283 
0.12378 0.00307004 -0.000102305 -9.53899e-05 
0.128758 0.00313134 -0.000264982 7.50988e-06 
0.13268 0.00317053 -0.000225659 -7.81373e-05 
0.136713 0.00308122 -8.03391e-05 -0.000159356 
0.14192 0.00307111 -0.000281956 -2.57303e-05 
0.145777 0.00318788 -0.000266801 -0.000116707 
0.149191 0.0030981 -0.000264217 -2.36408e-05 
0.153454 0.00309768 -0.000383924 -2.61516e-05 
0.156822 0.00295255 -0.000314661 2.43108e-05 
0.160001 0.00289027 -0.000287029 -4.21556e-05 
0.162683 0.00276478 -0.000229001 -4.21168e-05 
0.165063 0.00268351 -0.000236133 -6.8737e-05 
0.167136 0.00250927 -0.000264142 2.19561e-05 
0.168717 0.00241834 -0.000272128 2.06568e-05 
0.16958 0.00237405 -0.000252469 -1.16801e-05 
0.170289 0.0021795 -0.00021849 -2.62874e-06 
0.170711 0.00195403 -0.000204602 2.412e-05 
0.170293 0.00181432 -0.000160228 -1.67552e-05 
0.169534 0.00164668 -0.000144207 5.22817e-06 
0.168216 0.00149069 -9.60809e-05 -4.13811e-05 
0.166474 0.0013329 -8.76631e-05 -2.36426e-05 
0.164348 0.00117708 -0.000115305 1.91313e-05 
0.161693 0.000999488 -9.8509e-05 2.1048e-05 
0.158708 0.000754855 -4.76828e-05 4.91104e-06 
0.155254 0.000530631 -3.24108e-05 7.50755e-06 
0.15139 0.000252484 -2.25301e-05 1.07466e-05 
0.146991 -7.67281e-05 -3.78623e-05 1.03484e-05 
0.14211 -0.000476665 -0.000119762 4.07285e-05 
0.136613 -0.00104943 -0.000262557 3.10866e-05 
0.130676 -0.00175928 -0.000428548 2.17042e-05 
0.124663 -0.00234933 -0.000485618 4.17987e-05 
0.118502 -0.00277728 -0.000482755 8.98423e-05 
0.112371 -0.00307625 -0.000456649 0.0001317 
0.106291 -0.00324169 -0.00042421 0.00015531 
0.100306 -0.00331791 -0.000397031 0.000165714 
0.0944262 -0.00332252 -0.000374197 0.000166662 
0.0887403 -0.0032803 -0.000355679 0.000161402 
0.0833263 -0.00320696 -0.000342974 0.000152948 
0.0780683 -0.00309615 -0.000331806 0.000143247 
0.0729344 -0.00296254 -0.00031985 0.000132581 
0.0680931 -0.00282722 -0.000308633 0.000122321 
0.0635231 -0.00268839 -0.000298259 0.000113669 
0.0589807 -0.00253558 -0.000288592 0.000104572 
0.0548414 -0.00239438 -0.000279352 9.70015e-05 
0.0508658 -0.00224585 -0.000270583 8.99218e-05 
0.0470816 -0.00210861 -0.000267101 8.2532e-05 
0.0434665 -0.00196148 -0.000265318 7.61944e-05 
0.0399362 -0.00180888 -0.000270989 6.88881e-05 
0.0536247 0 0 0 
0.0684876 0.00128612 -0.000883725 0.000147675 
0.0758564 0.00263864 -0.000529772 0.000130561 
0.0737607 0.0028436 -2.68604e-05 -8.74151e-05 
0.0853007 0.00284248 -0.000251157 -0.000159792 
0.0872621 0.00254726 -0.000359871 -1.82628e-05 
0.0896299 0.00280873 6.68355e-05 0.0002043 
0.0947375 0.00298615 -0.000165979 4.70468e-05 
0.1004 0.00298718 -2.08306e-05 -5.18398e-05 
0.103952 0.0033811 0.000136614 2.86733e-05 
0.108703 0.00382434 8.61308e-05 -0.000272154 
0.11262 0.00391088 -4.71571e-05 -0.000132334 
0.118068 0.00403701 -3.64322e-05 -7.62113e-05 
0.122785 0.00416228 -0.000187262 2.46317e-05 
0.126311 0.00429589 -0.000153254 -6.83272e-05 
0.130023 0.00426659 1.74254e-05 -0.000142123 
0.134824 0.00433607 -0.000190765 -1.76956e-05 
0.138362 0.00451582 -0.000169146 -9.73994e-05 
0.141229 0.00453787 -0.000169961 -2.2259e-05 
0.145144 0.0045737 -0.000302402 -1.18749e-06 
0.148033 0.00448934 -0.000231621 5.54024e-05 
0.150646 0.00445731 -0.000186706 -8.12711e-06 
0.152697 0.00437164 -0.000109962 -1.7178e-05 
0.154403 0.00431318 -0.00011016 -4.43221e-05 
0.155674 0.00419899 -0.000134319 2.74874e-05 
0.156569 0.00407737 -0.000132413 4.68156e-05 
0.156665 0.00403504 -0.000114837 1.16969e-06 
0.156546 0.00385164 -8.1442e-05 1.39358e-05 
0.15615 0.00359485 -5.08532e-05 3.4249e-05 
0.154902 0.0034314 -6.9685e-07 -3.4939e-06 
0.153343 0.00321938 3.07952e-05 5.04176e-06 
0.151178 0.00303941 9.49909e-05 -4.36442e-05 
0.148644 0.00284218 0.000123291 -3.43467e-05 
0.145763 0.00264587 0.000129224 -1.31398e-05 
0.142432 0.00242957 0.000175502 -2.05051e-05 
0.13879 0.00215646 0.000244548 -4.06362e-05 
0.134744 0.00192034 0.00028908 -5.22094e-05 
0.130404 0.00163503 0.000337716 -7.28257e-05 
0.125741 0.00129964 0.000382543 -9.95234e-05 
0.120934 0.000921777 0.00036624 -9.37681e-05 
0.115772 0.000521543 0.000340984 -0.000106904 
0.110551 0.00011834 0.000330159 -0.000115825 
0.10537 -0.000233083 0.000323068 -0.000151511 
0.100189 -0.000534162 0.000308695 -0.000174684 
0.095021 -0.000799156 0.000296925 -0.000183055 
0.0899284 -0.00100551 0.000282015 -0.000185451 
0.0849147 -0.0011718 0.000261899 -0.00017884 
0.0799813 -0.00129158 0.000242161 -0.000171531 
0.0751851 -0.00137456 0.000221402 -0.000162216 
0.0705757 -0.00142646 0.000201793 -0.000152027 
0.0661109 -0.00144331 0.000181065 -0.000140326 
0.0617581 -0.001434 0.000159561 -0.000128829 
0.0576246 -0.00141086 0.000139847 -0.000118354 
0.0537263 -0.00137512 0.000121912 -0.000108455 
0.0499249 -0.00133821 0.000105885 -9.95463e-05 
0.0464696 -0.00129868 9.31992e-05 -9.21497e-05 
0.043224 -0.00126247 8.43478e-05 -8.59891e-05 
0.040266 -0.00125903 7.84514e-05 -8.13895e-05 
0.0375878 -0.00126845 7.75161e-05 -7.85299e-05 
0.0351852 -0.00131795 7.89559e-05 -7.70042e-05 
0.0440745 0 0 0 
0.0552172 0.000536408 -0.000838501 0.000168744 
0.0602607 0.00197003 -0.000456935 0.000114972 
0.0592005 0.00203779 -1.04989e-05 -0.000107616 
0.0678433 0.00191286 -0.00027139 -0.000123481 
0.0696124 0.0016093 -0.00030287 -2.25731e-05 
0.0718608 0.00187576 8.23866e-05 0.000202913 
0.0761823 0.0021317 -0.000112512 -2.90904e-05 
0.080787 0.00206561 -0.00011264 -5.93823e-05 
0.0841201 0.00235159 2.05559e-05 7.40944e-05 
0.0880757 0.00268234 8.37171e-05 -0.000220445 
0.091499 0.00272411 -1.3315e-05 -0.00015426 
0.0956063 0.00294264 3.822e-06 -8.3792e-05 
0.099729 0.00309419 -0.00019848 -1.39585e-05 
0.102988 0.00321522 -0.000156639 -9.14295e-05 
0.106356 0.0031778 -5.50833e-05 -0.00016667 
0.110816 0.00316947 -0.000241341 7.12323e-07 
0.114031 0.00331655 -0.000199242 -0.000120415 
0.116815 0.00334266 -0.000168685 -8.95946e-05 
0.120314 0.00344083 -0.000320723 -5.63391e-05 
0.123089 0.00340934 -0.000306221 1.34781e-05 
0.125691 0.00344695 -0.000283825 -2.48234e-05 
0.12791 0.00339177 -0.000212225 -3.62634e-05 
0.129902 0.0033983 -0.000221728 -6.20284e-05 
0.131673 0.00332772 -0.000246821 -7.81134e-07 
0.133147 0.00327635 -0.000253672 2.9558e-05 
0.133885 0.00332161 -0.000250713 -5.54041e-06 
0.134405 0.00328227 -0.000233157 -5.32539e-07 
0.134715 0.00316347 -0.000240937 3.55625e-05 
0.134366 0.00311471 -0.000218682 2.18046e-05 
0.133639 0.00308969 -0.000225374 3.48303e-05 
0.132544 0.00303081 -0.00017322 -8.20021e-06 
0.131141 0.00302369 -0.000169907 -7.23848e-06 
0.129482 0.00302089 -0.000206118 3.28723e-05 
0.12742 0.00306486 -0.000224511 4.29211e-05 
0.125097 0.00311143 -0.000213308 4.69887e-05 
0.122518 0.00325678 -0.000224759 4.19053e-05 
0.119714 0.00344794 -0.00021202 3.22585e-05 
0.116785 0.00367163 -0.000187465 3.09462e-05 
0.113727 0.00402278 -0.000218609 7.60389e-05 
0.110315 0.00441554 -0.000206831 9.48098e-05 
0.106632 0.00478541 -0.000207525 0.000114105 
0.102825 0.00507192 -0.00023659 7.59425e-05 
0.0986133 0.00528251 -0.000282106 4.20524e-05 
0.0942382 0.00539165 -0.000312939 2.22285e-05 
0.0897281 0.00542414 -0.000335619 9.00073e-06 
0.0851259 0.0053833 -0.000343649 2.49525e-06 
0.0804656 0.00528521 -0.000341317 -1.17243e-06 
0.0758441 0.00514558 -0.000332487 -2.17381e-06 
0.0713673 0.0049801 -0.000317904 -1.86081e-06 
0.0669755 0.00478397 -0.000300832 -4.23882e-07 
0.0626441 0.00456131 -0.000282203 6.93488e-07 
0.0585152 0.00433766 -0.000264338 2.15894e-06 
0.0545921 0.00411362 -0.000247936 4.73517e-06 
0.0506985 0.00386916 -0.000230134 5.53549e-06 
0.0471201 0.00364479 -0.000216725 6.57121e-06 
0.0436895 0.00341635 -0.000205874 6.75894e-06 
0.040429 0.00319502 -0.000194862 6.11922e-06 
0.0373296 0.00297055 -0.000188954 4.41733e-06 
0.0343476 0.0027377 -0.000184332 1.37737e-06 
0.0414471 0 0 0 
0.0518375 0.000567409 -0.000725357 0.000125561 
0.0567292 0.00176739 -0.000413211 0.000100384 
0.0557356 0.00185384 -3.0777e-05 -9.35428e-05 
0.0638065 0.00173627 -0.000243171 -0.00011529 
0.0654856 0.00148626 -0.000283657 -2.72695e-05 
0.0676475 0.00168235 5.09987e-05 0.000172062 
0.0716291 0.00185916 -0.000113947 -1.13577e-05 
0.0758244 0.00181937 -9.13734e-05 -6.27897e-05 
0.0788178 0.00205234 2.07394e-05 4.93902e-05 
0.0824419 0.00234124 4.22449e-05 -0.000187474 
0.0855599 0.00236356 -4.11364e-05 -0.000123933 
0.089404 0.00248302 -1.00176e-05 -7.54637e-05 
0.093082 0.0026005 -0.000180016 -6.62167e-06 
0.0959904 0.00268038 -0.00014599 -8.01334e-05 
0.0989696 0.00262631 -4.9167e-05 -0.000148531 
0.1029 0.00262309 -0.000219224 -6.02126e-06 
0.105763 0.00272157 -0.000198002 -8.78995e-05 
0.108257 0.00270448 -0.000171083 -5.6527e-05 
0.111329 0.00274818 -0.000279021 -5.14833e-05 
0.113774 0.0026789 -0.000253722 1.21522e-06 
0.116048 0.00266868 -0.000242176 -2.9504e-05 
0.117936 0.00260303 -0.000188298 -3.39155e-05 
0.119602 0.00257366 -0.000192281 -5.59718e-05 
0.121082 0.00247581 -0.00021587 -3.15483e-07 
0.122257 0.00240061 -0.000226477 2.2657e-05 
0.122804 0.00239364 -0.000219456 -2.54357e-06 
0.123167 0.00229296 -0.000192361 -7.10655e-06 
0.123304 0.00215613 -0.000195015 2.13299e-05 
0.12289 0.00207261 -0.000174962 5.63986e-06 
0.122133 0.00199876 -0.000182278 2.45055e-05 
0.121038 0.00190726 -0.000143467 -1.15002e-05 
0.119667 0.00184154 -0.000143821 -8.43998e-06 
0.118085 0.00177046 -0.000173015 2.89505e-05 
0.116161 0.00172044 -0.000190674 3.45891e-05 
0.114018 0.00165508 -0.000183242 3.54641e-05 
0.11164 0.00164391 -0.000202963 3.90775e-05 
0.109039 0.00164816 -0.000220137 3.48987e-05 
0.106266 0.0016418 -0.000242293 3.7141e-05 
0.103302 0.00168527 -0.000330698 7.48074e-05 
0.0999792 0.00169918 -0.000422095 8.63561e-05 
0.0963823 0.00164989 -0.000545441 8.50297e-05 
0.0926449 0.00157898 -0.00066031 6.42267e-05 
0.0886317 0.00152557 -0.000756566 6.67025e-05 
0.0845258 0.00146852 -0.000823753 7.90352e-05 
0.0803432 0.00142097 -0.000869003 9.10674e-05 
0.0761239 0.00137269 -0.000894477 0.000100853 
0.0718937 0.0013226 -0.000901358 0.000105497 
0.0677327 0.00127162 -0.000895726 0.000106808 
0.0637314 0.00121844 -0.000880115 0.000104604 
0.0598127 0.00116432 -0.000855267 0.000101102 
0.0559527 0.00110701 -0.000823126 9.60888e-05 
0.0522912 0.00104925 -0.000788394 9.03436e-05 
0.0488198 0.000992787 -0.00075267 8.54988e-05 
0.0453634 0.000933618 -0.000713883 7.95675e-05 
0.0422033 0.00087904 -0.000677913 7.43991e-05 
0.0391725 0.00082598 -0.000641777 6.92038e-05 
0.0362991 0.000774266 -0.000610068 6.31561e-05 
0.0335717 0.000724855 -0.000579551 5.71315e-05 
0.0309466 0.00067518 -0.00055303 4.92587e-05 
-0.0525747 3.3982e-05 -3.5493e-06 3.48721e-07 
-0.0525069 4.69305e-05 -6.06749e-06 7.48317e-07 
-0.0524147 6.12122e-05 -6.57227e-06 7.45153e-07 
-0.0523384 7.52204e-05 -6.15829e-06 3.19902e-07 
-0.0520974 8.79006e-05 -6.26359e-06 -4.98232e-08 
-0.0521148 0.000101976 -6.72039e-06 3.11708e-07 
-0.0520386 0.000118335 -6.76287e-06 9.7697e-07 
-0.0519112 0.000136713 -7.05968e-06 9.04846e-07 
-0.0517421 0.000157556 -6.89575e-06 1.65018e-07 
-0.0516727 0.00018241 -7.38396e-06 -8.25551e-07 
-0.0514017 0.000210223 -9.17084e-06 -1.97465e-06 
-0.0511565 0.000240056 -1.21893e-05 -1.67587e-06 
-0.0508491 0.000271498 -1.5237e-05 -6.80588e-07 
-0.0505889 0.000306192 -1.85728e-05 1.95795e-07 
-0.0502765 0.000344628 -2.13005e-05 -1.75081e-07 
-0.0498946 0.000386433 -2.40712e-05 -8.11694e-07 
-0.0495567 0.000432381 -2.84901e-05 -4.83615e-07 
-0.0490425 0.000482782 -3.34204e-05 -2.60163e-07 
-0.0485305 0.000537128 -3.89204e-05 8.5389e-07 
-0.0479735 0.000593027 -4.46322e-05 2.20614e-06 
-0.0473345 0.00065149 -4.92181e-05 3.05891e-06 
-0.0466326 0.000712749 -5.29889e-05 2.94984e-06 
-0.0458395 0.000777148 -5.66836e-05 2.72872e-06 
-0.0450222 0.000844184 -6.15518e-05 2.93513e-06 
-0.0441143 0.000913373 -6.76665e-05 4.40865e-06 
-0.0431098 0.000983562 -7.39499e-05 5.73399e-06 
-0.0420465 0.00105199 -7.97356e-05 6.28785e-06 
-0.0408761 0.00111718 -8.44012e-05 6.84543e-06 
-0.0396314 0.00117728 -8.79869e-05 7.33304e-06 
-0.0383067 0.0012323 -9.03921e-05 6.88631e-06 
-0.0369015 0.00127872 -9.1457e-05 5.95224e-06 
-0.0354318 0.00131759 -9.13713e-05 4.38522e-06 
-0.0339015 0.00134833 -9.11958e-05 3.6127e-06 
-0.0323216 0.0013612 -8.97727e-05 3.60612e-06 
-0.0306748 0.00136517 -8.63909e-05 2.86875e-06 
-0.0289952 0.0013505 -7.95365e-05 8.87219e-07 
-0.0272885 0.0013173 -6.96986e-05 -1.8172e-06 
-0.0255671 0.00127247 -5.77274e-05 -4.9182e-06 
-0.0238569 0.00120519 -4.47685e-05 -7.50771e-06 
-0.0221209 0.00112723 -3.2312e-05 -9.2649e-06 
-0.02042 0.00104097 -2.02596e-05 -1.09734e-05 
-0.0187549 0.000942525 -8.91705e-06 -1.2564e-05 
-0.0171364 0.000844141 1.00619e-06 -1.41137e-05 
-0.0155674 0.000743342 8.94222e-06 -1.50544e-05 
-0.014078 0.000646143 1.471e-05 -1.50957e-05 
-0.0126584 0.000554484 1.82317e-05 -1.43599e-05 
-0.0113302 0.000470252 1.96953e-05 -1.30326e-05 
-0.0100739 0.000394167 1.96386e-05 -1.14382e-05 
-0.00894943 0.000327463 1.85196e-05 -9.77703e-06 
-0.00788601 0.000269256 1.67467e-05 -8.18012e-06 
-0.0069329 0.000219748 1.46458e-05 -6.7101e-06 
-0.00605907 0.000177322 1.24401e-05 -5.39872e-06 
-0.00528581 0.000142229 1.03591e-05 -4.29263e-06 
-0.00460632 0.000113297 8.49623e-06 -3.37417e-06 
-0.00397233 8.67192e-05 6.76838e-06 -2.60656e-06 
-0.00343523 6.76406e-05 5.40112e-06 -2.01277e-06 
-0.00295799 5.20371e-05 4.24975e-06 -1.53349e-06 
-0.00253999 3.75685e-05 3.12768e-06 -1.15646e-06 
-0.00217688 2.70727e-05 2.24523e-06 -8.62308e-07 
-0.00186195 1.7786e-05 1.28941e-06 -6.28334e-07 
0.105045 0.0271856 -0.00567888 0.000836929 
0.116508 0.0282042 -0.00365692 0.00056912 
0.117172 0.0245504 0.000528841 -0.00043588 
0.117634 0.0190567 0.000413188 -0.000735244 
0.11655 0.0157183 -0.000511713 -7.62434e-05 
0.111088 0.0156604 -0.000275344 0.000686417 
0.108216 0.0151523 -0.000112904 0.000362614 
0.105935 0.0142464 -8.34511e-05 -0.000353676 
0.102308 0.0141712 4.39044e-05 -0.00055225 
0.0984434 0.0139747 -0.000564677 -0.000633187 
0.0946609 0.0128903 -0.00112755 -0.000263126 
0.0909663 0.0114782 -0.00118184 0.000316107 
0.0869458 0.0104389 -0.00101084 0.000349424 
0.0823094 0.00985888 -0.000849637 8.98642e-05 
0.0779862 0.00913607 -0.000563681 -0.000177082 
0.0742531 0.00838342 -0.000670189 -3.35018e-05 
0.0704414 0.00783549 -0.000798404 5.89486e-05 
0.0662254 0.00723357 -0.000705353 7.29599e-05 
0.0624689 0.00642335 -0.000669623 0.00016381 
0.0590529 0.00561303 -0.000523579 0.000119306 
0.055196 0.00497599 -0.000334431 2.97675e-05 
0.0513974 0.00441072 -0.000250853 -2.16989e-05 
0.0476324 0.00390328 -0.000245938 -7.68042e-06 
0.0440589 0.00343631 -0.000280997 4.17582e-05 
0.0406094 0.00296309 -0.000272639 7.08974e-05 
0.0371948 0.00250513 -0.000218534 3.26245e-05 
0.033968 0.00204905 -0.000158919 1.3267e-05 
0.0308659 0.00161045 -0.000106699 1.65014e-05 
0.0278406 0.00124303 -6.50733e-05 1.88521e-06 
0.0249537 0.000939482 -3.23457e-05 -1.37354e-05 
0.0222446 0.000674535 -7.26315e-06 -2.03131e-05 
0.0196856 0.000453195 3.51958e-06 -1.80904e-05 
0.017326 0.000262166 4.76513e-06 -2.59632e-06 
0.0151604 8.33305e-05 1.99219e-05 -1.45512e-06 
0.0131611 -4.63576e-05 4.08831e-05 -1.08941e-05 
0.0113549 -0.000151588 5.63177e-05 -1.62104e-05 
0.00972569 -0.000226484 6.22423e-05 -1.6919e-05 
0.00826652 -0.000266585 6.11103e-05 -1.43656e-05 
0.006984 -0.000290655 5.18989e-05 -8.56881e-06 
0.0058528 -0.000287993 4.18225e-05 -5.54835e-06 
0.00486544 -0.000267463 3.41511e-05 -4.88156e-06 
0.00401694 -0.000241755 2.63395e-05 -3.87637e-06 
0.00329097 -0.000207296 1.8606e-05 -2.7871e-06 
0.00267377 -0.00017331 1.19978e-05 -8.91673e-07 
0.00215289 -0.000140023 6.86833e-06 5.71076e-07 
0.00171894 -0.000110161 3.05983e-06 1.32145e-06 
0.00136173 -8.47247e-05 6.68494e-07 1.58764e-06 
0.00106771 -6.38723e-05 -5.90523e-07 1.48276e-06 
0.000831337 -4.71322e-05 -1.12818e-06 1.24337e-06 
0.000641733 -3.43471e-05 -1.26633e-06 9.86967e-07 
0.000492097 -2.47125e-05 -1.18317e-06 7.55646e-07 
0.000374692 -1.76387e-05 -9.92726e-07 5.55742e-07 
0.00028348 -1.23936e-05 -7.7088e-07 3.91121e-07 
0.000213466 -8.63395e-06 -5.7131e-07 2.73295e-07 
0.000159474 -6.20713e-06 -4.31224e-07 1.89529e-07 
0.000118656 -4.24237e-06 -3.05667e-07 1.23957e-07 
8.78998e-05 -2.90648e-06 -2.1474e-07 8.35599e-08 
6.48402e-05 -2.09051e-06 -1.71323e-07 5.57184e-08 
4.7654e-05 -1.4618e-06 -1.36234e-07 3.69272e-08 
3.49192e-05 -1.06716e-06 -1.28941e-07 2.51614e-08 
42.0179 10.8742 -6.81466 1.67386 
9.39924 -5.80442 15.3328 -2.88342 
-6.74833 -8.16151 1.63098 -1.2451 
6.93762 -9.30294 -2.18204 0.311714 
-9.11229 -0.0556433 -0.636412 1.63762 
-4.2008 0.110377 1.02027 0.270549 
-1.6036 -0.920107 -0.690599 -0.944255 
-2.29737 -0.426877 0.609474 -0.331384 
-2.85128 0.373881 -0.419218 0.0678168 
-1.92872 -0.468736 -0.356118 -0.11951 
-1.82643 -0.554103 -0.224775 0.504959 
-1.38566 -0.530734 0.161531 0.029291 
-1.54739 -0.166144 -0.0288624 -0.0228994 
-1.27901 -0.137596 0.114717 -0.148085 
-0.921548 -0.183294 0.0325399 -0.00287951 
-0.753695 -0.104175 -0.0822036 0.0685619 
-0.698626 -0.0691975 0.0260085 -0.0290436 
-0.551318 -0.0917893 0.00161925 0.0292228 
-0.401387 -0.0996344 0.00361946 -0.00405351 
-0.397567 -0.0606195 0.0254131 -0.00783021 
-0.325665 -0.0443567 0.0079265 -0.0101004 
-0.272997 -0.0344599 0.00246498 0.00143957 
-0.22262 -0.0244785 -0.00381168 0.00109758 
-0.184153 -0.0206945 -0.00208338 0.0048368 
-0.14728 -0.0186718 0.00146061 -0.00166164 
-0.122102 -0.0140543 0.00183785 -0.00166805 
-0.0990857 -0.0128539 0.00155102 0.00028465 
-0.0804722 -0.00955385 0.000813187 3.5529e-05 
-0.065753 -0.00612252 0.00064597 -0.000675148 
-0.0522541 -0.00477989 0.000298862 6.79179e-05 
-0.0423188 -0.00295514 0.000198608 -0.000203477 
-0.0326923 -0.00241005 -0.000150241 0.000317067 
-0.0255804 -0.00171534 -6.22009e-06 0.000143568 
-0.0199119 -0.00117228 0.000136111 -9.48343e-05 
-0.0153148 -0.000800255 0.000142321 -7.11094e-05 
-0.0117209 -0.000430452 1.41311e-05 -1.81125e-07 
-0.00888527 -0.000221222 -8.0879e-06 3.60831e-06 
-0.00666208 -6.32638e-05 -5.02925e-05 3.23167e-05 
-0.00495483 2.82505e-05 -6.67489e-05 2.66554e-05 
-0.00367652 8.63346e-05 -3.42056e-05 -8.8566e-07 
-0.00268097 9.95596e-05 -2.85952e-05 4.40051e-06 
-0.00194703 0.000101505 -2.25961e-05 4.88387e-07 
-0.00140004 8.58326e-05 -1.78125e-05 3.68952e-06 
-0.00100552 7.09766e-05 -1.08351e-05 2.97228e-06 
-0.00071074 5.38138e-05 -7.25088e-06 1.076e-06 
-0.000498477 3.88789e-05 -3.83859e-06 1.72001e-07 
-0.000346262 2.71462e-05 -1.74579e-06 -3.49988e-07 
-0.000237506 1.84033e-05 -6.05199e-07 -4.43916e-07 
-0.000161354 1.20972e-05 -9.5624e-08 -3.78979e-07 
-0.000108192 7.65608e-06 8.10567e-08 -2.66767e-07 
-7.19905e-05 4.79477e-06 1.47325e-07 -1.87449e-07 
-4.75117e-05 2.99243e-06 1.43176e-07 -1.2859e-07 
-3.10464e-05 1.81835e-06 1.08316e-07 -7.90848e-08 
-2.01407e-05 1.08311e-06 7.48583e-08 -4.60774e-08 
-1.29625e-05 6.54357e-07 4.57013e-08 -2.96743e-08 
-8.27669e-06 3.78999e-07 2.85823e-08 -1.64363e-08 
-5.25714e-06 2.19723e-07 1.73645e-08 -9.24071e-09 
-3.31911e-06 1.24975e-07 7.53519e-09 -5.28878e-09 
-2.08501e-06 6.98782e-08 3.07485e-09 -2.85956e-09 
-1.30394e-06 3.80026e-08 -5.09804e-10 -1.51385e-09 
