60 4 6
1 2 1 2
1 1 1
0 6.90699e-310
0.0025
0.00295691
0.00349734
0.00413653
0.00489255
0.00578674
0.00684436
0.00809528
0.00957482
0.0113248
0.0133946
0.0158426
0.0187381
0.0221628
0.0262134
0.0310043
0.0366709
0.043373
0.0513002
0.0606761
0.0717656
0.0848819
0.100395
0.118744
0.140447
0.166116
0.196476
0.232385
0.274857
0.325091
0.384507
0.454782
0.537901
0.636211
0.752488
0.890017
1.05268
1.24508
1.47263
1.74178
2.06012
2.43664
2.88197
3.4087
4.0317
4.76855
5.64008
6.6709
7.89011
9.33215
11.0378
13.0551
15.4411
18.2632
21.6011
25.549
30.2185
35.7415
42.2738
50
63.9208 0 0 0 
46.5682 -2.62285 0.66939 -0.177345 
37.946 -2.5195 0.619743 0.00994422 
31.1131 -2.12305 0.463757 0.00729932 
25.8267 -1.78962 0.348594 -0.00182297 
21.285 -1.43892 0.212624 0.0430298 
18.7632 -1.28721 0.197551 -0.0150528 
14.8222 -1.05916 0.205601 -0.0355897 
12.2822 -0.873556 0.139103 -0.0142742 
10.1544 -0.735922 0.114995 -0.00765694 
8.5045 -0.617038 0.0919905 -0.0112077 
6.97951 -0.523712 0.0825684 -0.0113082 
5.57995 -0.422995 0.0669488 -0.00985886 
4.6909 -0.361814 0.0506385 -0.00535791 
3.81302 -0.302409 0.0443703 -0.00572037 
3.09196 -0.250443 0.0361365 -0.00450488 
2.49532 -0.20723 0.0289321 -0.00313844 
2.03886 -0.175886 0.0239723 -0.00267537 
1.60097 -0.143204 0.0201889 -0.00252048 
1.27805 -0.118217 0.0153497 -0.00148791 
1.00824 -0.0969286 0.0121082 -0.00112867 
0.789552 -0.0789253 0.00933168 -0.000844676 
0.612871 -0.063853 0.00705095 -0.000551741 
0.470617 -0.0510981 0.00515928 -0.00031854 
0.357966 -0.0404668 0.00362355 -0.000143071 
0.268973 -0.0315904 0.0024441 -3.10144e-05 
0.199462 -0.0242629 0.00157485 4.40824e-05 
0.145816 -0.0183124 0.000982389 8.82128e-05 
0.104883 -0.0135817 0.000593037 0.000107478 
0.0741143 -0.00990008 0.000364418 0.000111328 
0.0513937 -0.00708406 0.000229709 0.000101434 
0.0349823 -0.00497897 0.000151198 8.52932e-05 
0.0233456 -0.00343033 0.000103009 6.62358e-05 
0.0152813 -0.00230915 7.01066e-05 5.00661e-05 
0.00981962 -0.00151985 4.6999e-05 3.67114e-05 
0.00619312 -0.000976576 3.01399e-05 2.60121e-05 
0.00383127 -0.000611921 1.80989e-05 1.80013e-05 
0.00235454 -0.000378911 1.05574e-05 1.20152e-05 
0.00139644 -0.000226395 5.93912e-06 7.726e-06 
0.000822306 -0.00013283 2.89095e-06 4.87978e-06 
0.000477172 -7.67249e-05 1.33882e-06 2.99252e-06 
0.000273247 -4.34895e-05 4.87133e-07 1.80795e-06 
0.000154465 -2.42703e-05 9.98958e-08 1.07307e-06 
8.63755e-05 -1.33321e-05 -6.17092e-08 6.26769e-07 
4.78099e-05 -7.22879e-06 -1.01626e-07 3.59576e-07 
2.62492e-05 -3.87576e-06 -9.55108e-08 2.0377e-07 
1.43011e-05 -2.05702e-06 -7.39032e-08 1.13837e-07 
7.73833e-06 -1.08185e-06 -5.17729e-08 6.28254e-08 
4.16248e-06 -5.64326e-07 -3.41951e-08 3.42544e-08 
2.22929e-06 -2.92362e-07 -2.17405e-08 1.85339e-08 
1.18789e-06 -1.50672e-07 -1.32192e-08 9.91887e-09 
6.31168e-07 -7.69761e-08 -7.98831e-09 5.28558e-09 
3.34903e-07 -3.92157e-08 -4.75072e-09 2.82249e-09 
1.77182e-07 -2.00715e-08 -2.68877e-09 1.47998e-09 
9.3082e-08 -1.01787e-08 -1.48819e-09 7.63247e-10 
4.87962e-08 -5.21338e-09 -7.99003e-10 3.91105e-10 
2.55202e-08 -2.67413e-09 -4.24687e-10 2.00344e-10 
1.33121e-08 -1.36035e-09 -2.25544e-10 1.01881e-10 
6.93769e-09 -6.97151e-10 -1.18663e-10 5.18991e-11 
3.61674e-09 -3.54411e-10 -6.31591e-11 2.64011e-11 
3.99567e-05 0 0 0 
5.66181e-05 -4.48161e-06 -1.98836e-06 -9.26951e-08 
7.73885e-05 -5.58383e-06 -2.8378e-06 -4.43695e-07 
0.000104596 -7.55472e-06 -3.73718e-06 -5.95395e-07 
0.000138822 -1.00921e-05 -4.76973e-06 -8.03815e-07 
0.000184505 -1.38515e-05 -5.76876e-06 -1.39772e-06 
0.000233647 -1.75623e-05 -7.35609e-06 -1.28972e-06 
0.000317073 -2.34963e-05 -1.08199e-05 -1.27045e-06 
0.000413522 -3.11592e-05 -1.31701e-05 -2.11539e-06 
0.000538353 -4.04797e-05 -1.70947e-05 -2.89761e-06 
0.000692726 -5.27327e-05 -2.15154e-05 -3.48833e-06 
0.000897204 -6.77016e-05 -2.84162e-05 -4.36651e-06 
0.00117277 -8.92988e-05 -3.69291e-05 -5.49899e-06 
0.00148336 -0.000113259 -4.51342e-05 -7.81457e-06 
0.001901 -0.000144927 -5.84942e-05 -9.58274e-06 
0.00242371 -0.000185835 -7.38511e-05 -1.2356e-05 
0.00307744 -0.000237229 -9.25018e-05 -1.61376e-05 
0.00385723 -0.000296631 -0.000115209 -2.03761e-05 
0.00488315 -0.000377368 -0.000146427 -2.48399e-05 
0.00608462 -0.000474317 -0.000177448 -3.27667e-05 
0.00755411 -0.00059456 -0.000216412 -4.10078e-05 
0.00931468 -0.000743636 -0.00026058 -5.07992e-05 
0.0114047 -0.000927239 -0.000309567 -6.30311e-05 
0.0138614 -0.00115478 -0.000361696 -7.76492e-05 
0.0167034 -0.00143434 -0.0004146 -9.47812e-05 
0.0199639 -0.00177853 -0.000466705 -0.000113979 
0.0236632 -0.00219857 -0.000515889 -0.000136109 
0.0278125 -0.00270661 -0.000562741 -0.000161822 
0.0324249 -0.00330596 -0.000605837 -0.000191014 
0.0375135 -0.00399272 -0.000650868 -0.00022581 
0.0430592 -0.0047623 -0.000697462 -0.000264911 
0.0490345 -0.00559794 -0.000747965 -0.000308551 
0.055383 -0.00648656 -0.000803376 -0.00035203 
0.0619993 -0.00742399 -0.000856304 -0.000399248 
0.0687635 -0.00839177 -0.000908586 -0.000448595 
0.0755519 -0.0093774 -0.000953924 -0.000498634 
0.0822505 -0.0103624 -0.000993011 -0.000550052 
0.088734 -0.0113231 -0.00103193 -0.000598065 
0.0947262 -0.0121995 -0.00106517 -0.000646587 
0.100187 -0.013019 -0.00109011 -0.000691953 
0.105078 -0.0137272 -0.00112494 -0.000731248 
0.109262 -0.014322 -0.00115598 -0.00076735 
0.112621 -0.0147799 -0.00118178 -0.000799804 
0.11509 -0.0150942 -0.00120024 -0.000829913 
0.116677 -0.0152597 -0.00121946 -0.000851936 
0.117391 -0.0152797 -0.00123524 -0.000868888 
0.117228 -0.0151509 -0.00124661 -0.000880225 
0.116224 -0.0148846 -0.00125245 -0.000885506 
0.114436 -0.0145004 -0.00124999 -0.000882693 
0.11191 -0.0140127 -0.00123263 -0.000875959 
0.108771 -0.0134265 -0.00121326 -0.000861103 
0.105069 -0.012809 -0.0011661 -0.000840282 
0.100858 -0.0121519 -0.00109514 -0.000818224 
0.0964596 -0.0114166 -0.00104944 -0.000785135 
0.0918524 -0.0106618 -0.00100793 -0.000742195 
0.0871911 -0.00987129 -0.000970081 -0.000697469 
0.0825255 -0.00909604 -0.000925292 -0.00065292 
0.0779623 -0.00838437 -0.000869393 -0.000608042 
0.0736105 -0.00772245 -0.000801382 -0.000567036 
0.0694859 -0.00718555 -0.000710351 -0.000527696 
0.186951 0 0 0 
0.231128 0.00539413 -0.00114309 0.000287737 
0.249172 0.00673798 -0.00138704 -0.00019806 
0.266678 0.00722442 -0.00127017 -0.000160406 
0.28302 0.00765106 -0.00111554 -0.00015595 
0.300392 0.00780429 -0.000782464 -0.000344254 
0.311942 0.00798972 -0.000782605 -2.9976e-05 
0.334087 0.00859051 -0.0012328 0.000147799 
0.351457 0.00881789 -0.000941661 1.81011e-05 
0.369467 0.0091859 -0.00097265 -2.60504e-05 
0.386277 0.00929313 -0.000901728 5.15803e-05 
0.405061 0.00972618 -0.00103962 8.29993e-05 
0.426333 0.00994574 -0.00110015 0.000111882 
0.442396 0.0101339 -0.000924981 3.38246e-05 
0.46166 0.010376 -0.00105157 8.04295e-05 
0.480607 0.0104592 -0.00106075 7.76585e-05 
0.499408 0.010528 -0.00105463 5.58589e-05 
0.516176 0.0106604 -0.00105834 6.6548e-05 
0.535534 0.0106779 -0.0011906 0.000110187 
0.55205 0.0105724 -0.00109725 6.4541e-05 
0.568212 0.0103978 -0.0010997 7.60594e-05 
0.583219 0.010086 -0.00108182 9.9175e-05 
0.596891 0.00964631 -0.00105346 0.000116654 
0.608996 0.00901303 -0.000995528 0.000143478 
0.619047 0.00815604 -0.000909462 0.000184804 
0.626834 0.00699976 -0.000817296 0.000246673 
0.632041 0.00547827 -0.000750447 0.000315251 
0.634412 0.00351949 -0.000788217 0.000350102 
0.633851 0.00119277 -0.000950185 0.000354885 
0.63057 -0.00127875 -0.00116657 0.000349804 
0.624744 -0.00368957 -0.00144795 0.000319436 
0.616375 -0.00606048 -0.00179494 0.000304031 
0.605516 -0.00820505 -0.00215252 0.000305769 
0.592007 -0.0102431 -0.00248474 0.000352994 
0.576009 -0.0120477 -0.00269392 0.000453308 
0.557894 -0.0135392 -0.00277775 0.000561026 
0.537945 -0.0147074 -0.00278247 0.000675116 
0.516922 -0.0155926 -0.00273481 0.000757567 
0.493723 -0.0160295 -0.00260014 0.00082017 
0.469823 -0.0162789 -0.00248268 0.000850362 
0.445519 -0.0162602 -0.00236409 0.00085317 
0.421038 -0.016058 -0.00224851 0.00084 
0.396564 -0.0156843 -0.00213531 0.000812426 
0.372346 -0.0151999 -0.00202924 0.000779383 
0.348612 -0.0146187 -0.00192406 0.000728928 
0.325604 -0.0139713 -0.00182819 0.000678029 
0.303449 -0.0132835 -0.00173746 0.000627482 
0.282213 -0.0125604 -0.00165559 0.000574723 
0.261993 -0.0118267 -0.00158496 0.000522843 
0.24281 -0.0111095 -0.00150713 0.000471876 
0.224723 -0.0103899 -0.0014403 0.000426088 
0.20767 -0.00974454 -0.00136045 0.000380804 
0.191602 -0.00916342 -0.00125306 0.000329814 
0.176771 -0.00856425 -0.00116469 0.000286341 
0.162886 -0.00797605 -0.00108925 0.00024823 
0.150095 -0.00739326 -0.00101731 0.000217706 
0.138245 -0.00683242 -0.000954675 0.000193859 
0.127182 -0.00629349 -0.000908739 0.000173482 
0.116872 -0.00574839 -0.000875455 0.000160099 
0.106972 -0.00519975 -0.00086106 0.000147849 
0.178902 0 0 0 
0.224035 0.00635465 -0.00104257 0.000313475 
0.241279 0.00782449 -0.00128646 -0.00017057 
0.25804 0.0084366 -0.00116644 -0.000129967 
0.273463 0.00898031 -0.000996561 -0.000118244 
0.28989 0.00925122 -0.000631481 -0.000308988 
0.300084 0.00962496 -0.000618711 1.67743e-05 
0.321314 0.0103757 -0.00106682 0.000201029 
0.337417 0.0107754 -0.000743787 6.99066e-05 
0.354036 0.011345 -0.00075459 3.10792e-05 
0.369233 0.0116801 -0.000651246 0.000112937 
0.386437 0.0123602 -0.000773658 0.000152199 
0.406165 0.0128138 -0.000809367 0.000185745 
0.420088 0.0132982 -0.000583272 0.000110579 
0.437276 0.0138524 -0.000675792 0.000164183 
0.453961 0.0142783 -0.000643316 0.000167131 
0.47033 0.014701 -0.000581394 0.00014782 
0.48424 0.0152302 -0.000517949 0.000161567 
0.500914 0.0156131 -0.000589072 0.000209383 
0.51412 0.0158828 -0.000400838 0.000165657 
0.526669 0.0160615 -0.000296563 0.000171957 
0.53764 0.0160648 -0.000159589 0.000186792 
0.546853 0.0158835 9.48303e-07 0.000184775 
0.554107 0.0154477 0.000195111 0.000180727 
0.558975 0.0147347 0.000419857 0.000174301 
0.56147 0.0136989 0.000644582 0.000170265 
0.56153 0.0123485 0.000847324 0.000149193 
0.559097 0.0106684 0.000959993 8.89471e-05 
0.554389 0.00882855 0.00102174 1.22911e-05 
0.547667 0.00697165 0.000987847 -0.00010374 
0.539023 0.00519034 0.000901598 -0.000229386 
0.528652 0.00361904 0.000795752 -0.000348817 
0.516646 0.00227775 0.000695181 -0.000429191 
0.502938 0.00107146 0.000612637 -0.000499852 
0.487618 -1.20491e-05 0.000533601 -0.000559234 
0.47087 -0.000999201 0.000481312 -0.000599484 
0.452962 -0.00190062 0.000441875 -0.000631981 
0.434168 -0.00271988 0.000399236 -0.000647099 
0.41441 -0.0033765 0.000383299 -0.000653309 
0.394135 -0.00402676 0.000363955 -0.000655489 
0.373789 -0.00454901 0.000334965 -0.00064634 
0.353463 -0.00500081 0.000313763 -0.000633125 
0.333283 -0.00537338 0.000303548 -0.000615371 
0.313404 -0.00568107 0.000300052 -0.000597385 
0.29402 -0.0059234 0.000290942 -0.000573542 
0.27526 -0.00610453 0.000280678 -0.000547764 
0.257181 -0.00621665 0.000270494 -0.00052045 
0.239837 -0.00626845 0.00025817 -0.000491832 
0.223257 -0.00627218 0.000244479 -0.000461063 
0.20745 -0.00623015 0.00023405 -0.000432576 
0.192472 -0.00612815 0.000216903 -0.000402613 
0.178262 -0.00603279 0.00020994 -0.000374477 
0.164812 -0.00591519 0.00021109 -0.000351203 
0.152349 -0.00570923 0.000191738 -0.00032358 
0.14071 -0.00547834 0.000163903 -0.000294425 
0.130013 -0.00520112 0.000137991 -0.000266735 
0.120197 -0.00493445 0.000118733 -0.00024416 
0.111301 -0.00472458 0.000107369 -0.000226821 
0.103388 -0.00456178 0.000112566 -0.000215311 
0.096356 -0.00451251 0.000134803 -0.00020899 
0.134577 0 0 0 
0.167165 0.00407322 -0.00085388 0.000231763 
0.1808 0.00524047 -0.00105567 -0.000175843 
0.194162 0.00570765 -0.000978147 -0.000137454 
0.206354 0.00613524 -0.000847347 -0.000148546 
0.219456 0.00635647 -0.000588334 -0.000300629 
0.228457 0.0065027 -0.000583763 -3.44335e-05 
0.245236 0.00712796 -0.000971787 0.000119626 
0.258335 0.00741958 -0.000723572 8.27628e-06 
0.272108 0.00783642 -0.000763021 -2.19843e-05 
0.285118 0.0080108 -0.000693661 4.20868e-05 
0.299599 0.00853084 -0.000818906 6.8619e-05 
0.315989 0.00894527 -0.000890824 9.98013e-05 
0.328664 0.0092386 -0.000727266 2.95738e-05 
0.343885 0.00968836 -0.000854489 7.84644e-05 
0.359023 0.0100494 -0.000874875 7.59522e-05 
0.374323 0.0104312 -0.000881619 5.60767e-05 
0.388212 0.0108905 -0.00089098 6.3965e-05 
0.40415 0.0114422 -0.00105765 0.000109365 
0.418045 0.0119144 -0.000991586 6.45637e-05 
0.43194 0.0124785 -0.00103761 7.79273e-05 
0.445156 0.0130962 -0.00107166 0.000103481 
0.45759 0.013825 -0.0011095 0.000118215 
0.468981 0.0146613 -0.00113875 0.000141442 
0.479058 0.0156396 -0.00113909 0.000173847 
0.487723 0.016748 -0.00112793 0.000224849 
0.494523 0.0178896 -0.00111273 0.000294553 
0.499272 0.0190786 -0.00107905 0.000364413 
0.501991 0.0202873 -0.00107405 0.00042782 
0.502287 0.0213295 -0.00112781 0.000456343 
0.500328 0.0222756 -0.0012396 0.000442588 
0.496181 0.0232129 -0.00135921 0.000429308 
0.490075 0.0241962 -0.00149957 0.000405287 
0.481783 0.0251302 -0.00162857 0.000369925 
0.471343 0.0259134 -0.00175446 0.000324663 
0.458803 0.0264791 -0.00188858 0.000286027 
0.444201 0.026861 -0.00200082 0.000245627 
0.428712 0.0269983 -0.00205256 0.000217262 
0.410817 0.0268175 -0.00210353 0.000195616 
0.392093 0.0264587 -0.00208756 0.000173573 
0.372734 0.0259019 -0.00204523 0.000158975 
0.352938 0.0252092 -0.00197141 0.000146986 
0.332997 0.0243717 -0.00187748 0.00013287 
0.313143 0.0234308 -0.00176642 0.00011785 
0.293598 0.0223978 -0.00163814 0.000106953 
0.274561 0.0212979 -0.00150723 9.5046e-05 
0.256193 0.0201715 -0.00138018 8.04143e-05 
0.23859 0.0190462 -0.00124673 7.05035e-05 
0.221787 0.0179249 -0.00111902 6.0643e-05 
0.205846 0.0168169 -0.000992829 4.99936e-05 
0.190825 0.0157502 -0.000872932 4.25649e-05 
0.17659 0.0146724 -0.000768819 3.81771e-05 
0.163148 0.0135592 -0.000669939 3.45789e-05 
0.150764 0.0125316 -0.000593876 3.33815e-05 
0.139158 0.0115545 -0.000531052 3.34969e-05 
0.128419 0.0106453 -0.000486754 3.44471e-05 
0.118426 0.00980034 -0.000456188 3.47792e-05 
0.109092 0.00901552 -0.000432911 3.26833e-05 
0.100393 0.00828372 -0.0004234 2.72513e-05 
0.092107 0.00755403 -0.000423023 1.68448e-05 
0.12915 0 0 0 
0.159984 0.00379497 -0.000807965 0.00022354 
0.172748 0.00484008 -0.000983819 -0.000161911 
0.185216 0.00523483 -0.000911899 -0.000119017 
0.196606 0.00559698 -0.000789144 -0.000131526 
0.208727 0.00576888 -0.000550348 -0.000271529 
0.217059 0.00588237 -0.000546291 -3.26849e-05 
0.232588 0.00639144 -0.00089621 0.000107043 
0.24466 0.00660989 -0.000672988 8.12895e-06 
0.257304 0.00693288 -0.000708459 -1.61768e-05 
0.269188 0.00703997 -0.00064786 3.9407e-05 
0.282388 0.00743005 -0.000756775 6.17067e-05 
0.297222 0.00770772 -0.000815659 8.88492e-05 
0.308633 0.00789763 -0.000677632 2.79588e-05 
0.322293 0.00818818 -0.000788565 6.96265e-05 
0.335789 0.00837979 -0.0008065 6.6688e-05 
0.349329 0.00857369 -0.00081475 5.11026e-05 
0.361585 0.00881582 -0.000829623 5.96239e-05 
0.375609 0.00908089 -0.000973132 9.94844e-05 
0.387777 0.00925646 -0.000928492 6.36337e-05 
0.399888 0.0094539 -0.00098121 7.86735e-05 
0.411361 0.00963004 -0.00103191 0.000104137 
0.422103 0.00981075 -0.00109414 0.000124185 
0.431911 0.0099755 -0.00115809 0.000153919 
0.440506 0.0101304 -0.00121931 0.000194628 
0.44777 0.0102504 -0.00129752 0.00025275 
0.453364 0.0102606 -0.00140208 0.000325222 
0.457064 0.0101457 -0.00154668 0.000384694 
0.458839 0.00991057 -0.00177349 0.000428957 
0.458471 0.0095322 -0.00205436 0.000448131 
0.456203 0.00915685 -0.00239178 0.000428928 
0.451987 0.0087913 -0.00275421 0.000414867 
0.445981 0.00853478 -0.00314164 0.000393166 
0.437942 0.00826976 -0.00352217 0.00038103 
0.427954 0.00799602 -0.00386454 0.000382031 
0.416175 0.00772365 -0.00416318 0.000400241 
0.402708 0.00748015 -0.00439962 0.000433747 
0.388367 0.00720622 -0.00455951 0.00045977 
0.371967 0.0069484 -0.00463854 0.000497397 
0.354878 0.00668525 -0.00466932 0.000516267 
0.337259 0.00642827 -0.00464491 0.000526014 
0.319316 0.006181 -0.00457851 0.000527809 
0.301246 0.00593052 -0.00447453 0.000518712 
0.283252 0.00567736 -0.00434001 0.000502636 
0.265532 0.00540903 -0.00417978 0.000477886 
0.248287 0.0051388 -0.0040033 0.000451244 
0.231633 0.00487201 -0.00381673 0.000421622 
0.215647 0.00461458 -0.00362424 0.000390654 
0.200394 0.00436057 -0.00343242 0.000358796 
0.185903 0.0041061 -0.00323408 0.000325331 
0.172236 0.00386567 -0.00304004 0.000294918 
0.159316 0.00359035 -0.00284604 0.00026742 
0.14712 0.00326787 -0.00263615 0.00023804 
0.135869 0.00298765 -0.00244319 0.000211344 
0.125329 0.00272724 -0.00226306 0.000187131 
0.115597 0.002495 -0.00209317 0.000166599 
0.106574 0.00228614 -0.00193811 0.000149678 
0.0981736 0.00210194 -0.00180037 0.000133151 
0.0903817 0.00194793 -0.00167768 0.000118702 
0.0829863 0.00180221 -0.00157117 0.000101357 
-0.179197 0.000118806 -7.71115e-06 5.85589e-07 
-0.179051 0.000163549 -1.38475e-05 1.11277e-06 
-0.178829 0.000210725 -1.88162e-05 4.41558e-07 
-0.178537 0.000258817 -2.18852e-05 -4.33757e-08 
-0.178346 0.000309748 -2.40039e-05 -2.77028e-07 
-0.178208 0.000366589 -2.62439e-05 -3.60443e-07 
-0.177502 0.000431567 -3.04841e-05 1.20974e-06 
-0.17701 0.000504732 -3.60064e-05 2.77466e-06 
-0.176547 0.000588463 -4.05947e-05 2.90402e-06 
-0.175758 0.000684996 -4.60338e-05 3.06666e-06 
-0.174994 0.000796609 -5.28462e-05 4.08212e-06 
-0.174195 0.000923317 -6.13197e-05 5.28031e-06 
-0.173064 0.0010678 -7.01595e-05 6.09218e-06 
-0.17178 0.0012332 -7.96844e-05 6.43021e-06 
-0.170348 0.00142013 -9.14948e-05 7.41976e-06 
-0.168739 0.00162958 -0.00010449 8.31686e-06 
-0.167006 0.00186279 -0.00011857 9.03906e-06 
-0.164866 0.00212026 -0.00013416 1.01854e-05 
-0.162314 0.00239881 -0.000150177 1.13292e-05 
-0.159595 0.00269789 -0.000164232 1.13023e-05 
-0.156491 0.00301331 -0.000177068 1.12436e-05 
-0.152992 0.00334019 -0.000187659 1.0986e-05 
-0.149151 0.00367011 -0.000194578 9.86684e-06 
-0.144878 0.00399118 -0.000196204 7.69648e-06 
-0.140153 0.00429281 -0.000191645 4.51673e-06 
-0.134959 0.00456073 -0.00018107 4.58195e-07 
-0.129427 0.0047809 -0.000165694 -4.52323e-06 
-0.12344 0.00494075 -0.000147683 -1.03138e-05 
-0.117168 0.00503188 -0.000129604 -1.66289e-05 
-0.110417 0.00504678 -0.000113772 -2.30481e-05 
-0.10346 0.00498188 -0.000101286 -2.88919e-05 
-0.0963458 0.00483866 -9.20094e-05 -3.3618e-05 
-0.0891483 0.00462217 -8.51854e-05 -3.69487e-05 
-0.08191 0.00432484 -7.85959e-05 -3.8954e-05 
-0.0747754 0.00399223 -7.1906e-05 -3.98546e-05 
-0.0678238 0.00360948 -6.38565e-05 -3.95776e-05 
-0.0611318 0.00320251 -5.44767e-05 -3.81368e-05 
-0.0547564 0.00279886 -4.48456e-05 -3.57391e-05 
-0.0487733 0.00239263 -3.4961e-05 -3.24422e-05 
-0.0431849 0.00201114 -2.53986e-05 -2.87476e-05 
-0.0380621 0.00166662 -1.69033e-05 -2.49173e-05 
-0.0333742 0.00135739 -9.69841e-06 -2.11465e-05 
-0.0291376 0.00109219 -4.00178e-06 -1.76711e-05 
-0.0253467 0.000864926 2.53496e-07 -1.44975e-05 
-0.0219681 0.000677156 3.11603e-06 -1.17182e-05 
-0.0189879 0.000524069 4.8482e-06 -9.34461e-06 
-0.0162827 0.000401383 5.66226e-06 -7.33846e-06 
-0.014055 0.000304468 5.83479e-06 -5.69904e-06 
-0.0120575 0.000229023 5.58e-06 -4.37455e-06 
-0.0103209 0.000170759 5.07489e-06 -3.3248e-06 
-0.00881848 0.000126564 4.4502e-06 -2.506e-06 
-0.00755216 9.30149e-05 3.79527e-06 -1.87471e-06 
-0.00641235 6.81059e-05 3.16303e-06 -1.39676e-06 
-0.00546077 4.96937e-05 2.56709e-06 -1.03043e-06 
-0.00464019 3.54413e-05 2.00297e-06 -7.48639e-07 
-0.00394548 2.56123e-05 1.54596e-06 -5.42642e-07 
-0.00336046 1.83784e-05 1.16646e-06 -3.8895e-07 
-0.00284238 1.26555e-05 8.25225e-07 -2.77669e-07 
-0.00240848 8.71056e-06 5.67697e-07 -1.97596e-07 
-0.0020425 5.60376e-06 3.18291e-07 -1.39178e-07 
0.334689 0.0950444 -0.0123378 0.00140541 
0.373577 0.0952202 -0.0122896 1.05761e-06 
0.389039 0.0806991 -0.00666881 -0.00139261 
0.395498 0.0707697 -0.00350763 -0.000392586 
0.397524 0.0651563 -0.00236186 -0.000359889 
0.396476 0.0622894 -0.0031332 0.000663597 
0.396647 0.0600646 -0.0045449 0.00169966 
0.394899 0.0574581 -0.00380458 0.000657412 
0.389719 0.0558932 -0.00291526 -7.93679e-05 
0.383251 0.0545636 -0.00321658 0.000304516 
0.376966 0.0529627 -0.00344271 0.000554594 
0.370516 0.050908 -0.00331556 0.000405258 
0.361895 0.0491382 -0.00284843 0.000150197 
0.352548 0.0474029 -0.00283783 0.000153912 
0.343388 0.044976 -0.00287498 0.000251174 
0.33398 0.0424471 -0.00258405 0.00014104 
0.322909 0.0399598 -0.00240797 0.00014066 
0.311877 0.0369038 -0.00222585 0.000184487 
0.299476 0.033548 -0.00177047 6.97289e-05 
0.286307 0.0302757 -0.00130995 -2.32447e-05 
0.272189 0.0267815 -0.000999045 -2.19335e-06 
0.257105 0.023146 -0.0006358 -4.19382e-05 
0.241845 0.0194525 -0.000267627 -9.77172e-05 
0.225868 0.0157576 6.75702e-05 -0.000134718 
0.209281 0.0121889 0.000323699 -0.000153856 
0.192206 0.00884346 0.000474082 -0.000162202 
0.175398 0.00583777 0.000516733 -0.000164464 
0.158305 0.00326608 0.000473029 -0.000156649 
0.141481 0.00117797 0.000376045 -0.00013989 
0.125011 -0.000434932 0.000261334 -0.000114521 
0.109148 -0.00160545 0.000167074 -8.32016e-05 
0.0941228 -0.00237495 0.000103872 -5.27879e-05 
0.0801725 -0.00280056 6.99215e-05 -2.97313e-05 
0.0673471 -0.00298606 6.01482e-05 -1.37828e-05 
0.0558734 -0.00289347 5.81204e-05 -2.32496e-06 
0.0457689 -0.00265867 5.84873e-05 5.61699e-06 
0.0370338 -0.00232682 5.50177e-05 1.10763e-05 
0.0296193 -0.0019464 4.7041e-05 1.38046e-05 
0.0234284 -0.00158982 3.95453e-05 1.43017e-05 
0.018326 -0.00124828 3.13029e-05 1.30057e-05 
0.0141943 -0.000947821 2.27872e-05 1.10924e-05 
0.0108926 -0.000703961 1.58536e-05 8.93881e-06 
0.00828932 -0.000508231 1.02646e-05 6.8883e-06 
0.00625964 -0.000360844 6.18508e-06 5.2162e-06 
0.0046954 -0.000250852 3.334e-06 3.82765e-06 
0.00350046 -0.000171362 1.54505e-06 2.72749e-06 
0.00258284 -0.00011522 4.82335e-07 1.92306e-06 
0.00191526 -7.6405e-05 -6.51993e-08 1.32252e-06 
0.00140725 -5.00024e-05 -3.02472e-07 8.93833e-07 
0.00103022 -3.23843e-05 -3.72764e-07 5.94506e-07 
0.000751622 -2.0732e-05 -3.52189e-07 3.89203e-07 
0.000549212 -1.31753e-05 -2.96439e-07 2.51515e-07 
0.000397076 -8.27863e-06 -2.39954e-07 1.61625e-07 
0.000287617 -5.15887e-06 -1.86768e-07 1.0456e-07 
0.000207992 -3.25922e-06 -1.42708e-07 6.72969e-08 
0.000150178 -2.01386e-06 -1.00642e-07 4.14763e-08 
0.000108612 -1.24733e-06 -6.88212e-08 2.56842e-08 
7.79583e-05 -7.98765e-07 -5.08046e-08 1.57736e-08 
5.60246e-05 -5.07589e-07 -3.71288e-08 9.62227e-09 
4.02821e-05 -3.36226e-07 -3.18291e-08 6.00658e-09 
133.875 38.0178 -14.8054 2.81083 
39.9161 -34.5715 14.4902 -9.14114 
15.9449 -21.9321 8.09222 3.12486 
4.26758 -10.1593 2.34035 0.679563 
-0.227709 -5.21672 0.622133 -0.48786 
-3.29141 -1.04888 -2.56786 2.8333 
1.98781 -2.71472 -0.515478 -0.641581 
-4.43221 -1.25864 1.57774 -1.29117 
-4.23359 -0.605428 -0.38098 0.181061 
-3.88161 -0.709317 -0.107885 0.325074 
-2.85111 -0.652552 -0.175001 -0.0426614 
-2.92101 -0.807301 0.201441 -0.091231 
-3.56675 -0.286658 0.0935249 -0.0925801 
-2.34059 -0.580613 -0.124918 0.0982957 
-2.2415 -0.531632 0.0653822 -0.0328961 
-2.11671 -0.434631 0.0361552 -0.0136807 
-1.93264 -0.378317 0.0039444 0.0182887 
-1.57062 -0.464931 0.0319326 0.000364719 
-1.61625 -0.337755 0.0693892 -0.0277901 
-1.40701 -0.315004 0.0190025 0.00816934 
-1.25054 -0.281018 0.024943 -0.000440109 
-1.09705 -0.243293 0.0217567 -0.00396514 
-0.967058 -0.208764 0.017957 -0.00200543 
-0.847307 -0.172348 0.0123137 -0.000824409 
-0.731058 -0.139095 0.00598342 0.000121972 
-0.624115 -0.10725 0.00126622 0.000116976 
-0.53219 -0.078574 -0.00204994 0.000353551 
-0.446249 -0.0544678 -0.00321311 0.000532072 
-0.370485 -0.0356133 -0.00351201 0.000552042 
-0.303407 -0.0218251 -0.00253089 0.000638417 
-0.244813 -0.0120227 -0.00158081 0.00051048 
-0.194125 -0.00560611 -0.000803995 0.000372255 
-0.151409 -0.00150367 -0.000323291 0.000157324 
-0.115698 0.00095206 -0.000108191 9.077e-05 
-0.0868045 0.00224566 -3.65219e-05 4.86592e-05 
-0.0639369 0.00263439 -3.93286e-05 1.36217e-05 
-0.0462882 0.00253662 -6.42699e-05 3.89278e-06 
-0.0327842 0.0020555 -5.71263e-05 -9.03482e-06 
-0.0230442 0.00166641 -4.02792e-05 -1.66579e-05 
-0.0158761 0.00123782 -3.99013e-05 -1.43278e-05 
-0.0107819 0.000865924 -2.60691e-05 -1.29193e-05 
-0.00722377 0.000583294 -1.81359e-05 -9.25236e-06 
-0.004782 0.000379206 -1.11105e-05 -6.48804e-06 
-0.00313003 0.000239512 -6.68223e-06 -4.26923e-06 
-0.00202884 0.000147297 -3.56669e-06 -2.80667e-06 
-0.00130321 8.83935e-05 -1.78483e-06 -1.75962e-06 
-0.000826032 5.19419e-05 -7.90177e-07 -1.07268e-06 
-0.000525593 2.99705e-05 -2.85818e-07 -6.436e-07 
-0.000330558 1.7019e-05 -6.43542e-08 -3.79944e-07 
-0.000206782 9.51998e-06 1.5939e-08 -2.16971e-07 
-0.000128727 5.25609e-06 4.68337e-08 -1.24246e-07 
-8.0172e-05 2.87465e-06 3.90485e-08 -6.87779e-08 
-4.93268e-05 1.55416e-06 2.7757e-08 -3.6435e-08 
-3.03836e-05 8.28301e-07 2.23343e-08 -2.03158e-08 
-1.86726e-05 4.37723e-07 1.49098e-08 -1.12738e-08 
-1.14495e-05 2.29287e-07 1.0063e-08 -6.21593e-09 
-7.02808e-06 1.19301e-07 6.08723e-09 -3.2249e-09 
-4.2787e-06 6.14014e-08 3.00856e-09 -1.69008e-09 
-2.60697e-06 3.1358e-08 1.39972e-09 -8.59976e-10 
-1.58856e-06 1.57639e-08 2.47926e-10 -4.2197e-10 
