\BOOKMARK [0][-]{chapter.1}{Introduction}{}% 1
\BOOKMARK [0][-]{chapter.2}{Tutorial}{}% 2
\BOOKMARK [1][-]{section.2.1}{Tensor Wrapper}{chapter.2}% 3
\BOOKMARK [1][-]{section.2.2}{Tensor Train Vectors}{chapter.2}% 4
\BOOKMARK [1][-]{section.2.3}{Tensor Train Matrices}{chapter.2}% 5
\BOOKMARK [1][-]{section.2.4}{Quantics Tensor Train Vectors}{chapter.2}% 6
\BOOKMARK [1][-]{section.2.5}{Quantics Tensor Train Matrices}{chapter.2}% 7
\BOOKMARK [1][-]{section.2.6}{Spectral Tensor Train}{chapter.2}% 8
\BOOKMARK [1][-]{section.2.7}{Multi-linear algebra}{chapter.2}% 9
\BOOKMARK [0][-]{chapter.3}{API}{}% 10
\BOOKMARK [1][-]{section.3.1}{Tensor Wrapper}{chapter.3}% 11
\BOOKMARK [1][-]{section.3.2}{Tensor Train Vectors}{chapter.3}% 12
\BOOKMARK [1][-]{section.3.3}{Tensor Train Matrices}{chapter.3}% 13
\BOOKMARK [1][-]{section.3.4}{Quantics Tensor Train Vectors}{chapter.3}% 14
\BOOKMARK [1][-]{section.3.5}{Quantics Tensor Train Matrices}{chapter.3}% 15
\BOOKMARK [1][-]{section.3.6}{Weighted Tensor Train Vectors}{chapter.3}% 16
\BOOKMARK [1][-]{section.3.7}{Spectral Tensor Train}{chapter.3}% 17
\BOOKMARK [1][-]{section.3.8}{Multi-linear algebra}{chapter.3}% 18
\BOOKMARK [1][-]{section.3.9}{Canonical Decomposition}{chapter.3}% 19
\BOOKMARK [1][-]{section.3.10}{Miscellaneous}{chapter.3}% 20
\BOOKMARK [1][-]{section.3.11}{Indices and tables}{chapter.3}% 21
\BOOKMARK [0][-]{chapter.4}{References}{}% 22
\BOOKMARK [0][-]{chapter*.127}{Bibliography}{}% 23
\BOOKMARK [0][-]{section*.135}{Python Module Index}{}% 24
\BOOKMARK [0][-]{section*.136}{Index}{}% 25
