mode: list-non-matching-old
Files not matching the old license
args: ['..\\cocos']
type(text): <type 'str'>
type(text): <type 'str'>
type(text): <type 'str'>
type(text): <type 'str'>
type(text): <type 'str'>
type(text): <type 'str'>
type(text): <type 'str'>
type(text): <type 'str'>
type(text): <type 'str'>
type(text): <type 'str'>
type(text): <type 'str'>
type(text): <type 'str'>
type(text): <type 'str'>
type(text): <type 'str'>
type(text): <type 'str'>
type(text): <type 'str'>
type(text): <type 'str'>
type(text): <type 'str'>
type(text): <type 'str'>
type(text): <type 'str'>
type(text): <type 'str'>
type(text): <type 'str'>
type(text): <type 'str'>
type(text): <type 'str'>
type(text): <type 'str'>
type(text): <type 'str'>
type(text): <type 'str'>
type(text): <type 'str'>
type(text): <type 'str'>
type(text): <type 'str'>
type(text): <type 'str'>
type(text): <type 'str'>
type(text): <type 'str'>
type(text): <type 'str'>
type(text): <type 'str'>
type(text): <type 'str'>
type(text): <type 'str'>
type(text): <type 'str'>
type(text): <type 'str'>
type(text): <type 'str'>
type(text): <type 'str'>
type(text): <type 'str'>
type(text): <type 'str'>
type(text): <type 'str'>
type(text): <type 'str'>
type(text): <type 'str'>
type(text): <type 'str'>
type(text): <type 'str'>
type(text): <type 'str'>
type(text): <type 'str'>
type(text): <type 'str'>
type(text): <type 'str'>
type(text): <type 'str'>
type(text): <type 'str'>
type(text): <type 'str'>
type(text): <type 'str'>
type(text): <type 'str'>
type(text): <type 'str'>
type(text): <type 'str'>
type(text): <type 'str'>
type(text): <type 'str'>
type(text): <type 'str'>
..\cocos\euclid.py
..\cocos\audio\SDL\array.py
..\cocos\audio\SDL\audio.py
..\cocos\audio\SDL\constants.py
..\cocos\audio\SDL\darwin.py
..\cocos\audio\SDL\dll.py
..\cocos\audio\SDL\endian.py
..\cocos\audio\SDL\error.py
..\cocos\audio\SDL\mixer.py
..\cocos\audio\SDL\rwops.py
..\cocos\audio\SDL\sound.py
..\cocos\audio\SDL\timer.py
..\cocos\audio\SDL\version.py
..\cocos\audio\SDL\__init__.py
