actionid=tox
msg=packaging
cmdargs=['/usr/bin/python', local('/mnt/data1/local/code/github.androomerrill/repos/scikit-nano/sknano/setup.py'), 'sdist', '--formats=zip', '--dist-dir', local('/mnt/data1/local/code/github.androomerrill/repos/scikit-nano/sknano/.tox/dist')]
env=None
Traceback (most recent call last):
  File "setup.py", line 21, in <module>
    from numpy.distutils.core import setup
  File "/usr/lib/python2.7/dist-packages/numpy/__init__.py", line 153, in <module>
    from . import add_newdocs
  File "/usr/lib/python2.7/dist-packages/numpy/add_newdocs.py", line 13, in <module>
    from numpy.lib import add_newdoc
  File "/usr/lib/python2.7/dist-packages/numpy/lib/__init__.py", line 22, in <module>
    from .npyio import *
  File "/usr/lib/python2.7/dist-packages/numpy/lib/npyio.py", line 4, in <module>
    from . import format
  File "/usr/lib/python2.7/dist-packages/numpy/lib/format.py", line 141, in <module>
    import io
  File "/mnt/data1/local/code/github.androomerrill/repos/scikit-nano/sknano/io/__init__.py", line 53, in <module>
    from ._base import *
  File "/mnt/data1/local/code/github.androomerrill/repos/scikit-nano/sknano/io/_base.py", line 16, in <module>
    from sknano.core.atoms import StructureAtom as Atom, StructureAtoms as Atoms
  File "/mnt/data1/local/code/github.androomerrill/repos/scikit-nano/sknano/core/atoms/__init__.py", line 80, in <module>
    from ._atom import *
  File "/mnt/data1/local/code/github.androomerrill/repos/scikit-nano/sknano/core/atoms/_atom.py", line 21, in <module>
    from sknano.core.math import Vector, rotation_transform
  File "/mnt/data1/local/code/github.androomerrill/repos/scikit-nano/sknano/core/math/__init__.py", line 43, in <module>
    from ._point import *
  File "/mnt/data1/local/code/github.androomerrill/repos/scikit-nano/sknano/core/math/_point.py", line 16, in <module>
    from ._transforms import rotation_transform
  File "/mnt/data1/local/code/github.androomerrill/repos/scikit-nano/sknano/core/math/_transforms.py", line 22, in <module>
    I = np.identity(4)
AttributeError: 'module' object has no attribute 'identity'
Error in sys.excepthook:
Traceback (most recent call last):
  File "/usr/lib/python2.7/dist-packages/apport_python_hook.py", line 63, in apport_excepthook
    from apport.fileutils import likely_packaged, get_recent_crashes
  File "/usr/lib/python2.7/dist-packages/apport/__init__.py", line 5, in <module>
    from apport.report import Report
  File "/usr/lib/python2.7/dist-packages/apport/report.py", line 12, in <module>
    import subprocess, tempfile, os.path, re, pwd, grp, os, time
  File "/usr/lib/python2.7/tempfile.py", line 32, in <module>
    import io as _io
  File "/mnt/data1/local/code/github.androomerrill/repos/scikit-nano/sknano/io/__init__.py", line 53, in <module>
    from ._base import *
  File "/mnt/data1/local/code/github.androomerrill/repos/scikit-nano/sknano/io/_base.py", line 16, in <module>
    from sknano.core.atoms import StructureAtom as Atom, StructureAtoms as Atoms
  File "/mnt/data1/local/code/github.androomerrill/repos/scikit-nano/sknano/core/atoms/__init__.py", line 80, in <module>
    from ._atom import *
  File "/mnt/data1/local/code/github.androomerrill/repos/scikit-nano/sknano/core/atoms/_atom.py", line 18, in <module>
    import numpy as np
  File "/usr/lib/python2.7/dist-packages/numpy/__init__.py", line 153, in <module>
    from . import add_newdocs
  File "/usr/lib/python2.7/dist-packages/numpy/add_newdocs.py", line 13, in <module>
    from numpy.lib import add_newdoc
  File "/usr/lib/python2.7/dist-packages/numpy/lib/__init__.py", line 17, in <module>
    from . import scimath as emath
ImportError: cannot import name scimath

Original exception was:
Traceback (most recent call last):
  File "setup.py", line 21, in <module>
    from numpy.distutils.core import setup
  File "/usr/lib/python2.7/dist-packages/numpy/__init__.py", line 153, in <module>
    from . import add_newdocs
  File "/usr/lib/python2.7/dist-packages/numpy/add_newdocs.py", line 13, in <module>
    from numpy.lib import add_newdoc
  File "/usr/lib/python2.7/dist-packages/numpy/lib/__init__.py", line 22, in <module>
    from .npyio import *
  File "/usr/lib/python2.7/dist-packages/numpy/lib/npyio.py", line 4, in <module>
    from . import format
  File "/usr/lib/python2.7/dist-packages/numpy/lib/format.py", line 141, in <module>
    import io
  File "/mnt/data1/local/code/github.androomerrill/repos/scikit-nano/sknano/io/__init__.py", line 53, in <module>
    from ._base import *
  File "/mnt/data1/local/code/github.androomerrill/repos/scikit-nano/sknano/io/_base.py", line 16, in <module>
    from sknano.core.atoms import StructureAtom as Atom, StructureAtoms as Atoms
  File "/mnt/data1/local/code/github.androomerrill/repos/scikit-nano/sknano/core/atoms/__init__.py", line 80, in <module>
    from ._atom import *
  File "/mnt/data1/local/code/github.androomerrill/repos/scikit-nano/sknano/core/atoms/_atom.py", line 21, in <module>
    from sknano.core.math import Vector, rotation_transform
  File "/mnt/data1/local/code/github.androomerrill/repos/scikit-nano/sknano/core/math/__init__.py", line 43, in <module>
    from ._point import *
  File "/mnt/data1/local/code/github.androomerrill/repos/scikit-nano/sknano/core/math/_point.py", line 16, in <module>
    from ._transforms import rotation_transform
  File "/mnt/data1/local/code/github.androomerrill/repos/scikit-nano/sknano/core/math/_transforms.py", line 22, in <module>
    I = np.identity(4)
AttributeError: 'module' object has no attribute 'identity'
