INFO:root:Requested resource: /
INFO:root:Requested resource: /css/style.css?v=1
INFO:root:Requested resource: /js/script.js?v=1
INFO:root:Requested resource: /ico/favicon.png
INFO:root:Requested resource: /encoding/
INFO:root:Requested resource: /css/style.css?v=1
INFO:root:Requested resource: /js/script.js?v=1
INFO:root:Requested resource: /ico/favicon.png
INFO:root:Requested resource: /encoding/
INFO:root:Requested resource: /css/style.css?v=1
INFO:root:Requested resource: /js/script.js?v=1
INFO:root:Requested resource: /ico/favicon.png
INFO:root:Requested resource: /encoding/
INFO:root:Requested resource: /encoding/
INFO:root:Requested resource: /css/style.css?v=1
INFO:root:Requested resource: /js/script.js?v=1
INFO:root:Requested resource: /ico/favicon.png
INFO:root:Requested resource: /encoding/
INFO:root:Requested resource: /encoding/
INFO:root:Requested resource: /encoding/
INFO:root:Requested resource: /css/style.css?v=1
INFO:root:Requested resource: /js/script.js?v=1
INFO:root:Requested resource: /ico/favicon.png
INFO:root:Requested resource: /
INFO:root:Requested resource: /css/style.css?v=1
INFO:root:Requested resource: /js/script.js?v=1
INFO:root:Requested resource: /ico/favicon.png
INFO:root:Requested resource: /about/
INFO:root:Requested resource: /css/style.css?v=1
INFO:root:Requested resource: /js/script.js?v=1
INFO:root:Requested resource: /ico/favicon.png
INFO:root:Requested resource: /contact/
INFO:root:Requested resource: /css/style.css?v=1
INFO:root:Requested resource: /js/script.js?v=1
INFO:root:Requested resource: /ico/favicon.png
INFO:root:Requested resource: /
INFO:root:Requested resource: /css/style.css?v=1
INFO:root:Requested resource: /js/script.js?v=1
INFO:root:Requested resource: /ico/favicon.png
INFO:root:Requested resource: /ico/favicon.png
INFO:root:Requested resource: /contact/
INFO:root:Requested resource: /css/style.css?v=1
INFO:root:Requested resource: /js/script.js?v=1
INFO:root:Requested resource: /ico/favicon.png
INFO:root:Requested resource: /ico/favicon.png
INFO:root:Requested resource: /
INFO:root:Requested resource: /css/style.css?v=1
INFO:root:Requested resource: /js/script.js?v=1
INFO:root:Requested resource: /ico/favicon.png
INFO:root:Requested resource: /
INFO:root:Requested resource: /css/style.css?v=1
INFO:root:Requested resource: /js/script.js?v=1
INFO:root:Requested resource: /img/logya.png
INFO:root:Requested resource: /rss.xml
INFO:root:Requested resource: /
INFO:root:Requested resource: /css/style.css?v=1
INFO:root:Requested resource: /js/script.js?v=1
INFO:root:Requested resource: /img/logya.png
INFO:root:Requested resource: /about/
INFO:root:Requested resource: /css/style.css?v=1
INFO:root:Requested resource: /js/script.js?v=1
INFO:root:Requested resource: /contact/
INFO:root:Requested resource: /css/style.css?v=1
INFO:root:Requested resource: /js/script.js?v=1
INFO:root:Requested resource: /
INFO:root:Requested resource: /css/style.css
INFO:root:Requested resource: /js/script.js
INFO:root:Requested resource: /img/logya.png
INFO:root:Requested resource: /sourcefile
INFO:root:Requested resource: /favicon.ico
INFO:root:Requested resource: /favicon.ico
INFO:root:Requested resource: /sourcefile/
INFO:root:Requested resource: /css/style.css
INFO:root:Requested resource: /js/script.js
INFO:root:Requested resource: /img/logya.png
INFO:root:Requested resource: /sourcefile/
INFO:root:Requested resource: /css/style.css
INFO:root:Requested resource: /js/script.js
INFO:root:Requested resource: /sourcefile/
INFO:root:Requested resource: /
INFO:root:Requested resource: /css/style.css
INFO:root:Requested resource: /js/script.js
INFO:root:Requested resource: /sourcefile/
INFO:root:Requested resource: /
INFO:root:Requested resource: /css/style.css
INFO:root:Requested resource: /js/script.js
INFO:root:Requested resource: /img/logya.png
INFO:root:Requested resource: /filesource
INFO:root:Requested resource: /favicon.ico
INFO:root:Requested resource: /filesource/
INFO:root:Requested resource: /sourcefile/
INFO:root:Requested resource: /sourcefile/
INFO:root:Requested resource: /css/style.css
INFO:root:Requested resource: /js/script.js
INFO:root:Requested resource: /sourcefile/
INFO:root:Requested resource: /css/style.css
INFO:root:Requested resource: /js/script.js
INFO:root:Requested resource: /sourcefile/
INFO:root:Requested resource: /css/style.css
INFO:root:Requested resource: /js/script.js
INFO:root:Requested resource: /img/logya.png
INFO:root:Requested resource: /sourcefile/
INFO:root:Requested resource: /css/style.css
INFO:root:Requested resource: /js/script.js
INFO:root:Requested resource: /sourcefile/
INFO:root:Requested resource: /css/style.css
INFO:root:Requested resource: /js/script.js
INFO:root:Requested resource: /sourcefile/
INFO:root:Requested resource: /css/style.css
INFO:root:Requested resource: /js/script.js
INFO:root:Requested resource: /sourcefile/
INFO:root:Requested resource: /css/style.css
INFO:root:Requested resource: /js/script.js
INFO:root:Requested resource: /sourcefile/
INFO:root:Requested resource: /css/style.css
INFO:root:Requested resource: /js/script.js
INFO:root:Requested resource: /sourcefile/
INFO:root:Requested resource: /css/style.css
INFO:root:Requested resource: /js/script.js
INFO:root:Requested resource: /sourcefile/
INFO:root:Requested resource: /css/style.css
INFO:root:Requested resource: /js/script.js
INFO:root:Requested resource: /sourcefile/
INFO:root:Requested resource: /css/style.css
INFO:root:Requested resource: /js/script.js
INFO:root:Requested resource: /sourcefile/
INFO:root:Requested resource: /css/style.css
INFO:root:Requested resource: /js/script.js
INFO:root:Requested resource: /sourcefile/
INFO:root:Requested resource: /css/style.css
INFO:root:Requested resource: /js/script.js
INFO:root:Requested resource: /sourcefile/
INFO:root:Requested resource: /css/style.css
INFO:root:Requested resource: /js/script.js
