INFO:root:Requested resource: /
INFO:root:Requested resource: /css/style.css?v=1
INFO:root:Requested resource: /js/script.js?v=1
INFO:root:Requested resource: /ico/favicon.png
INFO:root:Requested resource: /encoding/
INFO:root:Requested resource: /css/style.css?v=1
INFO:root:Requested resource: /js/script.js?v=1
INFO:root:Requested resource: /ico/favicon.png
INFO:root:Requested resource: /encoding/
INFO:root:Requested resource: /css/style.css?v=1
INFO:root:Requested resource: /js/script.js?v=1
INFO:root:Requested resource: /ico/favicon.png
INFO:root:Requested resource: /encoding/
INFO:root:Requested resource: /encoding/
INFO:root:Requested resource: /css/style.css?v=1
INFO:root:Requested resource: /js/script.js?v=1
INFO:root:Requested resource: /ico/favicon.png
INFO:root:Requested resource: /encoding/
INFO:root:Requested resource: /encoding/
INFO:root:Requested resource: /encoding/
INFO:root:Requested resource: /css/style.css?v=1
INFO:root:Requested resource: /js/script.js?v=1
INFO:root:Requested resource: /ico/favicon.png
INFO:root:Requested resource: /
INFO:root:Requested resource: /css/style.css?v=1
INFO:root:Requested resource: /js/script.js?v=1
INFO:root:Requested resource: /ico/favicon.png
INFO:root:Requested resource: /about/
INFO:root:Requested resource: /css/style.css?v=1
INFO:root:Requested resource: /js/script.js?v=1
INFO:root:Requested resource: /ico/favicon.png
INFO:root:Requested resource: /contact/
INFO:root:Requested resource: /css/style.css?v=1
INFO:root:Requested resource: /js/script.js?v=1
INFO:root:Requested resource: /ico/favicon.png
INFO:root:Requested resource: /
INFO:root:Requested resource: /css/style.css?v=1
INFO:root:Requested resource: /js/script.js?v=1
INFO:root:Requested resource: /ico/favicon.png
INFO:root:Requested resource: /ico/favicon.png
INFO:root:Requested resource: /contact/
INFO:root:Requested resource: /css/style.css?v=1
INFO:root:Requested resource: /js/script.js?v=1
INFO:root:Requested resource: /ico/favicon.png
INFO:root:Requested resource: /ico/favicon.png
INFO:root:Requested resource: /
INFO:root:Requested resource: /css/style.css?v=1
INFO:root:Requested resource: /js/script.js?v=1
INFO:root:Requested resource: /ico/favicon.png
INFO:root:Requested resource: /
INFO:root:Requested resource: /css/style.css?v=1
INFO:root:Requested resource: /js/script.js?v=1
INFO:root:Requested resource: /img/logya.png
INFO:root:Requested resource: /rss.xml
INFO:root:Requested resource: /
INFO:root:Requested resource: /css/style.css?v=1
INFO:root:Requested resource: /js/script.js?v=1
INFO:root:Requested resource: /img/logya.png
INFO:root:Requested resource: /about/
INFO:root:Requested resource: /css/style.css?v=1
INFO:root:Requested resource: /js/script.js?v=1
INFO:root:Requested resource: /contact/
INFO:root:Requested resource: /css/style.css?v=1
INFO:root:Requested resource: /js/script.js?v=1
INFO:root:Requested resource: /
INFO:root:Requested resource: /css/style.css
INFO:root:Requested resource: /js/script.js
INFO:root:Requested resource: /img/logya.png
INFO:root:Requested resource: /sourcefile
INFO:root:Requested resource: /favicon.ico
INFO:root:Requested resource: /favicon.ico
INFO:root:Requested resource: /sourcefile/
INFO:root:Requested resource: /css/style.css
INFO:root:Requested resource: /js/script.js
INFO:root:Requested resource: /img/logya.png
INFO:root:Requested resource: /sourcefile/
INFO:root:Requested resource: /css/style.css
INFO:root:Requested resource: /js/script.js
INFO:root:Requested resource: /sourcefile/
INFO:root:Requested resource: /
INFO:root:Requested resource: /css/style.css
INFO:root:Requested resource: /js/script.js
INFO:root:Requested resource: /sourcefile/
INFO:root:Requested resource: /
INFO:root:Requested resource: /css/style.css
INFO:root:Requested resource: /js/script.js
INFO:root:Requested resource: /img/logya.png
INFO:root:Requested resource: /filesource
INFO:root:Requested resource: /favicon.ico
INFO:root:Requested resource: /filesource/
INFO:root:Requested resource: /sourcefile/
INFO:root:Requested resource: /sourcefile/
INFO:root:Requested resource: /css/style.css
INFO:root:Requested resource: /js/script.js
INFO:root:Requested resource: /sourcefile/
INFO:root:Requested resource: /css/style.css
INFO:root:Requested resource: /js/script.js
INFO:root:Requested resource: /sourcefile/
INFO:root:Requested resource: /css/style.css
INFO:root:Requested resource: /js/script.js
INFO:root:Requested resource: /img/logya.png
INFO:root:Requested resource: /sourcefile/
INFO:root:Requested resource: /css/style.css
INFO:root:Requested resource: /js/script.js
INFO:root:Requested resource: /sourcefile/
INFO:root:Requested resource: /css/style.css
INFO:root:Requested resource: /js/script.js
INFO:root:Requested resource: /sourcefile/
INFO:root:Requested resource: /css/style.css
INFO:root:Requested resource: /js/script.js
INFO:root:Requested resource: /sourcefile/
INFO:root:Requested resource: /css/style.css
INFO:root:Requested resource: /js/script.js
INFO:root:Requested resource: /sourcefile/
INFO:root:Requested resource: /css/style.css
INFO:root:Requested resource: /js/script.js
INFO:root:Requested resource: /sourcefile/
INFO:root:Requested resource: /css/style.css
INFO:root:Requested resource: /js/script.js
INFO:root:Requested resource: /sourcefile/
INFO:root:Requested resource: /css/style.css
INFO:root:Requested resource: /js/script.js
INFO:root:Requested resource: /sourcefile/
INFO:root:Requested resource: /css/style.css
INFO:root:Requested resource: /js/script.js
INFO:root:Requested resource: /sourcefile/
INFO:root:Requested resource: /css/style.css
INFO:root:Requested resource: /js/script.js
INFO:root:Requested resource: /sourcefile/
INFO:root:Requested resource: /css/style.css
INFO:root:Requested resource: /js/script.js
INFO:root:Requested resource: /sourcefile/
INFO:root:Requested resource: /css/style.css
INFO:root:Requested resource: /js/script.js
INFO:root:Requested resource: /
INFO:root:Refreshed doc at URL: /
INFO:root:Requested resource: /img/logya.png
INFO:root:src /home/ramiro/repos/pub/logya/logya/sites/starter/static/img/logya.png not newer than dest /home/ramiro/repos/pub/logya/logya/sites/starter/deploy/img/logya.png
INFO:root:Requested resource: /about/
INFO:root:Refreshed doc at URL: /about/
INFO:root:Requested resource: /about/
INFO:root:Refreshed doc at URL: /about/
INFO:root:Requested resource: /css/style.css
INFO:root:Copied file /home/ramiro/repos/pub/logya/logya/sites/starter/static/css/style.css to /home/ramiro/repos/pub/logya/logya/sites/starter/deploy/css/style.css
INFO:root:Requested resource: /js/script.js
INFO:root:src /home/ramiro/repos/pub/logya/logya/sites/starter/static/js/script.js not newer than dest /home/ramiro/repos/pub/logya/logya/sites/starter/deploy/js/script.js
INFO:root:Requested resource: /contact/
INFO:root:Refreshed doc at URL: /contact/
INFO:root:Requested resource: /css/style.css
INFO:root:src /home/ramiro/repos/pub/logya/logya/sites/starter/static/css/style.css not newer than dest /home/ramiro/repos/pub/logya/logya/sites/starter/deploy/css/style.css
INFO:root:Requested resource: /
INFO:root:Refreshed doc at URL: /
INFO:root:Requested resource: /css/style.css
INFO:root:src /home/ramiro/repos/pub/logya/logya/sites/starter/static/css/style.css not newer than dest /home/ramiro/repos/pub/logya/logya/sites/starter/deploy/css/style.css
INFO:root:Requested resource: /sample-post/
INFO:root:Refreshed doc at URL: /sample-post/
INFO:root:Requested resource: /css/style.css
INFO:root:src /home/ramiro/repos/pub/logya/logya/sites/starter/static/css/style.css not newer than dest /home/ramiro/repos/pub/logya/logya/sites/starter/deploy/css/style.css
INFO:root:Requested resource: /sample-post/
INFO:root:Refreshed doc at URL: /sample-post/
INFO:root:Requested resource: /css/style.css
INFO:root:src /home/ramiro/repos/pub/logya/logya/sites/starter/static/css/style.css not newer than dest /home/ramiro/repos/pub/logya/logya/sites/starter/deploy/css/style.css
INFO:root:Requested resource: /js/script.js
INFO:root:src /home/ramiro/repos/pub/logya/logya/sites/starter/static/js/script.js not newer than dest /home/ramiro/repos/pub/logya/logya/sites/starter/deploy/js/script.js
INFO:root:Requested resource: /
INFO:root:Refreshed doc at URL: /
INFO:root:Requested resource: /css/style.css
INFO:root:src /home/ramiro/repos/pub/logya/logya/sites/starter/static/css/style.css not newer than dest /home/ramiro/repos/pub/logya/logya/sites/starter/deploy/css/style.css
INFO:root:Requested resource: /img/logya.png
INFO:root:src /home/ramiro/repos/pub/logya/logya/sites/starter/static/img/logya.png not newer than dest /home/ramiro/repos/pub/logya/logya/sites/starter/deploy/img/logya.png
INFO:root:Requested resource: /about/
INFO:root:Refreshed doc at URL: /about/
INFO:root:Requested resource: /about/
INFO:root:Refreshed doc at URL: /about/
INFO:root:Requested resource: /css/style.css
INFO:root:src /home/ramiro/repos/pub/logya/logya/sites/starter/static/css/style.css not newer than dest /home/ramiro/repos/pub/logya/logya/sites/starter/deploy/css/style.css
INFO:root:Requested resource: /about/
INFO:root:Refreshed doc at URL: /about/
INFO:root:Requested resource: /css/style.css
INFO:root:src /home/ramiro/repos/pub/logya/logya/sites/starter/static/css/style.css not newer than dest /home/ramiro/repos/pub/logya/logya/sites/starter/deploy/css/style.css
INFO:root:Requested resource: /about/
INFO:root:Refreshed doc at URL: /about/
INFO:root:Requested resource: /css/style.css
INFO:root:src /home/ramiro/repos/pub/logya/logya/sites/starter/static/css/style.css not newer than dest /home/ramiro/repos/pub/logya/logya/sites/starter/deploy/css/style.css
INFO:root:Requested resource: /js/script.js
INFO:root:src /home/ramiro/repos/pub/logya/logya/sites/starter/static/js/script.js not newer than dest /home/ramiro/repos/pub/logya/logya/sites/starter/deploy/js/script.js
INFO:root:Requested resource: /about/
INFO:root:Refreshed doc at URL: /about/
INFO:root:Requested resource: /css/style.css
INFO:root:src /home/ramiro/repos/pub/logya/logya/sites/starter/static/css/style.css not newer than dest /home/ramiro/repos/pub/logya/logya/sites/starter/deploy/css/style.css
INFO:root:Requested resource: /contact/
INFO:root:Refreshed doc at URL: /contact/
INFO:root:Requested resource: /js/script.js
INFO:root:src /home/ramiro/repos/pub/logya/logya/sites/starter/static/js/script.js not newer than dest /home/ramiro/repos/pub/logya/logya/sites/starter/deploy/js/script.js
INFO:root:Requested resource: /
INFO:root:Refreshed doc at URL: /
INFO:root:Requested resource: /sample-post/
INFO:root:Refreshed doc at URL: /sample-post/
INFO:root:Requested resource: /sample-post/
INFO:root:Refreshed doc at URL: /sample-post/
INFO:root:Requested resource: /css/style.css
INFO:root:src /home/ramiro/repos/pub/logya/logya/sites/starter/static/css/style.css not newer than dest /home/ramiro/repos/pub/logya/logya/sites/starter/deploy/css/style.css
INFO:root:Requested resource: /js/script.js
INFO:root:src /home/ramiro/repos/pub/logya/logya/sites/starter/static/js/script.js not newer than dest /home/ramiro/repos/pub/logya/logya/sites/starter/deploy/js/script.js
